[0.550s] DEBUG:colcon:Command line arguments: ['/usr/bin/colcon', 'build']
[0.550s] DEBUG:colcon:Parsed command line arguments: Namespace(log_base=None, log_level=None, verb_name='build', build_base='build', install_base='install', merge_install=False, symlink_install=False, test_result_base=None, continue_on_error=False, executor='parallel', parallel_workers=4, event_handlers=None, ignore_user_meta=False, metas=['./colcon.meta'], base_paths=['.'], packages_ignore=None, packages_ignore_regex=None, paths=None, packages_up_to=None, packages_up_to_regex=None, packages_above=None, packages_above_and_dependencies=None, packages_above_depth=None, packages_select_by_dep=None, packages_skip_by_dep=None, packages_skip_up_to=None, packages_select_build_failed=False, packages_skip_build_finished=False, packages_select_test_failures=False, packages_skip_test_passed=False, packages_select=None, packages_skip=None, packages_select_regex=None, packages_skip_regex=None, packages_start=None, packages_end=None, allow_overriding=[], cmake_args=None, cmake_target=None, cmake_target_skip_unavailable=False, cmake_clean_cache=False, cmake_clean_first=False, cmake_force_configure=False, ament_cmake_args=None, catkin_cmake_args=None, catkin_skip_building_tests=False, mixin_files=None, mixin=None, verb_parser=<colcon_mixin.mixin.mixin_argument.MixinArgumentDecorator object at 0xffff989ea830>, verb_extension=<colcon_core.verb.build.BuildVerb object at 0xffff98adee90>, main=<bound method BuildVerb.main of <colcon_core.verb.build.BuildVerb object at 0xffff98adee90>>, mixin_verb=('build',))
[1.572s] Level 1:colcon.colcon_core.package_discovery:discover_packages(colcon_meta) check parameters
[1.573s] Level 1:colcon.colcon_core.package_discovery:discover_packages(recursive) check parameters
[1.573s] Level 1:colcon.colcon_core.package_discovery:discover_packages(ignore) check parameters
[1.573s] Level 1:colcon.colcon_core.package_discovery:discover_packages(path) check parameters
[1.573s] Level 1:colcon.colcon_core.package_discovery:discover_packages(colcon_meta) discover
[1.574s] Level 1:colcon.colcon_core.package_discovery:discover_packages(recursive) discover
[1.574s] INFO:colcon.colcon_core.package_discovery:Crawling recursively for packages in '/home/pi/ros2_ws'
[1.574s] Level 1:colcon.colcon_core.package_identification:_identify(.) by extensions ['ignore', 'ignore_ament_install']
[1.575s] Level 1:colcon.colcon_core.package_identification:_identify(.) by extension 'ignore'
[1.575s] Level 1:colcon.colcon_core.package_identification:_identify(.) by extension 'ignore_ament_install'
[1.575s] Level 1:colcon.colcon_core.package_identification:_identify(.) by extensions ['colcon_pkg']
[1.575s] Level 1:colcon.colcon_core.package_identification:_identify(.) by extension 'colcon_pkg'
[1.575s] Level 1:colcon.colcon_core.package_identification:_identify(.) by extensions ['colcon_meta']
[1.576s] Level 1:colcon.colcon_core.package_identification:_identify(.) by extension 'colcon_meta'
[1.576s] Level 1:colcon.colcon_core.package_identification:_identify(.) by extensions ['ros']
[1.576s] Level 1:colcon.colcon_core.package_identification:_identify(.) by extension 'ros'
[1.625s] Level 1:colcon.colcon_core.package_identification:_identify(.) by extensions ['cmake', 'python']
[1.626s] Level 1:colcon.colcon_core.package_identification:_identify(.) by extension 'cmake'
[1.626s] Level 1:colcon.colcon_core.package_identification:_identify(.) by extension 'python'
[1.626s] Level 1:colcon.colcon_core.package_identification:_identify(.) by extensions ['python_setup_py']
[1.626s] Level 1:colcon.colcon_core.package_identification:_identify(.) by extension 'python_setup_py'
[1.627s] Level 1:colcon.colcon_core.package_identification:_identify(build) by extensions ['ignore', 'ignore_ament_install']
[1.627s] Level 1:colcon.colcon_core.package_identification:_identify(build) by extension 'ignore'
[1.628s] Level 1:colcon.colcon_core.package_identification:_identify(build) ignored
[1.628s] Level 1:colcon.colcon_core.package_identification:_identify(install) by extensions ['ignore', 'ignore_ament_install']
[1.629s] Level 1:colcon.colcon_core.package_identification:_identify(install) by extension 'ignore'
[1.629s] Level 1:colcon.colcon_core.package_identification:_identify(install) ignored
[1.630s] Level 1:colcon.colcon_core.package_identification:_identify(log) by extensions ['ignore', 'ignore_ament_install']
[1.630s] Level 1:colcon.colcon_core.package_identification:_identify(log) by extension 'ignore'
[1.630s] Level 1:colcon.colcon_core.package_identification:_identify(log) ignored
[1.631s] Level 1:colcon.colcon_core.package_identification:_identify(src) by extensions ['ignore', 'ignore_ament_install']
[1.631s] Level 1:colcon.colcon_core.package_identification:_identify(src) by extension 'ignore'
[1.631s] Level 1:colcon.colcon_core.package_identification:_identify(src) by extension 'ignore_ament_install'
[1.632s] Level 1:colcon.colcon_core.package_identification:_identify(src) by extensions ['colcon_pkg']
[1.632s] Level 1:colcon.colcon_core.package_identification:_identify(src) by extension 'colcon_pkg'
[1.632s] Level 1:colcon.colcon_core.package_identification:_identify(src) by extensions ['colcon_meta']
[1.632s] Level 1:colcon.colcon_core.package_identification:_identify(src) by extension 'colcon_meta'
[1.632s] Level 1:colcon.colcon_core.package_identification:_identify(src) by extensions ['ros']
[1.632s] Level 1:colcon.colcon_core.package_identification:_identify(src) by extension 'ros'
[1.633s] Level 1:colcon.colcon_core.package_identification:_identify(src) by extensions ['cmake', 'python']
[1.633s] Level 1:colcon.colcon_core.package_identification:_identify(src) by extension 'cmake'
[1.633s] Level 1:colcon.colcon_core.package_identification:_identify(src) by extension 'python'
[1.633s] Level 1:colcon.colcon_core.package_identification:_identify(src) by extensions ['python_setup_py']
[1.633s] Level 1:colcon.colcon_core.package_identification:_identify(src) by extension 'python_setup_py'
[1.634s] Level 1:colcon.colcon_core.package_identification:_identify(src/articubot_one) by extensions ['ignore', 'ignore_ament_install']
[1.634s] Level 1:colcon.colcon_core.package_identification:_identify(src/articubot_one) by extension 'ignore'
[1.635s] Level 1:colcon.colcon_core.package_identification:_identify(src/articubot_one) by extension 'ignore_ament_install'
[1.635s] Level 1:colcon.colcon_core.package_identification:_identify(src/articubot_one) by extensions ['colcon_pkg']
[1.635s] Level 1:colcon.colcon_core.package_identification:_identify(src/articubot_one) by extension 'colcon_pkg'
[1.635s] Level 1:colcon.colcon_core.package_identification:_identify(src/articubot_one) by extensions ['colcon_meta']
[1.635s] Level 1:colcon.colcon_core.package_identification:_identify(src/articubot_one) by extension 'colcon_meta'
[1.636s] Level 1:colcon.colcon_core.package_identification:_identify(src/articubot_one) by extensions ['ros']
[1.636s] Level 1:colcon.colcon_core.package_identification:_identify(src/articubot_one) by extension 'ros'
[1.645s] DEBUG:colcon.colcon_core.package_identification:Package 'src/articubot_one' with type 'ros.ament_cmake' and name 'articubot_one'
[1.646s] Level 1:colcon.colcon_core.package_identification:_identify(src/diffdrive_arduino) by extensions ['ignore', 'ignore_ament_install']
[1.647s] Level 1:colcon.colcon_core.package_identification:_identify(src/diffdrive_arduino) by extension 'ignore'
[1.647s] Level 1:colcon.colcon_core.package_identification:_identify(src/diffdrive_arduino) by extension 'ignore_ament_install'
[1.647s] Level 1:colcon.colcon_core.package_identification:_identify(src/diffdrive_arduino) by extensions ['colcon_pkg']
[1.647s] Level 1:colcon.colcon_core.package_identification:_identify(src/diffdrive_arduino) by extension 'colcon_pkg'
[1.648s] Level 1:colcon.colcon_core.package_identification:_identify(src/diffdrive_arduino) by extensions ['colcon_meta']
[1.648s] Level 1:colcon.colcon_core.package_identification:_identify(src/diffdrive_arduino) by extension 'colcon_meta'
[1.648s] Level 1:colcon.colcon_core.package_identification:_identify(src/diffdrive_arduino) by extensions ['ros']
[1.648s] Level 1:colcon.colcon_core.package_identification:_identify(src/diffdrive_arduino) by extension 'ros'
[1.652s] DEBUG:colcon.colcon_core.package_identification:Package 'src/diffdrive_arduino' with type 'ros.ament_cmake' and name 'diffdrive_arduino'
[1.653s] Level 1:colcon.colcon_core.package_identification:_identify(src/serial) by extensions ['ignore', 'ignore_ament_install']
[1.653s] Level 1:colcon.colcon_core.package_identification:_identify(src/serial) by extension 'ignore'
[1.654s] Level 1:colcon.colcon_core.package_identification:_identify(src/serial) by extension 'ignore_ament_install'
[1.654s] Level 1:colcon.colcon_core.package_identification:_identify(src/serial) by extensions ['colcon_pkg']
[1.654s] Level 1:colcon.colcon_core.package_identification:_identify(src/serial) by extension 'colcon_pkg'
[1.654s] Level 1:colcon.colcon_core.package_identification:_identify(src/serial) by extensions ['colcon_meta']
[1.654s] Level 1:colcon.colcon_core.package_identification:_identify(src/serial) by extension 'colcon_meta'
[1.655s] Level 1:colcon.colcon_core.package_identification:_identify(src/serial) by extensions ['ros']
[1.655s] Level 1:colcon.colcon_core.package_identification:_identify(src/serial) by extension 'ros'
[1.657s] DEBUG:colcon.colcon_core.package_identification:Package 'src/serial' with type 'ros.ament_cmake' and name 'serial'
[1.658s] Level 1:colcon.colcon_core.package_identification:_identify(src/serial_motor_demo) by extensions ['ignore', 'ignore_ament_install']
[1.658s] Level 1:colcon.colcon_core.package_identification:_identify(src/serial_motor_demo) by extension 'ignore'
[1.659s] Level 1:colcon.colcon_core.package_identification:_identify(src/serial_motor_demo) by extension 'ignore_ament_install'
[1.659s] Level 1:colcon.colcon_core.package_identification:_identify(src/serial_motor_demo) by extensions ['colcon_pkg']
[1.659s] Level 1:colcon.colcon_core.package_identification:_identify(src/serial_motor_demo) by extension 'colcon_pkg'
[1.659s] Level 1:colcon.colcon_core.package_identification:_identify(src/serial_motor_demo) by extensions ['colcon_meta']
[1.659s] Level 1:colcon.colcon_core.package_identification:_identify(src/serial_motor_demo) by extension 'colcon_meta'
[1.660s] Level 1:colcon.colcon_core.package_identification:_identify(src/serial_motor_demo) by extensions ['ros']
[1.660s] Level 1:colcon.colcon_core.package_identification:_identify(src/serial_motor_demo) by extension 'ros'
[1.660s] Level 1:colcon.colcon_core.package_identification:_identify(src/serial_motor_demo) by extensions ['cmake', 'python']
[1.660s] Level 1:colcon.colcon_core.package_identification:_identify(src/serial_motor_demo) by extension 'cmake'
[1.660s] Level 1:colcon.colcon_core.package_identification:_identify(src/serial_motor_demo) by extension 'python'
[1.661s] Level 1:colcon.colcon_core.package_identification:_identify(src/serial_motor_demo) by extensions ['python_setup_py']
[1.661s] Level 1:colcon.colcon_core.package_identification:_identify(src/serial_motor_demo) by extension 'python_setup_py'
[1.661s] Level 1:colcon.colcon_core.package_identification:_identify(src/serial_motor_demo/serial_motor_demo) by extensions ['ignore', 'ignore_ament_install']
[1.662s] Level 1:colcon.colcon_core.package_identification:_identify(src/serial_motor_demo/serial_motor_demo) by extension 'ignore'
[1.662s] Level 1:colcon.colcon_core.package_identification:_identify(src/serial_motor_demo/serial_motor_demo) by extension 'ignore_ament_install'
[1.662s] Level 1:colcon.colcon_core.package_identification:_identify(src/serial_motor_demo/serial_motor_demo) by extensions ['colcon_pkg']
[1.662s] Level 1:colcon.colcon_core.package_identification:_identify(src/serial_motor_demo/serial_motor_demo) by extension 'colcon_pkg'
[1.662s] Level 1:colcon.colcon_core.package_identification:_identify(src/serial_motor_demo/serial_motor_demo) by extensions ['colcon_meta']
[1.663s] Level 1:colcon.colcon_core.package_identification:_identify(src/serial_motor_demo/serial_motor_demo) by extension 'colcon_meta'
[1.663s] Level 1:colcon.colcon_core.package_identification:_identify(src/serial_motor_demo/serial_motor_demo) by extensions ['ros']
[1.663s] Level 1:colcon.colcon_core.package_identification:_identify(src/serial_motor_demo/serial_motor_demo) by extension 'ros'
[1.666s] DEBUG:colcon.colcon_core.package_identification:Package 'src/serial_motor_demo/serial_motor_demo' with type 'ros.ament_python' and name 'serial_motor_demo'
[1.667s] Level 1:colcon.colcon_core.package_identification:_identify(src/serial_motor_demo/serial_motor_demo_msgs) by extensions ['ignore', 'ignore_ament_install']
[1.667s] Level 1:colcon.colcon_core.package_identification:_identify(src/serial_motor_demo/serial_motor_demo_msgs) by extension 'ignore'
[1.667s] Level 1:colcon.colcon_core.package_identification:_identify(src/serial_motor_demo/serial_motor_demo_msgs) by extension 'ignore_ament_install'
[1.667s] Level 1:colcon.colcon_core.package_identification:_identify(src/serial_motor_demo/serial_motor_demo_msgs) by extensions ['colcon_pkg']
[1.668s] Level 1:colcon.colcon_core.package_identification:_identify(src/serial_motor_demo/serial_motor_demo_msgs) by extension 'colcon_pkg'
[1.668s] Level 1:colcon.colcon_core.package_identification:_identify(src/serial_motor_demo/serial_motor_demo_msgs) by extensions ['colcon_meta']
[1.668s] Level 1:colcon.colcon_core.package_identification:_identify(src/serial_motor_demo/serial_motor_demo_msgs) by extension 'colcon_meta'
[1.668s] Level 1:colcon.colcon_core.package_identification:_identify(src/serial_motor_demo/serial_motor_demo_msgs) by extensions ['ros']
[1.668s] Level 1:colcon.colcon_core.package_identification:_identify(src/serial_motor_demo/serial_motor_demo_msgs) by extension 'ros'
[1.671s] DEBUG:colcon.colcon_core.package_identification:Package 'src/serial_motor_demo/serial_motor_demo_msgs' with type 'ros.ament_cmake' and name 'serial_motor_demo_msgs'
[1.671s] Level 1:colcon.colcon_core.package_discovery:discover_packages(recursive) using defaults
[1.671s] Level 1:colcon.colcon_core.package_discovery:discover_packages(ignore) discover
[1.672s] Level 1:colcon.colcon_core.package_discovery:discover_packages(ignore) using defaults
[1.672s] Level 1:colcon.colcon_core.package_discovery:discover_packages(path) discover
[1.672s] Level 1:colcon.colcon_core.package_discovery:discover_packages(path) using defaults
[1.801s] Level 1:colcon.colcon_core.package_discovery:discover_packages(prefix_path) check parameters
[1.801s] Level 1:colcon.colcon_core.package_discovery:discover_packages(prefix_path) discover
[1.812s] DEBUG:colcon.colcon_installed_package_information.package_discovery:Found 5 installed packages in /home/pi/ros2_ws/install
[1.825s] DEBUG:colcon.colcon_installed_package_information.package_discovery:Found 335 installed packages in /opt/ros/humble
[1.834s] Level 1:colcon.colcon_core.package_discovery:discover_packages(prefix_path) using defaults
[2.067s] Level 5:colcon.colcon_core.verb:set package 'articubot_one' build argument 'cmake_args' from command line to 'None'
[2.067s] Level 5:colcon.colcon_core.verb:set package 'articubot_one' build argument 'cmake_target' from command line to 'None'
[2.067s] Level 5:colcon.colcon_core.verb:set package 'articubot_one' build argument 'cmake_target_skip_unavailable' from command line to 'False'
[2.067s] Level 5:colcon.colcon_core.verb:set package 'articubot_one' build argument 'cmake_clean_cache' from command line to 'False'
[2.067s] Level 5:colcon.colcon_core.verb:set package 'articubot_one' build argument 'cmake_clean_first' from command line to 'False'
[2.067s] Level 5:colcon.colcon_core.verb:set package 'articubot_one' build argument 'cmake_force_configure' from command line to 'False'
[2.068s] Level 5:colcon.colcon_core.verb:set package 'articubot_one' build argument 'ament_cmake_args' from command line to 'None'
[2.068s] Level 5:colcon.colcon_core.verb:set package 'articubot_one' build argument 'catkin_cmake_args' from command line to 'None'
[2.068s] Level 5:colcon.colcon_core.verb:set package 'articubot_one' build argument 'catkin_skip_building_tests' from command line to 'False'
[2.068s] DEBUG:colcon.colcon_core.verb:Building package 'articubot_one' with the following arguments: {'ament_cmake_args': None, 'build_base': '/home/pi/ros2_ws/build/articubot_one', 'catkin_cmake_args': None, 'catkin_skip_building_tests': False, 'cmake_args': None, 'cmake_clean_cache': False, 'cmake_clean_first': False, 'cmake_force_configure': False, 'cmake_target': None, 'cmake_target_skip_unavailable': False, 'install_base': '/home/pi/ros2_ws/install/articubot_one', 'merge_install': False, 'path': '/home/pi/ros2_ws/src/articubot_one', 'symlink_install': False, 'test_result_base': None}
[2.070s] Level 5:colcon.colcon_core.verb:set package 'serial' build argument 'cmake_args' from command line to 'None'
[2.070s] Level 5:colcon.colcon_core.verb:set package 'serial' build argument 'cmake_target' from command line to 'None'
[2.070s] Level 5:colcon.colcon_core.verb:set package 'serial' build argument 'cmake_target_skip_unavailable' from command line to 'False'
[2.070s] Level 5:colcon.colcon_core.verb:set package 'serial' build argument 'cmake_clean_cache' from command line to 'False'
[2.070s] Level 5:colcon.colcon_core.verb:set package 'serial' build argument 'cmake_clean_first' from command line to 'False'
[2.070s] Level 5:colcon.colcon_core.verb:set package 'serial' build argument 'cmake_force_configure' from command line to 'False'
[2.070s] Level 5:colcon.colcon_core.verb:set package 'serial' build argument 'ament_cmake_args' from command line to 'None'
[2.071s] Level 5:colcon.colcon_core.verb:set package 'serial' build argument 'catkin_cmake_args' from command line to 'None'
[2.071s] Level 5:colcon.colcon_core.verb:set package 'serial' build argument 'catkin_skip_building_tests' from command line to 'False'
[2.071s] DEBUG:colcon.colcon_core.verb:Building package 'serial' with the following arguments: {'ament_cmake_args': None, 'build_base': '/home/pi/ros2_ws/build/serial', 'catkin_cmake_args': None, 'catkin_skip_building_tests': False, 'cmake_args': None, 'cmake_clean_cache': False, 'cmake_clean_first': False, 'cmake_force_configure': False, 'cmake_target': None, 'cmake_target_skip_unavailable': False, 'install_base': '/home/pi/ros2_ws/install/serial', 'merge_install': False, 'path': '/home/pi/ros2_ws/src/serial', 'symlink_install': False, 'test_result_base': None}
[2.073s] Level 5:colcon.colcon_core.verb:set package 'serial_motor_demo_msgs' build argument 'cmake_args' from command line to 'None'
[2.073s] Level 5:colcon.colcon_core.verb:set package 'serial_motor_demo_msgs' build argument 'cmake_target' from command line to 'None'
[2.073s] Level 5:colcon.colcon_core.verb:set package 'serial_motor_demo_msgs' build argument 'cmake_target_skip_unavailable' from command line to 'False'
[2.073s] Level 5:colcon.colcon_core.verb:set package 'serial_motor_demo_msgs' build argument 'cmake_clean_cache' from command line to 'False'
[2.073s] Level 5:colcon.colcon_core.verb:set package 'serial_motor_demo_msgs' build argument 'cmake_clean_first' from command line to 'False'
[2.073s] Level 5:colcon.colcon_core.verb:set package 'serial_motor_demo_msgs' build argument 'cmake_force_configure' from command line to 'False'
[2.073s] Level 5:colcon.colcon_core.verb:set package 'serial_motor_demo_msgs' build argument 'ament_cmake_args' from command line to 'None'
[2.073s] Level 5:colcon.colcon_core.verb:set package 'serial_motor_demo_msgs' build argument 'catkin_cmake_args' from command line to 'None'
[2.074s] Level 5:colcon.colcon_core.verb:set package 'serial_motor_demo_msgs' build argument 'catkin_skip_building_tests' from command line to 'False'
[2.074s] DEBUG:colcon.colcon_core.verb:Building package 'serial_motor_demo_msgs' with the following arguments: {'ament_cmake_args': None, 'build_base': '/home/pi/ros2_ws/build/serial_motor_demo_msgs', 'catkin_cmake_args': None, 'catkin_skip_building_tests': False, 'cmake_args': None, 'cmake_clean_cache': False, 'cmake_clean_first': False, 'cmake_force_configure': False, 'cmake_target': None, 'cmake_target_skip_unavailable': False, 'install_base': '/home/pi/ros2_ws/install/serial_motor_demo_msgs', 'merge_install': False, 'path': '/home/pi/ros2_ws/src/serial_motor_demo/serial_motor_demo_msgs', 'symlink_install': False, 'test_result_base': None}
[2.076s] Level 5:colcon.colcon_core.verb:set package 'diffdrive_arduino' build argument 'cmake_args' from command line to 'None'
[2.076s] Level 5:colcon.colcon_core.verb:set package 'diffdrive_arduino' build argument 'cmake_target' from command line to 'None'
[2.076s] Level 5:colcon.colcon_core.verb:set package 'diffdrive_arduino' build argument 'cmake_target_skip_unavailable' from command line to 'False'
[2.076s] Level 5:colcon.colcon_core.verb:set package 'diffdrive_arduino' build argument 'cmake_clean_cache' from command line to 'False'
[2.076s] Level 5:colcon.colcon_core.verb:set package 'diffdrive_arduino' build argument 'cmake_clean_first' from command line to 'False'
[2.076s] Level 5:colcon.colcon_core.verb:set package 'diffdrive_arduino' build argument 'cmake_force_configure' from command line to 'False'
[2.076s] Level 5:colcon.colcon_core.verb:set package 'diffdrive_arduino' build argument 'ament_cmake_args' from command line to 'None'
[2.077s] Level 5:colcon.colcon_core.verb:set package 'diffdrive_arduino' build argument 'catkin_cmake_args' from command line to 'None'
[2.077s] Level 5:colcon.colcon_core.verb:set package 'diffdrive_arduino' build argument 'catkin_skip_building_tests' from command line to 'False'
[2.077s] DEBUG:colcon.colcon_core.verb:Building package 'diffdrive_arduino' with the following arguments: {'ament_cmake_args': None, 'build_base': '/home/pi/ros2_ws/build/diffdrive_arduino', 'catkin_cmake_args': None, 'catkin_skip_building_tests': False, 'cmake_args': None, 'cmake_clean_cache': False, 'cmake_clean_first': False, 'cmake_force_configure': False, 'cmake_target': None, 'cmake_target_skip_unavailable': False, 'install_base': '/home/pi/ros2_ws/install/diffdrive_arduino', 'merge_install': False, 'path': '/home/pi/ros2_ws/src/diffdrive_arduino', 'symlink_install': False, 'test_result_base': None}
[2.079s] Level 5:colcon.colcon_core.verb:set package 'serial_motor_demo' build argument 'cmake_args' from command line to 'None'
[2.079s] Level 5:colcon.colcon_core.verb:set package 'serial_motor_demo' build argument 'cmake_target' from command line to 'None'
[2.079s] Level 5:colcon.colcon_core.verb:set package 'serial_motor_demo' build argument 'cmake_target_skip_unavailable' from command line to 'False'
[2.079s] Level 5:colcon.colcon_core.verb:set package 'serial_motor_demo' build argument 'cmake_clean_cache' from command line to 'False'
[2.079s] Level 5:colcon.colcon_core.verb:set package 'serial_motor_demo' build argument 'cmake_clean_first' from command line to 'False'
[2.079s] Level 5:colcon.colcon_core.verb:set package 'serial_motor_demo' build argument 'cmake_force_configure' from command line to 'False'
[2.079s] Level 5:colcon.colcon_core.verb:set package 'serial_motor_demo' build argument 'ament_cmake_args' from command line to 'None'
[2.080s] Level 5:colcon.colcon_core.verb:set package 'serial_motor_demo' build argument 'catkin_cmake_args' from command line to 'None'
[2.080s] Level 5:colcon.colcon_core.verb:set package 'serial_motor_demo' build argument 'catkin_skip_building_tests' from command line to 'False'
[2.080s] DEBUG:colcon.colcon_core.verb:Building package 'serial_motor_demo' with the following arguments: {'ament_cmake_args': None, 'build_base': '/home/pi/ros2_ws/build/serial_motor_demo', 'catkin_cmake_args': None, 'catkin_skip_building_tests': False, 'cmake_args': None, 'cmake_clean_cache': False, 'cmake_clean_first': False, 'cmake_force_configure': False, 'cmake_target': None, 'cmake_target_skip_unavailable': False, 'install_base': '/home/pi/ros2_ws/install/serial_motor_demo', 'merge_install': False, 'path': '/home/pi/ros2_ws/src/serial_motor_demo/serial_motor_demo', 'symlink_install': False, 'test_result_base': None}
[2.081s] INFO:colcon.colcon_core.executor:Executing jobs using 'parallel' executor
[2.084s] DEBUG:colcon.colcon_parallel_executor.executor.parallel:run_until_complete
[2.085s] INFO:colcon.colcon_ros.task.ament_cmake.build:Building ROS package in '/home/pi/ros2_ws/src/serial' with build type 'ament_cmake'
[2.085s] INFO:colcon.colcon_cmake.task.cmake.build:Building CMake package in '/home/pi/ros2_ws/src/serial'
[2.096s] INFO:colcon.colcon_core.plugin_system:Skipping extension 'colcon_core.shell.bat': Not used on non-Windows systems
[2.097s] INFO:colcon.colcon_core.shell:Skip shell extension 'powershell' for command environment: Not usable outside of PowerShell
[2.098s] DEBUG:colcon.colcon_core.shell:Skip shell extension 'dsv' for command environment
[2.123s] INFO:colcon.colcon_ros.task.ament_cmake.build:Building ROS package in '/home/pi/ros2_ws/src/serial_motor_demo/serial_motor_demo_msgs' with build type 'ament_cmake'
[2.124s] INFO:colcon.colcon_cmake.task.cmake.build:Building CMake package in '/home/pi/ros2_ws/src/serial_motor_demo/serial_motor_demo_msgs'
[2.125s] INFO:colcon.colcon_core.shell:Skip shell extension 'powershell' for command environment: Not usable outside of PowerShell
[2.125s] DEBUG:colcon.colcon_core.shell:Skip shell extension 'dsv' for command environment
[2.151s] INFO:colcon.colcon_ros.task.ament_cmake.build:Building ROS package in '/home/pi/ros2_ws/src/articubot_one' with build type 'ament_cmake'
[2.151s] INFO:colcon.colcon_cmake.task.cmake.build:Building CMake package in '/home/pi/ros2_ws/src/articubot_one'
[2.152s] INFO:colcon.colcon_core.shell:Skip shell extension 'powershell' for command environment: Not usable outside of PowerShell
[2.153s] DEBUG:colcon.colcon_core.shell:Skip shell extension 'dsv' for command environment
[2.197s] DEBUG:colcon.colcon_core.event_handler.log_command:Invoking command in '/home/pi/ros2_ws/build/serial': CMAKE_PREFIX_PATH=${CMAKE_PREFIX_PATH}:/home/pi/ros2_ws/install/serial_motor_demo:/opt/ros/humble /usr/bin/cmake --build /home/pi/ros2_ws/build/serial -- -j4 -l4
[2.227s] DEBUG:colcon.colcon_core.event_handler.log_command:Invoking command in '/home/pi/ros2_ws/build/serial_motor_demo_msgs': CMAKE_PREFIX_PATH=${CMAKE_PREFIX_PATH}:/home/pi/ros2_ws/install/serial_motor_demo:/opt/ros/humble /usr/bin/cmake --build /home/pi/ros2_ws/build/serial_motor_demo_msgs -- -j4 -l4
[2.252s] DEBUG:colcon.colcon_core.event_handler.log_command:Invoking command in '/home/pi/ros2_ws/build/articubot_one': CMAKE_PREFIX_PATH=${CMAKE_PREFIX_PATH}:/home/pi/ros2_ws/install/serial_motor_demo:/opt/ros/humble /usr/bin/cmake --build /home/pi/ros2_ws/build/articubot_one -- -j4 -l4
[2.501s] DEBUG:colcon.colcon_core.event_handler.log_command:Invoked command in '/home/pi/ros2_ws/build/articubot_one' returned '0': CMAKE_PREFIX_PATH=${CMAKE_PREFIX_PATH}:/home/pi/ros2_ws/install/serial_motor_demo:/opt/ros/humble /usr/bin/cmake --build /home/pi/ros2_ws/build/articubot_one -- -j4 -l4
[2.933s] DEBUG:colcon.colcon_core.event_handler.log_command:Invoking command in '/home/pi/ros2_ws/build/articubot_one': CMAKE_PREFIX_PATH=${CMAKE_PREFIX_PATH}:/home/pi/ros2_ws/install/serial_motor_demo:/opt/ros/humble /usr/bin/cmake --install /home/pi/ros2_ws/build/articubot_one
[3.066s] DEBUG:colcon.colcon_core.event_handler.log_command:Invoked command in '/home/pi/ros2_ws/build/serial' returned '0': CMAKE_PREFIX_PATH=${CMAKE_PREFIX_PATH}:/home/pi/ros2_ws/install/serial_motor_demo:/opt/ros/humble /usr/bin/cmake --build /home/pi/ros2_ws/build/serial -- -j4 -l4
[3.069s] Level 1:colcon.colcon_core.environment:create_environment_scripts_only(articubot_one)
[3.087s] Level 1:colcon.colcon_core.environment:checking '/home/pi/ros2_ws/install/articubot_one' for CMake module files
[3.092s] DEBUG:colcon.colcon_core.event_handler.log_command:Invoked command in '/home/pi/ros2_ws/build/articubot_one' returned '0': CMAKE_PREFIX_PATH=${CMAKE_PREFIX_PATH}:/home/pi/ros2_ws/install/serial_motor_demo:/opt/ros/humble /usr/bin/cmake --install /home/pi/ros2_ws/build/articubot_one
[3.094s] Level 1:colcon.colcon_core.environment:checking '/home/pi/ros2_ws/install/articubot_one' for CMake config files
[3.096s] Level 1:colcon.colcon_core.shell:create_environment_hook('articubot_one', 'cmake_prefix_path')
[3.097s] INFO:colcon.colcon_core.shell:Creating environment hook '/home/pi/ros2_ws/install/articubot_one/share/articubot_one/hook/cmake_prefix_path.ps1'
[3.102s] INFO:colcon.colcon_core.shell:Creating environment descriptor '/home/pi/ros2_ws/install/articubot_one/share/articubot_one/hook/cmake_prefix_path.dsv'
[3.108s] INFO:colcon.colcon_core.shell:Creating environment hook '/home/pi/ros2_ws/install/articubot_one/share/articubot_one/hook/cmake_prefix_path.sh'
[3.113s] Level 1:colcon.colcon_core.environment:checking '/home/pi/ros2_ws/install/articubot_one/bin'
[3.114s] Level 1:colcon.colcon_core.environment:checking '/home/pi/ros2_ws/install/articubot_one/lib/pkgconfig/articubot_one.pc'
[3.116s] Level 1:colcon.colcon_core.environment:checking '/home/pi/ros2_ws/install/articubot_one/lib/python3.10/site-packages'
[3.118s] Level 1:colcon.colcon_core.environment:checking '/home/pi/ros2_ws/install/articubot_one/bin'
[3.119s] INFO:colcon.colcon_core.shell:Creating package script '/home/pi/ros2_ws/install/articubot_one/share/articubot_one/package.ps1'
[3.124s] INFO:colcon.colcon_core.shell:Creating package descriptor '/home/pi/ros2_ws/install/articubot_one/share/articubot_one/package.dsv'
[3.127s] INFO:colcon.colcon_core.shell:Creating package script '/home/pi/ros2_ws/install/articubot_one/share/articubot_one/package.sh'
[3.131s] INFO:colcon.colcon_core.shell:Creating package script '/home/pi/ros2_ws/install/articubot_one/share/articubot_one/package.bash'
[3.136s] INFO:colcon.colcon_core.shell:Creating package script '/home/pi/ros2_ws/install/articubot_one/share/articubot_one/package.zsh'
[3.141s] Level 1:colcon.colcon_core.environment:create_file_with_runtime_dependencies(/home/pi/ros2_ws/install/articubot_one/share/colcon-core/packages/articubot_one)
[3.294s] Level 1:colcon.colcon_core.environment:create_environment_scripts_only(articubot_one)
[3.295s] Level 1:colcon.colcon_core.environment:checking '/home/pi/ros2_ws/install/articubot_one' for CMake module files
[3.299s] Level 1:colcon.colcon_core.environment:checking '/home/pi/ros2_ws/install/articubot_one' for CMake config files
[3.302s] Level 1:colcon.colcon_core.shell:create_environment_hook('articubot_one', 'cmake_prefix_path')
[3.303s] INFO:colcon.colcon_core.shell:Creating environment hook '/home/pi/ros2_ws/install/articubot_one/share/articubot_one/hook/cmake_prefix_path.ps1'
[3.309s] INFO:colcon.colcon_core.shell:Creating environment descriptor '/home/pi/ros2_ws/install/articubot_one/share/articubot_one/hook/cmake_prefix_path.dsv'
[3.312s] INFO:colcon.colcon_core.shell:Creating environment hook '/home/pi/ros2_ws/install/articubot_one/share/articubot_one/hook/cmake_prefix_path.sh'
[3.316s] Level 1:colcon.colcon_core.environment:checking '/home/pi/ros2_ws/install/articubot_one/bin'
[3.317s] Level 1:colcon.colcon_core.environment:checking '/home/pi/ros2_ws/install/articubot_one/lib/pkgconfig/articubot_one.pc'
[3.318s] Level 1:colcon.colcon_core.environment:checking '/home/pi/ros2_ws/install/articubot_one/lib/python3.10/site-packages'
[3.319s] Level 1:colcon.colcon_core.environment:checking '/home/pi/ros2_ws/install/articubot_one/bin'
[3.321s] INFO:colcon.colcon_core.shell:Creating package script '/home/pi/ros2_ws/install/articubot_one/share/articubot_one/package.ps1'
[3.324s] INFO:colcon.colcon_core.shell:Creating package descriptor '/home/pi/ros2_ws/install/articubot_one/share/articubot_one/package.dsv'
[3.328s] INFO:colcon.colcon_core.shell:Creating package script '/home/pi/ros2_ws/install/articubot_one/share/articubot_one/package.sh'
[3.332s] INFO:colcon.colcon_core.shell:Creating package script '/home/pi/ros2_ws/install/articubot_one/share/articubot_one/package.bash'
[3.337s] INFO:colcon.colcon_core.shell:Creating package script '/home/pi/ros2_ws/install/articubot_one/share/articubot_one/package.zsh'
[3.341s] Level 1:colcon.colcon_core.environment:create_file_with_runtime_dependencies(/home/pi/ros2_ws/install/articubot_one/share/colcon-core/packages/articubot_one)
[3.353s] DEBUG:colcon.colcon_core.event_handler.log_command:Invoking command in '/home/pi/ros2_ws/build/serial': CMAKE_PREFIX_PATH=${CMAKE_PREFIX_PATH}:/home/pi/ros2_ws/install/serial_motor_demo:/opt/ros/humble /usr/bin/cmake --install /home/pi/ros2_ws/build/serial
[3.430s] Level 1:colcon.colcon_core.environment:create_environment_scripts_only(serial)
[3.432s] Level 1:colcon.colcon_core.environment:checking '/home/pi/ros2_ws/install/serial' for CMake module files
[3.436s] Level 1:colcon.colcon_core.environment:checking '/home/pi/ros2_ws/install/serial' for CMake config files
[3.438s] Level 1:colcon.colcon_core.shell:create_environment_hook('serial', 'cmake_prefix_path')
[3.439s] INFO:colcon.colcon_core.shell:Creating environment hook '/home/pi/ros2_ws/install/serial/share/serial/hook/cmake_prefix_path.ps1'
[3.444s] DEBUG:colcon.colcon_core.event_handler.log_command:Invoked command in '/home/pi/ros2_ws/build/serial' returned '0': CMAKE_PREFIX_PATH=${CMAKE_PREFIX_PATH}:/home/pi/ros2_ws/install/serial_motor_demo:/opt/ros/humble /usr/bin/cmake --install /home/pi/ros2_ws/build/serial
[3.444s] INFO:colcon.colcon_core.shell:Creating environment descriptor '/home/pi/ros2_ws/install/serial/share/serial/hook/cmake_prefix_path.dsv'
[3.446s] INFO:colcon.colcon_core.shell:Creating environment hook '/home/pi/ros2_ws/install/serial/share/serial/hook/cmake_prefix_path.sh'
[3.450s] Level 1:colcon.colcon_core.environment:checking '/home/pi/ros2_ws/install/serial/lib'
[3.453s] Level 1:colcon.colcon_core.environment:checking '/home/pi/ros2_ws/install/serial/bin'
[3.453s] Level 1:colcon.colcon_core.environment:checking '/home/pi/ros2_ws/install/serial/lib/pkgconfig/serial.pc'
[3.454s] Level 1:colcon.colcon_core.environment:checking '/home/pi/ros2_ws/install/serial/lib/python3.10/site-packages'
[3.456s] Level 1:colcon.colcon_core.environment:checking '/home/pi/ros2_ws/install/serial/bin'
[3.457s] INFO:colcon.colcon_core.shell:Creating package script '/home/pi/ros2_ws/install/serial/share/serial/package.ps1'
[3.460s] INFO:colcon.colcon_core.shell:Creating package descriptor '/home/pi/ros2_ws/install/serial/share/serial/package.dsv'
[3.462s] INFO:colcon.colcon_core.shell:Creating package script '/home/pi/ros2_ws/install/serial/share/serial/package.sh'
[3.465s] INFO:colcon.colcon_core.shell:Creating package script '/home/pi/ros2_ws/install/serial/share/serial/package.bash'
[3.467s] INFO:colcon.colcon_core.shell:Creating package script '/home/pi/ros2_ws/install/serial/share/serial/package.zsh'
[3.469s] Level 1:colcon.colcon_core.environment:create_file_with_runtime_dependencies(/home/pi/ros2_ws/install/serial/share/colcon-core/packages/serial)
[3.787s] Level 1:colcon.colcon_core.environment:create_environment_scripts_only(serial)
[3.789s] Level 1:colcon.colcon_core.environment:checking '/home/pi/ros2_ws/install/serial' for CMake module files
[3.792s] Level 1:colcon.colcon_core.environment:checking '/home/pi/ros2_ws/install/serial' for CMake config files
[3.794s] Level 1:colcon.colcon_core.shell:create_environment_hook('serial', 'cmake_prefix_path')
[3.795s] INFO:colcon.colcon_core.shell:Creating environment hook '/home/pi/ros2_ws/install/serial/share/serial/hook/cmake_prefix_path.ps1'
[3.798s] INFO:colcon.colcon_core.shell:Creating environment descriptor '/home/pi/ros2_ws/install/serial/share/serial/hook/cmake_prefix_path.dsv'
[3.800s] INFO:colcon.colcon_core.shell:Creating environment hook '/home/pi/ros2_ws/install/serial/share/serial/hook/cmake_prefix_path.sh'
[3.803s] Level 1:colcon.colcon_core.environment:checking '/home/pi/ros2_ws/install/serial/lib'
[3.804s] Level 1:colcon.colcon_core.environment:checking '/home/pi/ros2_ws/install/serial/bin'
[3.804s] Level 1:colcon.colcon_core.environment:checking '/home/pi/ros2_ws/install/serial/lib/pkgconfig/serial.pc'
[3.805s] Level 1:colcon.colcon_core.environment:checking '/home/pi/ros2_ws/install/serial/lib/python3.10/site-packages'
[3.806s] Level 1:colcon.colcon_core.environment:checking '/home/pi/ros2_ws/install/serial/bin'
[3.808s] INFO:colcon.colcon_core.shell:Creating package script '/home/pi/ros2_ws/install/serial/share/serial/package.ps1'
[3.812s] INFO:colcon.colcon_core.shell:Creating package descriptor '/home/pi/ros2_ws/install/serial/share/serial/package.dsv'
[3.814s] INFO:colcon.colcon_core.shell:Creating package script '/home/pi/ros2_ws/install/serial/share/serial/package.sh'
[3.817s] INFO:colcon.colcon_core.shell:Creating package script '/home/pi/ros2_ws/install/serial/share/serial/package.bash'
[3.820s] INFO:colcon.colcon_core.shell:Creating package script '/home/pi/ros2_ws/install/serial/share/serial/package.zsh'
[3.822s] Level 1:colcon.colcon_core.environment:create_file_with_runtime_dependencies(/home/pi/ros2_ws/install/serial/share/colcon-core/packages/serial)
[3.825s] INFO:colcon.colcon_ros.task.ament_cmake.build:Building ROS package in '/home/pi/ros2_ws/src/diffdrive_arduino' with build type 'ament_cmake'
[3.825s] INFO:colcon.colcon_cmake.task.cmake.build:Building CMake package in '/home/pi/ros2_ws/src/diffdrive_arduino'
[3.827s] INFO:colcon.colcon_core.shell:Skip shell extension 'powershell' for command environment: Not usable outside of PowerShell
[3.827s] DEBUG:colcon.colcon_core.shell:Skip shell extension 'dsv' for command environment
[3.887s] DEBUG:colcon.colcon_core.event_handler.log_command:Invoking command in '/home/pi/ros2_ws/build/diffdrive_arduino': CMAKE_PREFIX_PATH=/home/pi/ros2_ws/install/serial:/home/pi/ros2_ws/install/serial_motor_demo_msgs:/home/pi/ros2_ws/install/diffdrive_arduino:/home/pi/ros2_ws/install/articubot_one:/home/pi/ros2_ws/install/serial_motor_demo:/opt/ros/humble /usr/bin/cmake --build /home/pi/ros2_ws/build/diffdrive_arduino -- -j4 -l4
[4.301s] DEBUG:colcon.colcon_core.event_handler.log_command:Invoked command in '/home/pi/ros2_ws/build/diffdrive_arduino' returned '0': CMAKE_PREFIX_PATH=/home/pi/ros2_ws/install/serial:/home/pi/ros2_ws/install/serial_motor_demo_msgs:/home/pi/ros2_ws/install/diffdrive_arduino:/home/pi/ros2_ws/install/articubot_one:/home/pi/ros2_ws/install/serial_motor_demo:/opt/ros/humble /usr/bin/cmake --build /home/pi/ros2_ws/build/diffdrive_arduino -- -j4 -l4
[4.517s] DEBUG:colcon.colcon_core.event_handler.log_command:Invoking command in '/home/pi/ros2_ws/build/diffdrive_arduino': CMAKE_PREFIX_PATH=/home/pi/ros2_ws/install/serial:/home/pi/ros2_ws/install/serial_motor_demo_msgs:/home/pi/ros2_ws/install/diffdrive_arduino:/home/pi/ros2_ws/install/articubot_one:/home/pi/ros2_ws/install/serial_motor_demo:/opt/ros/humble /usr/bin/cmake --install /home/pi/ros2_ws/build/diffdrive_arduino
[4.572s] Level 1:colcon.colcon_core.environment:create_environment_scripts_only(diffdrive_arduino)
[4.573s] Level 1:colcon.colcon_core.environment:checking '/home/pi/ros2_ws/install/diffdrive_arduino' for CMake module files
[4.575s] DEBUG:colcon.colcon_core.event_handler.log_command:Invoked command in '/home/pi/ros2_ws/build/diffdrive_arduino' returned '0': CMAKE_PREFIX_PATH=/home/pi/ros2_ws/install/serial:/home/pi/ros2_ws/install/serial_motor_demo_msgs:/home/pi/ros2_ws/install/diffdrive_arduino:/home/pi/ros2_ws/install/articubot_one:/home/pi/ros2_ws/install/serial_motor_demo:/opt/ros/humble /usr/bin/cmake --install /home/pi/ros2_ws/build/diffdrive_arduino
[4.578s] Level 1:colcon.colcon_core.environment:checking '/home/pi/ros2_ws/install/diffdrive_arduino' for CMake config files
[4.580s] Level 1:colcon.colcon_core.shell:create_environment_hook('diffdrive_arduino', 'cmake_prefix_path')
[4.581s] INFO:colcon.colcon_core.shell:Creating environment hook '/home/pi/ros2_ws/install/diffdrive_arduino/share/diffdrive_arduino/hook/cmake_prefix_path.ps1'
[4.583s] INFO:colcon.colcon_core.shell:Creating environment descriptor '/home/pi/ros2_ws/install/diffdrive_arduino/share/diffdrive_arduino/hook/cmake_prefix_path.dsv'
[4.585s] INFO:colcon.colcon_core.shell:Creating environment hook '/home/pi/ros2_ws/install/diffdrive_arduino/share/diffdrive_arduino/hook/cmake_prefix_path.sh'
[4.589s] Level 1:colcon.colcon_core.environment:checking '/home/pi/ros2_ws/install/diffdrive_arduino/lib'
[4.589s] Level 1:colcon.colcon_core.shell:create_environment_hook('diffdrive_arduino', 'ld_library_path_lib')
[4.590s] INFO:colcon.colcon_core.shell:Creating environment hook '/home/pi/ros2_ws/install/diffdrive_arduino/share/diffdrive_arduino/hook/ld_library_path_lib.ps1'
[4.592s] INFO:colcon.colcon_core.shell:Creating environment descriptor '/home/pi/ros2_ws/install/diffdrive_arduino/share/diffdrive_arduino/hook/ld_library_path_lib.dsv'
[4.595s] INFO:colcon.colcon_core.shell:Creating environment hook '/home/pi/ros2_ws/install/diffdrive_arduino/share/diffdrive_arduino/hook/ld_library_path_lib.sh'
[4.597s] Level 1:colcon.colcon_core.environment:checking '/home/pi/ros2_ws/install/diffdrive_arduino/bin'
[4.598s] Level 1:colcon.colcon_core.environment:checking '/home/pi/ros2_ws/install/diffdrive_arduino/lib/pkgconfig/diffdrive_arduino.pc'
[4.599s] Level 1:colcon.colcon_core.environment:checking '/home/pi/ros2_ws/install/diffdrive_arduino/lib/python3.10/site-packages'
[4.600s] Level 1:colcon.colcon_core.environment:checking '/home/pi/ros2_ws/install/diffdrive_arduino/bin'
[4.602s] INFO:colcon.colcon_core.shell:Creating package script '/home/pi/ros2_ws/install/diffdrive_arduino/share/diffdrive_arduino/package.ps1'
[4.605s] INFO:colcon.colcon_core.shell:Creating package descriptor '/home/pi/ros2_ws/install/diffdrive_arduino/share/diffdrive_arduino/package.dsv'
[4.608s] INFO:colcon.colcon_core.shell:Creating package script '/home/pi/ros2_ws/install/diffdrive_arduino/share/diffdrive_arduino/package.sh'
[4.611s] INFO:colcon.colcon_core.shell:Creating package script '/home/pi/ros2_ws/install/diffdrive_arduino/share/diffdrive_arduino/package.bash'
[4.613s] INFO:colcon.colcon_core.shell:Creating package script '/home/pi/ros2_ws/install/diffdrive_arduino/share/diffdrive_arduino/package.zsh'
[4.616s] Level 1:colcon.colcon_core.environment:create_file_with_runtime_dependencies(/home/pi/ros2_ws/install/diffdrive_arduino/share/colcon-core/packages/diffdrive_arduino)
[4.848s] Level 1:colcon.colcon_core.environment:create_environment_scripts_only(diffdrive_arduino)
[4.849s] Level 1:colcon.colcon_core.environment:checking '/home/pi/ros2_ws/install/diffdrive_arduino' for CMake module files
[4.853s] Level 1:colcon.colcon_core.environment:checking '/home/pi/ros2_ws/install/diffdrive_arduino' for CMake config files
[4.855s] Level 1:colcon.colcon_core.shell:create_environment_hook('diffdrive_arduino', 'cmake_prefix_path')
[4.856s] INFO:colcon.colcon_core.shell:Creating environment hook '/home/pi/ros2_ws/install/diffdrive_arduino/share/diffdrive_arduino/hook/cmake_prefix_path.ps1'
[4.859s] INFO:colcon.colcon_core.shell:Creating environment descriptor '/home/pi/ros2_ws/install/diffdrive_arduino/share/diffdrive_arduino/hook/cmake_prefix_path.dsv'
[4.861s] INFO:colcon.colcon_core.shell:Creating environment hook '/home/pi/ros2_ws/install/diffdrive_arduino/share/diffdrive_arduino/hook/cmake_prefix_path.sh'
[4.865s] Level 1:colcon.colcon_core.environment:checking '/home/pi/ros2_ws/install/diffdrive_arduino/lib'
[4.865s] Level 1:colcon.colcon_core.shell:create_environment_hook('diffdrive_arduino', 'ld_library_path_lib')
[4.867s] INFO:colcon.colcon_core.shell:Creating environment hook '/home/pi/ros2_ws/install/diffdrive_arduino/share/diffdrive_arduino/hook/ld_library_path_lib.ps1'
[4.869s] INFO:colcon.colcon_core.shell:Creating environment descriptor '/home/pi/ros2_ws/install/diffdrive_arduino/share/diffdrive_arduino/hook/ld_library_path_lib.dsv'
[4.871s] INFO:colcon.colcon_core.shell:Creating environment hook '/home/pi/ros2_ws/install/diffdrive_arduino/share/diffdrive_arduino/hook/ld_library_path_lib.sh'
[4.873s] Level 1:colcon.colcon_core.environment:checking '/home/pi/ros2_ws/install/diffdrive_arduino/bin'
[4.874s] Level 1:colcon.colcon_core.environment:checking '/home/pi/ros2_ws/install/diffdrive_arduino/lib/pkgconfig/diffdrive_arduino.pc'
[4.875s] Level 1:colcon.colcon_core.environment:checking '/home/pi/ros2_ws/install/diffdrive_arduino/lib/python3.10/site-packages'
[4.876s] Level 1:colcon.colcon_core.environment:checking '/home/pi/ros2_ws/install/diffdrive_arduino/bin'
[4.878s] INFO:colcon.colcon_core.shell:Creating package script '/home/pi/ros2_ws/install/diffdrive_arduino/share/diffdrive_arduino/package.ps1'
[4.881s] INFO:colcon.colcon_core.shell:Creating package descriptor '/home/pi/ros2_ws/install/diffdrive_arduino/share/diffdrive_arduino/package.dsv'
[4.885s] INFO:colcon.colcon_core.shell:Creating package script '/home/pi/ros2_ws/install/diffdrive_arduino/share/diffdrive_arduino/package.sh'
[4.887s] INFO:colcon.colcon_core.shell:Creating package script '/home/pi/ros2_ws/install/diffdrive_arduino/share/diffdrive_arduino/package.bash'
[4.889s] INFO:colcon.colcon_core.shell:Creating package script '/home/pi/ros2_ws/install/diffdrive_arduino/share/diffdrive_arduino/package.zsh'
[4.892s] Level 1:colcon.colcon_core.environment:create_file_with_runtime_dependencies(/home/pi/ros2_ws/install/diffdrive_arduino/share/colcon-core/packages/diffdrive_arduino)
[4.902s] DEBUG:colcon.colcon_core.event_handler.log_command:Invoked command in '/home/pi/ros2_ws/build/serial_motor_demo_msgs' returned '0': CMAKE_PREFIX_PATH=${CMAKE_PREFIX_PATH}:/home/pi/ros2_ws/install/serial_motor_demo:/opt/ros/humble /usr/bin/cmake --build /home/pi/ros2_ws/build/serial_motor_demo_msgs -- -j4 -l4
[5.671s] DEBUG:colcon.colcon_core.event_handler.log_command:Invoking command in '/home/pi/ros2_ws/build/serial_motor_demo_msgs': CMAKE_PREFIX_PATH=${CMAKE_PREFIX_PATH}:/home/pi/ros2_ws/install/serial_motor_demo:/opt/ros/humble /usr/bin/cmake --install /home/pi/ros2_ws/build/serial_motor_demo_msgs
[6.031s] Level 1:colcon.colcon_core.environment:create_environment_scripts_only(serial_motor_demo_msgs)
[6.033s] Level 1:colcon.colcon_core.environment:checking '/home/pi/ros2_ws/install/serial_motor_demo_msgs' for CMake module files
[6.035s] DEBUG:colcon.colcon_core.event_handler.log_command:Invoked command in '/home/pi/ros2_ws/build/serial_motor_demo_msgs' returned '0': CMAKE_PREFIX_PATH=${CMAKE_PREFIX_PATH}:/home/pi/ros2_ws/install/serial_motor_demo:/opt/ros/humble /usr/bin/cmake --install /home/pi/ros2_ws/build/serial_motor_demo_msgs
[6.041s] Level 1:colcon.colcon_core.environment:checking '/home/pi/ros2_ws/install/serial_motor_demo_msgs' for CMake config files
[6.046s] Level 1:colcon.colcon_core.shell:create_environment_hook('serial_motor_demo_msgs', 'cmake_prefix_path')
[6.047s] INFO:colcon.colcon_core.shell:Creating environment hook '/home/pi/ros2_ws/install/serial_motor_demo_msgs/share/serial_motor_demo_msgs/hook/cmake_prefix_path.ps1'
[6.049s] INFO:colcon.colcon_core.shell:Creating environment descriptor '/home/pi/ros2_ws/install/serial_motor_demo_msgs/share/serial_motor_demo_msgs/hook/cmake_prefix_path.dsv'
[6.051s] INFO:colcon.colcon_core.shell:Creating environment hook '/home/pi/ros2_ws/install/serial_motor_demo_msgs/share/serial_motor_demo_msgs/hook/cmake_prefix_path.sh'
[6.055s] Level 1:colcon.colcon_core.environment:checking '/home/pi/ros2_ws/install/serial_motor_demo_msgs/lib'
[6.055s] Level 1:colcon.colcon_core.shell:create_environment_hook('serial_motor_demo_msgs', 'ld_library_path_lib')
[6.057s] INFO:colcon.colcon_core.shell:Creating environment hook '/home/pi/ros2_ws/install/serial_motor_demo_msgs/share/serial_motor_demo_msgs/hook/ld_library_path_lib.ps1'
[6.059s] INFO:colcon.colcon_core.shell:Creating environment descriptor '/home/pi/ros2_ws/install/serial_motor_demo_msgs/share/serial_motor_demo_msgs/hook/ld_library_path_lib.dsv'
[6.061s] INFO:colcon.colcon_core.shell:Creating environment hook '/home/pi/ros2_ws/install/serial_motor_demo_msgs/share/serial_motor_demo_msgs/hook/ld_library_path_lib.sh'
[6.063s] Level 1:colcon.colcon_core.environment:checking '/home/pi/ros2_ws/install/serial_motor_demo_msgs/bin'
[6.064s] Level 1:colcon.colcon_core.environment:checking '/home/pi/ros2_ws/install/serial_motor_demo_msgs/lib/pkgconfig/serial_motor_demo_msgs.pc'
[6.065s] Level 1:colcon.colcon_core.environment:checking '/home/pi/ros2_ws/install/serial_motor_demo_msgs/lib/python3.10/site-packages'
[6.065s] Level 1:colcon.colcon_core.environment:checking '/home/pi/ros2_ws/install/serial_motor_demo_msgs/bin'
[6.067s] INFO:colcon.colcon_core.shell:Creating package script '/home/pi/ros2_ws/install/serial_motor_demo_msgs/share/serial_motor_demo_msgs/package.ps1'
[6.069s] INFO:colcon.colcon_core.shell:Creating package descriptor '/home/pi/ros2_ws/install/serial_motor_demo_msgs/share/serial_motor_demo_msgs/package.dsv'
[6.072s] INFO:colcon.colcon_core.shell:Creating package script '/home/pi/ros2_ws/install/serial_motor_demo_msgs/share/serial_motor_demo_msgs/package.sh'
[6.074s] INFO:colcon.colcon_core.shell:Creating package script '/home/pi/ros2_ws/install/serial_motor_demo_msgs/share/serial_motor_demo_msgs/package.bash'
[6.076s] INFO:colcon.colcon_core.shell:Creating package script '/home/pi/ros2_ws/install/serial_motor_demo_msgs/share/serial_motor_demo_msgs/package.zsh'
[6.078s] Level 1:colcon.colcon_core.environment:create_file_with_runtime_dependencies(/home/pi/ros2_ws/install/serial_motor_demo_msgs/share/colcon-core/packages/serial_motor_demo_msgs)
[6.849s] Level 1:colcon.colcon_core.environment:create_environment_scripts_only(serial_motor_demo_msgs)
[6.850s] Level 1:colcon.colcon_core.environment:checking '/home/pi/ros2_ws/install/serial_motor_demo_msgs' for CMake module files
[6.857s] Level 1:colcon.colcon_core.environment:checking '/home/pi/ros2_ws/install/serial_motor_demo_msgs' for CMake config files
[6.861s] Level 1:colcon.colcon_core.shell:create_environment_hook('serial_motor_demo_msgs', 'cmake_prefix_path')
[6.862s] INFO:colcon.colcon_core.shell:Creating environment hook '/home/pi/ros2_ws/install/serial_motor_demo_msgs/share/serial_motor_demo_msgs/hook/cmake_prefix_path.ps1'
[6.864s] INFO:colcon.colcon_core.shell:Creating environment descriptor '/home/pi/ros2_ws/install/serial_motor_demo_msgs/share/serial_motor_demo_msgs/hook/cmake_prefix_path.dsv'
[6.866s] INFO:colcon.colcon_core.shell:Creating environment hook '/home/pi/ros2_ws/install/serial_motor_demo_msgs/share/serial_motor_demo_msgs/hook/cmake_prefix_path.sh'
[6.869s] Level 1:colcon.colcon_core.environment:checking '/home/pi/ros2_ws/install/serial_motor_demo_msgs/lib'
[6.870s] Level 1:colcon.colcon_core.shell:create_environment_hook('serial_motor_demo_msgs', 'ld_library_path_lib')
[6.871s] INFO:colcon.colcon_core.shell:Creating environment hook '/home/pi/ros2_ws/install/serial_motor_demo_msgs/share/serial_motor_demo_msgs/hook/ld_library_path_lib.ps1'
[6.873s] INFO:colcon.colcon_core.shell:Creating environment descriptor '/home/pi/ros2_ws/install/serial_motor_demo_msgs/share/serial_motor_demo_msgs/hook/ld_library_path_lib.dsv'
[6.875s] INFO:colcon.colcon_core.shell:Creating environment hook '/home/pi/ros2_ws/install/serial_motor_demo_msgs/share/serial_motor_demo_msgs/hook/ld_library_path_lib.sh'
[6.877s] Level 1:colcon.colcon_core.environment:checking '/home/pi/ros2_ws/install/serial_motor_demo_msgs/bin'
[6.877s] Level 1:colcon.colcon_core.environment:checking '/home/pi/ros2_ws/install/serial_motor_demo_msgs/lib/pkgconfig/serial_motor_demo_msgs.pc'
[6.878s] Level 1:colcon.colcon_core.environment:checking '/home/pi/ros2_ws/install/serial_motor_demo_msgs/lib/python3.10/site-packages'
[6.879s] Level 1:colcon.colcon_core.environment:checking '/home/pi/ros2_ws/install/serial_motor_demo_msgs/bin'
[6.881s] INFO:colcon.colcon_core.shell:Creating package script '/home/pi/ros2_ws/install/serial_motor_demo_msgs/share/serial_motor_demo_msgs/package.ps1'
[6.883s] INFO:colcon.colcon_core.shell:Creating package descriptor '/home/pi/ros2_ws/install/serial_motor_demo_msgs/share/serial_motor_demo_msgs/package.dsv'
[6.886s] INFO:colcon.colcon_core.shell:Creating package script '/home/pi/ros2_ws/install/serial_motor_demo_msgs/share/serial_motor_demo_msgs/package.sh'
[6.889s] INFO:colcon.colcon_core.shell:Creating package script '/home/pi/ros2_ws/install/serial_motor_demo_msgs/share/serial_motor_demo_msgs/package.bash'
[6.891s] INFO:colcon.colcon_core.shell:Creating package script '/home/pi/ros2_ws/install/serial_motor_demo_msgs/share/serial_motor_demo_msgs/package.zsh'
[6.893s] Level 1:colcon.colcon_core.environment:create_file_with_runtime_dependencies(/home/pi/ros2_ws/install/serial_motor_demo_msgs/share/colcon-core/packages/serial_motor_demo_msgs)
[6.895s] INFO:colcon.colcon_ros.task.ament_python.build:Building ROS package in '/home/pi/ros2_ws/src/serial_motor_demo/serial_motor_demo' with build type 'ament_python'
[6.895s] Level 1:colcon.colcon_core.shell:create_environment_hook('serial_motor_demo', 'ament_prefix_path')
[6.897s] INFO:colcon.colcon_core.shell:Creating environment hook '/home/pi/ros2_ws/install/serial_motor_demo/share/serial_motor_demo/hook/ament_prefix_path.ps1'
[6.900s] INFO:colcon.colcon_core.shell:Creating environment descriptor '/home/pi/ros2_ws/install/serial_motor_demo/share/serial_motor_demo/hook/ament_prefix_path.dsv'
[6.902s] INFO:colcon.colcon_core.shell:Creating environment hook '/home/pi/ros2_ws/install/serial_motor_demo/share/serial_motor_demo/hook/ament_prefix_path.sh'
[6.905s] INFO:colcon.colcon_core.shell:Skip shell extension 'powershell' for command environment: Not usable outside of PowerShell
[6.906s] DEBUG:colcon.colcon_core.shell:Skip shell extension 'dsv' for command environment
[8.372s] INFO:colcon.colcon_core.task.python.build:Building Python package in '/home/pi/ros2_ws/src/serial_motor_demo/serial_motor_demo'
[8.373s] INFO:colcon.colcon_core.shell:Skip shell extension 'powershell' for command environment: Not usable outside of PowerShell
[8.374s] DEBUG:colcon.colcon_core.shell:Skip shell extension 'dsv' for command environment
[10.347s] DEBUG:colcon.colcon_core.event_handler.log_command:Invoking command in '/home/pi/ros2_ws/src/serial_motor_demo/serial_motor_demo': PYTHONPATH=/home/pi/ros2_ws/build/serial_motor_demo/prefix_override:/usr/lib/python3/dist-packages/colcon_core/task/python/colcon_distutils_commands:/home/pi/ros2_ws/install/serial_motor_demo/lib/python3.10/site-packages:${PYTHONPATH} /usr/bin/python3 -W ignore:setup.py install is deprecated setup.py egg_info --egg-base ../../../build/serial_motor_demo build --build-base /home/pi/ros2_ws/build/serial_motor_demo/build install --record /home/pi/ros2_ws/build/serial_motor_demo/install.log --install-scripts $base/lib/serial_motor_demo --single-version-externally-managed install_data
[11.926s] Level 1:colcon.colcon_core.environment:checking '/home/pi/ros2_ws/install/serial_motor_demo' for CMake module files
[11.928s] DEBUG:colcon.colcon_core.event_handler.log_command:Invoked command in '/home/pi/ros2_ws/src/serial_motor_demo/serial_motor_demo' returned '0': PYTHONPATH=/home/pi/ros2_ws/build/serial_motor_demo/prefix_override:/usr/lib/python3/dist-packages/colcon_core/task/python/colcon_distutils_commands:/home/pi/ros2_ws/install/serial_motor_demo/lib/python3.10/site-packages:${PYTHONPATH} /usr/bin/python3 -W ignore:setup.py install is deprecated setup.py egg_info --egg-base ../../../build/serial_motor_demo build --build-base /home/pi/ros2_ws/build/serial_motor_demo/build install --record /home/pi/ros2_ws/build/serial_motor_demo/install.log --install-scripts $base/lib/serial_motor_demo --single-version-externally-managed install_data
[11.930s] Level 1:colcon.colcon_core.environment:checking '/home/pi/ros2_ws/install/serial_motor_demo' for CMake config files
[11.935s] Level 1:colcon.colcon_core.environment:checking '/home/pi/ros2_ws/install/serial_motor_demo/lib'
[11.935s] Level 1:colcon.colcon_core.environment:checking '/home/pi/ros2_ws/install/serial_motor_demo/bin'
[11.935s] Level 1:colcon.colcon_core.environment:checking '/home/pi/ros2_ws/install/serial_motor_demo/lib/pkgconfig/serial_motor_demo.pc'
[11.936s] Level 1:colcon.colcon_core.environment:checking '/home/pi/ros2_ws/install/serial_motor_demo/lib/python3.10/site-packages'
[11.937s] Level 1:colcon.colcon_core.shell:create_environment_hook('serial_motor_demo', 'pythonpath')
[11.938s] INFO:colcon.colcon_core.shell:Creating environment hook '/home/pi/ros2_ws/install/serial_motor_demo/share/serial_motor_demo/hook/pythonpath.ps1'
[11.940s] INFO:colcon.colcon_core.shell:Creating environment descriptor '/home/pi/ros2_ws/install/serial_motor_demo/share/serial_motor_demo/hook/pythonpath.dsv'
[11.942s] INFO:colcon.colcon_core.shell:Creating environment hook '/home/pi/ros2_ws/install/serial_motor_demo/share/serial_motor_demo/hook/pythonpath.sh'
[11.945s] Level 1:colcon.colcon_core.environment:checking '/home/pi/ros2_ws/install/serial_motor_demo/bin'
[11.945s] Level 1:colcon.colcon_core.environment:create_environment_scripts_only(serial_motor_demo)
[11.947s] INFO:colcon.colcon_core.shell:Creating package script '/home/pi/ros2_ws/install/serial_motor_demo/share/serial_motor_demo/package.ps1'
[11.950s] INFO:colcon.colcon_core.shell:Creating package descriptor '/home/pi/ros2_ws/install/serial_motor_demo/share/serial_motor_demo/package.dsv'
[11.952s] INFO:colcon.colcon_core.shell:Creating package script '/home/pi/ros2_ws/install/serial_motor_demo/share/serial_motor_demo/package.sh'
[11.954s] INFO:colcon.colcon_core.shell:Creating package script '/home/pi/ros2_ws/install/serial_motor_demo/share/serial_motor_demo/package.bash'
[11.957s] INFO:colcon.colcon_core.shell:Creating package script '/home/pi/ros2_ws/install/serial_motor_demo/share/serial_motor_demo/package.zsh'
[11.958s] Level 1:colcon.colcon_core.environment:create_file_with_runtime_dependencies(/home/pi/ros2_ws/install/serial_motor_demo/share/colcon-core/packages/serial_motor_demo)
[11.960s] DEBUG:colcon.colcon_parallel_executor.executor.parallel:closing loop
[11.961s] DEBUG:colcon.colcon_parallel_executor.executor.parallel:loop closed
[11.961s] DEBUG:colcon.colcon_parallel_executor.executor.parallel:run_until_complete finished with '0'
[11.962s] DEBUG:colcon.colcon_core.event_reactor:joining thread
[11.986s] INFO:colcon.colcon_core.plugin_system:Skipping extension 'colcon_notification.desktop_notification.notify_send': Could not find 'notify-send'
[11.986s] INFO:colcon.colcon_core.plugin_system:Skipping extension 'colcon_notification.desktop_notification.terminal_notifier': Not used on non-Darwin systems
[11.986s] INFO:colcon.colcon_core.plugin_system:Skipping extension 'colcon_notification.desktop_notification.win32': Not used on non-Windows systems
[11.987s] INFO:colcon.colcon_notification.desktop_notification:Sending desktop notification using 'notify2'
[11.990s] DEBUG:colcon.colcon_notification.desktop_notification.notify2:Failed to initialize notify2: org.freedesktop.DBus.Error.ServiceUnknown: The name org.freedesktop.Notifications was not provided by any .service files
[11.990s] DEBUG:colcon.colcon_core.event_reactor:joined thread
[11.991s] INFO:colcon.colcon_core.shell:Creating prefix script '/home/pi/ros2_ws/install/local_setup.ps1'
[11.997s] INFO:colcon.colcon_core.shell:Creating prefix util module '/home/pi/ros2_ws/install/_local_setup_util_ps1.py'
[12.006s] INFO:colcon.colcon_core.shell:Creating prefix chain script '/home/pi/ros2_ws/install/setup.ps1'
[12.016s] INFO:colcon.colcon_core.shell:Creating prefix script '/home/pi/ros2_ws/install/local_setup.sh'
[12.021s] INFO:colcon.colcon_core.shell:Creating prefix util module '/home/pi/ros2_ws/install/_local_setup_util_sh.py'
[12.025s] INFO:colcon.colcon_core.shell:Creating prefix chain script '/home/pi/ros2_ws/install/setup.sh'
[12.034s] INFO:colcon.colcon_core.shell:Creating prefix script '/home/pi/ros2_ws/install/local_setup.bash'
[12.037s] INFO:colcon.colcon_core.shell:Creating prefix chain script '/home/pi/ros2_ws/install/setup.bash'
[12.044s] INFO:colcon.colcon_core.shell:Creating prefix script '/home/pi/ros2_ws/install/local_setup.zsh'
[12.047s] INFO:colcon.colcon_core.shell:Creating prefix chain script '/home/pi/ros2_ws/install/setup.zsh'
