[0.088s] Invoking command in '/home/pi/ros2_ws/build/diffdrive_arduino': CMAKE_PREFIX_PATH=${CMAKE_PREFIX_PATH}:/opt/ros/humble /usr/bin/cmake /home/pi/ros2_ws/src/diffdrive_arduino -DCMAKE_INSTALL_PREFIX=/home/pi/ros2_ws/install/diffdrive_arduino
[0.147s] -- Found ament_cmake: 1.3.10 (/opt/ros/humble/share/ament_cmake/cmake)
[1.155s] [31mCMake Error at CMakeLists.txt:15 (find_package):
[1.156s]   By not providing "Findserial.cmake" in CMAKE_MODULE_PATH this project has
[1.156s]   asked CMake to find a package configuration file provided by "serial", but
[1.157s]   CMake did not find one.
[1.157s] 
[1.158s]   Could not find a package configuration file provided by "serial" with any
[1.158s]   of the following names:
[1.159s] 
[1.160s]     serialConfig.cmake
[1.160s]     serial-config.cmake
[1.161s] 
[1.161s]   Add the installation prefix of "serial" to CMAKE_PREFIX_PATH or set
[1.162s]   "serial_DIR" to a directory containing one of the above files.  If "serial"
[1.162s]   provides a separate development package or SDK, be sure it has been
[1.163s]   installed.
[1.163s] 
[1.164s] [0m
[1.164s] -- Configuring incomplete, errors occurred!
[1.165s] See also "/home/pi/ros2_ws/build/diffdrive_arduino/CMakeFiles/CMakeOutput.log".
[1.169s] Invoked command in '/home/pi/ros2_ws/build/diffdrive_arduino' returned '1': CMAKE_PREFIX_PATH=${CMAKE_PREFIX_PATH}:/opt/ros/humble /usr/bin/cmake /home/pi/ros2_ws/src/diffdrive_arduino -DCMAKE_INSTALL_PREFIX=/home/pi/ros2_ws/install/diffdrive_arduino
