[0.103s] Invoking command in '/home/pi/ros2_ws/build/diffdrive_arduino': CMAKE_PREFIX_PATH=${CMAKE_PREFIX_PATH}:/home/pi/ros2_ws/install/serial_motor_demo:/opt/ros/humble /usr/bin/cmake --build /home/pi/ros2_ws/build/diffdrive_arduino -- -j4 -l4
[0.236s] -- Found ament_cmake: 1.3.10 (/opt/ros/humble/share/ament_cmake/cmake)
[1.013s] -- Found hardware_interface: 2.43.1 (/opt/ros/humble/share/hardware_interface/cmake)
[1.214s] -- Found rosidl_generator_c: 3.1.5 (/opt/ros/humble/share/rosidl_generator_c/cmake)
[1.228s] -- Found rosidl_adapter: 3.1.5 (/opt/ros/humble/share/rosidl_adapter/cmake)
[1.258s] -- Found rosidl_generator_cpp: 3.1.5 (/opt/ros/humble/share/rosidl_generator_cpp/cmake)
[1.305s] -- Using all available rosidl_typesupport_c: rosidl_typesupport_fastrtps_c;rosidl_typesupport_introspection_c
[1.372s] -- Using all available rosidl_typesupport_cpp: rosidl_typesupport_fastrtps_cpp;rosidl_typesupport_introspection_cpp
[2.305s] -- Found rmw_implementation_cmake: 6.1.2 (/opt/ros/humble/share/rmw_implementation_cmake/cmake)
[2.312s] -- Found rmw_fastrtps_cpp: 6.2.7 (/opt/ros/humble/share/rmw_fastrtps_cpp/cmake)
[2.397s] -- Found TinyXML2 via Config file: TinyXML2_DIR-NOTFOUND
[2.435s] -- Found TinyXML2 via Config file: TinyXML2_DIR-NOTFOUND
[2.536s] -- Found TinyXML2 via Config file: TinyXML2_DIR-NOTFOUND
[2.571s] -- Found TinyXML2 via Config file: TinyXML2_DIR-NOTFOUND
[2.611s] -- Using RMW implementation 'rmw_fastrtps_cpp' as default
[2.863s] -- Found ament_cmake_gtest: 1.3.10 (/opt/ros/humble/share/ament_cmake_gtest/cmake)
[3.213s] -- Configuring done
[3.395s] -- Generating done
[3.405s] -- Build files have been written to: /home/pi/ros2_ws/build/diffdrive_arduino
[3.586s] [ 50%] [32mBuilding CXX object CMakeFiles/diffdrive_arduino.dir/hardware/diffbot_system.cpp.o[0m
[19.678s] [100%] [32m[1mLinking CXX shared library libdiffdrive_arduino.so[0m
[20.656s] [100%] Built target diffdrive_arduino
[20.701s] Invoked command in '/home/pi/ros2_ws/build/diffdrive_arduino' returned '0': CMAKE_PREFIX_PATH=${CMAKE_PREFIX_PATH}:/home/pi/ros2_ws/install/serial_motor_demo:/opt/ros/humble /usr/bin/cmake --build /home/pi/ros2_ws/build/diffdrive_arduino -- -j4 -l4
[20.873s] Invoking command in '/home/pi/ros2_ws/build/diffdrive_arduino': CMAKE_PREFIX_PATH=${CMAKE_PREFIX_PATH}:/home/pi/ros2_ws/install/serial_motor_demo:/opt/ros/humble /usr/bin/cmake --install /home/pi/ros2_ws/build/diffdrive_arduino
[20.907s] -- Install configuration: ""
[20.907s] -- Installing: /home/pi/ros2_ws/install/diffdrive_arduino/share/diffdrive_arduino/diffdrive_arduino.xml
[20.908s] -- Installing: /home/pi/ros2_ws/install/diffdrive_arduino/include/diffdrive_arduino
[20.909s] -- Installing: /home/pi/ros2_ws/install/diffdrive_arduino/include/diffdrive_arduino/diffdrive_arduino
[20.910s] -- Installing: /home/pi/ros2_ws/install/diffdrive_arduino/include/diffdrive_arduino/diffdrive_arduino/diffbot_system.hpp
[20.911s] -- Installing: /home/pi/ros2_ws/install/diffdrive_arduino/include/diffdrive_arduino/diffdrive_arduino/arduino_comms.hpp
[20.912s] -- Installing: /home/pi/ros2_ws/install/diffdrive_arduino/include/diffdrive_arduino/diffdrive_arduino/wheel.hpp
[20.913s] -- Installing: /home/pi/ros2_ws/install/diffdrive_arduino/include/diffdrive_arduino/diffdrive_arduino/visibility_control.h
[20.914s] -- Installing: /home/pi/ros2_ws/install/diffdrive_arduino/share/diffdrive_arduino/launch
[20.915s] -- Installing: /home/pi/ros2_ws/install/diffdrive_arduino/share/diffdrive_arduino/launch/view_robot.launch.py
[20.916s] -- Installing: /home/pi/ros2_ws/install/diffdrive_arduino/share/diffdrive_arduino/ros2_control
[20.917s] -- Installing: /home/pi/ros2_ws/install/diffdrive_arduino/share/diffdrive_arduino/ros2_control/diffbot.ros2_control.xacro
[20.918s] -- Installing: /home/pi/ros2_ws/install/diffdrive_arduino/share/diffdrive_arduino/urdf
[20.919s] -- Installing: /home/pi/ros2_ws/install/diffdrive_arduino/share/diffdrive_arduino/urdf/diffbot.materials.xacro
[20.920s] -- Installing: /home/pi/ros2_ws/install/diffdrive_arduino/share/diffdrive_arduino/urdf/diffbot_description.urdf.xacro
[20.921s] -- Installing: /home/pi/ros2_ws/install/diffdrive_arduino/share/diffdrive_arduino/urdf/diffbot.urdf.xacro
[20.922s] -- Installing: /home/pi/ros2_ws/install/diffdrive_arduino/share/diffdrive_arduino/rviz
[20.922s] -- Installing: /home/pi/ros2_ws/install/diffdrive_arduino/share/diffdrive_arduino/rviz/diffbot_view.rviz
[20.924s] -- Installing: /home/pi/ros2_ws/install/diffdrive_arduino/share/diffdrive_arduino/rviz/diffbot.rviz
[20.925s] -- Up-to-date: /home/pi/ros2_ws/install/diffdrive_arduino/share/diffdrive_arduino/launch
[20.926s] -- Installing: /home/pi/ros2_ws/install/diffdrive_arduino/share/diffdrive_arduino/launch/diffbot.launch.py
[20.926s] -- Installing: /home/pi/ros2_ws/install/diffdrive_arduino/share/diffdrive_arduino/config
[20.927s] -- Installing: /home/pi/ros2_ws/install/diffdrive_arduino/share/diffdrive_arduino/config/diffbot_controllers.yaml
[20.929s] -- Installing: /home/pi/ros2_ws/install/diffdrive_arduino/lib/libdiffdrive_arduino.so
[20.938s] -- Set runtime path of "/home/pi/ros2_ws/install/diffdrive_arduino/lib/libdiffdrive_arduino.so" to ""
[20.938s] -- Up-to-date: /home/pi/ros2_ws/install/diffdrive_arduino/share/diffdrive_arduino/environment/library_path.sh
[20.939s] -- Installing: /home/pi/ros2_ws/install/diffdrive_arduino/share/diffdrive_arduino/environment/library_path.dsv
[20.940s] -- Installing: /home/pi/ros2_ws/install/diffdrive_arduino/share/ament_index/resource_index/package_run_dependencies/diffdrive_arduino
[20.941s] -- Installing: /home/pi/ros2_ws/install/diffdrive_arduino/share/ament_index/resource_index/parent_prefix_path/diffdrive_arduino
[20.943s] -- Up-to-date: /home/pi/ros2_ws/install/diffdrive_arduino/share/diffdrive_arduino/environment/ament_prefix_path.sh
[20.943s] -- Installing: /home/pi/ros2_ws/install/diffdrive_arduino/share/diffdrive_arduino/environment/ament_prefix_path.dsv
[20.945s] -- Up-to-date: /home/pi/ros2_ws/install/diffdrive_arduino/share/diffdrive_arduino/environment/path.sh
[20.945s] -- Installing: /home/pi/ros2_ws/install/diffdrive_arduino/share/diffdrive_arduino/environment/path.dsv
[20.946s] -- Up-to-date: /home/pi/ros2_ws/install/diffdrive_arduino/share/diffdrive_arduino/local_setup.bash
[20.947s] -- Up-to-date: /home/pi/ros2_ws/install/diffdrive_arduino/share/diffdrive_arduino/local_setup.sh
[20.947s] -- Up-to-date: /home/pi/ros2_ws/install/diffdrive_arduino/share/diffdrive_arduino/local_setup.zsh
[20.948s] -- Installing: /home/pi/ros2_ws/install/diffdrive_arduino/share/diffdrive_arduino/local_setup.dsv
[20.949s] -- Installing: /home/pi/ros2_ws/install/diffdrive_arduino/share/diffdrive_arduino/package.dsv
[20.950s] -- Up-to-date: /home/pi/ros2_ws/install/diffdrive_arduino/share/ament_index/resource_index/packages/diffdrive_arduino
[20.951s] -- Installing: /home/pi/ros2_ws/install/diffdrive_arduino/share/ament_index/resource_index/hardware_interface__pluginlib__plugin/diffdrive_arduino
[20.952s] -- Installing: /home/pi/ros2_ws/install/diffdrive_arduino/share/diffdrive_arduino/cmake/export_diffdrive_arduinoExport.cmake
[20.954s] -- Installing: /home/pi/ros2_ws/install/diffdrive_arduino/share/diffdrive_arduino/cmake/export_diffdrive_arduinoExport-noconfig.cmake
[20.955s] -- Installing: /home/pi/ros2_ws/install/diffdrive_arduino/share/diffdrive_arduino/cmake/ament_cmake_export_targets-extras.cmake
[20.957s] -- Installing: /home/pi/ros2_ws/install/diffdrive_arduino/share/diffdrive_arduino/cmake/ament_cmake_export_dependencies-extras.cmake
[20.958s] -- Installing: /home/pi/ros2_ws/install/diffdrive_arduino/share/diffdrive_arduino/cmake/diffdrive_arduinoConfig.cmake
[20.959s] -- Installing: /home/pi/ros2_ws/install/diffdrive_arduino/share/diffdrive_arduino/cmake/diffdrive_arduinoConfig-version.cmake
[20.961s] -- Installing: /home/pi/ros2_ws/install/diffdrive_arduino/share/diffdrive_arduino/package.xml
[20.970s] Invoked command in '/home/pi/ros2_ws/build/diffdrive_arduino' returned '0': CMAKE_PREFIX_PATH=${CMAKE_PREFIX_PATH}:/home/pi/ros2_ws/install/serial_motor_demo:/opt/ros/humble /usr/bin/cmake --install /home/pi/ros2_ws/build/diffdrive_arduino
