[0.111s] Invoking command in '/home/pi/ros2_ws/build/serial': CMAKE_PREFIX_PATH=${CMAKE_PREFIX_PATH}:/home/pi/ros2_ws/install/serial_motor_demo:/opt/ros/humble /usr/bin/cmake --build /home/pi/ros2_ws/build/serial -- -j4 -l4
[0.434s] [ 28%] Built target serial
[0.490s] [ 42%] Built target gtest
[0.499s] [ 57%] Built target gtest_main
[0.636s] [ 71%] Built target serial_example
[0.700s] [ 85%] Built target serial-test
[0.725s] [100%] Built target serial-test-timer
[0.835s] Invoked command in '/home/pi/ros2_ws/build/serial' returned '0': CMAKE_PREFIX_PATH=${CMAKE_PREFIX_PATH}:/home/pi/ros2_ws/install/serial_motor_demo:/opt/ros/humble /usr/bin/cmake --build /home/pi/ros2_ws/build/serial -- -j4 -l4
[1.142s] Invoking command in '/home/pi/ros2_ws/build/serial': CMAKE_PREFIX_PATH=${CMAKE_PREFIX_PATH}:/home/pi/ros2_ws/install/serial_motor_demo:/opt/ros/humble /usr/bin/cmake --install /home/pi/ros2_ws/build/serial
[1.221s] -- Install configuration: ""
[1.222s] -- Up-to-date: /home/pi/ros2_ws/install/serial/lib/libserial.a
[1.223s] -- Up-to-date: /home/pi/ros2_ws/install/serial/include/serial/serial.h
[1.224s] -- Up-to-date: /home/pi/ros2_ws/install/serial/include/serial/v8stdint.h
[1.224s] -- Up-to-date: /home/pi/ros2_ws/install/serial/share/serial/environment/library_path.sh
[1.225s] -- Up-to-date: /home/pi/ros2_ws/install/serial/share/serial/environment/library_path.dsv
[1.225s] -- Up-to-date: /home/pi/ros2_ws/install/serial/share/ament_index/resource_index/package_run_dependencies/serial
[1.226s] -- Up-to-date: /home/pi/ros2_ws/install/serial/share/ament_index/resource_index/parent_prefix_path/serial
[1.227s] -- Up-to-date: /home/pi/ros2_ws/install/serial/share/serial/environment/ament_prefix_path.sh
[1.227s] -- Up-to-date: /home/pi/ros2_ws/install/serial/share/serial/environment/ament_prefix_path.dsv
[1.228s] -- Up-to-date: /home/pi/ros2_ws/install/serial/share/serial/environment/path.sh
[1.229s] -- Up-to-date: /home/pi/ros2_ws/install/serial/share/serial/environment/path.dsv
[1.229s] -- Up-to-date: /home/pi/ros2_ws/install/serial/share/serial/local_setup.bash
[1.229s] -- Up-to-date: /home/pi/ros2_ws/install/serial/share/serial/local_setup.sh
[1.231s] -- Up-to-date: /home/pi/ros2_ws/install/serial/share/serial/local_setup.zsh
[1.232s] -- Up-to-date: /home/pi/ros2_ws/install/serial/share/serial/local_setup.dsv
[1.232s] -- Installing: /home/pi/ros2_ws/install/serial/share/serial/package.dsv
[1.234s] -- Up-to-date: /home/pi/ros2_ws/install/serial/share/ament_index/resource_index/packages/serial
[1.234s] -- Up-to-date: /home/pi/ros2_ws/install/serial/share/serial/cmake/ament_cmake_export_include_directories-extras.cmake
[1.237s] -- Up-to-date: /home/pi/ros2_ws/install/serial/share/serial/cmake/ament_cmake_export_libraries-extras.cmake
[1.238s] -- Up-to-date: /home/pi/ros2_ws/install/serial/share/serial/cmake/serialConfig.cmake
[1.238s] -- Up-to-date: /home/pi/ros2_ws/install/serial/share/serial/cmake/serialConfig-version.cmake
[1.239s] -- Up-to-date: /home/pi/ros2_ws/install/serial/share/serial/package.xml
[1.249s] Invoked command in '/home/pi/ros2_ws/build/serial' returned '0': CMAKE_PREFIX_PATH=${CMAKE_PREFIX_PATH}:/home/pi/ros2_ws/install/serial_motor_demo:/opt/ros/humble /usr/bin/cmake --install /home/pi/ros2_ws/build/serial
