[0.536s] DEBUG:colcon:Command line arguments: ['/usr/bin/colcon', 'build']
[0.536s] DEBUG:colcon:Parsed command line arguments: Namespace(log_base=None, log_level=None, verb_name='build', build_base='build', install_base='install', merge_install=False, symlink_install=False, test_result_base=None, continue_on_error=False, executor='parallel', parallel_workers=4, event_handlers=None, ignore_user_meta=False, metas=['./colcon.meta'], base_paths=['.'], packages_ignore=None, packages_ignore_regex=None, paths=None, packages_up_to=None, packages_up_to_regex=None, packages_above=None, packages_above_and_dependencies=None, packages_above_depth=None, packages_select_by_dep=None, packages_skip_by_dep=None, packages_skip_up_to=None, packages_select_build_failed=False, packages_skip_build_finished=False, packages_select_test_failures=False, packages_skip_test_passed=False, packages_select=None, packages_skip=None, packages_select_regex=None, packages_skip_regex=None, packages_start=None, packages_end=None, allow_overriding=[], cmake_args=None, cmake_target=None, cmake_target_skip_unavailable=False, cmake_clean_cache=False, cmake_clean_first=False, cmake_force_configure=False, ament_cmake_args=None, catkin_cmake_args=None, catkin_skip_building_tests=False, mixin_files=None, mixin=None, verb_parser=<colcon_mixin.mixin.mixin_argument.MixinArgumentDecorator object at 0xffff8064a2c0>, verb_extension=<colcon_core.verb.build.BuildVerb object at 0xffff80746920>, main=<bound method BuildVerb.main of <colcon_core.verb.build.BuildVerb object at 0xffff80746920>>, mixin_verb=('build',))
[1.524s] Level 1:colcon.colcon_core.package_discovery:discover_packages(colcon_meta) check parameters
[1.525s] Level 1:colcon.colcon_core.package_discovery:discover_packages(recursive) check parameters
[1.525s] Level 1:colcon.colcon_core.package_discovery:discover_packages(ignore) check parameters
[1.525s] Level 1:colcon.colcon_core.package_discovery:discover_packages(path) check parameters
[1.525s] Level 1:colcon.colcon_core.package_discovery:discover_packages(colcon_meta) discover
[1.525s] Level 1:colcon.colcon_core.package_discovery:discover_packages(recursive) discover
[1.526s] INFO:colcon.colcon_core.package_discovery:Crawling recursively for packages in '/home/pi/ros2_ws'
[1.526s] Level 1:colcon.colcon_core.package_identification:_identify(.) by extensions ['ignore', 'ignore_ament_install']
[1.529s] Level 1:colcon.colcon_core.package_identification:_identify(.) by extension 'ignore'
[1.530s] Level 1:colcon.colcon_core.package_identification:_identify(.) by extension 'ignore_ament_install'
[1.530s] Level 1:colcon.colcon_core.package_identification:_identify(.) by extensions ['colcon_pkg']
[1.530s] Level 1:colcon.colcon_core.package_identification:_identify(.) by extension 'colcon_pkg'
[1.530s] Level 1:colcon.colcon_core.package_identification:_identify(.) by extensions ['colcon_meta']
[1.530s] Level 1:colcon.colcon_core.package_identification:_identify(.) by extension 'colcon_meta'
[1.531s] Level 1:colcon.colcon_core.package_identification:_identify(.) by extensions ['ros']
[1.531s] Level 1:colcon.colcon_core.package_identification:_identify(.) by extension 'ros'
[1.582s] Level 1:colcon.colcon_core.package_identification:_identify(.) by extensions ['cmake', 'python']
[1.582s] Level 1:colcon.colcon_core.package_identification:_identify(.) by extension 'cmake'
[1.582s] Level 1:colcon.colcon_core.package_identification:_identify(.) by extension 'python'
[1.582s] Level 1:colcon.colcon_core.package_identification:_identify(.) by extensions ['python_setup_py']
[1.583s] Level 1:colcon.colcon_core.package_identification:_identify(.) by extension 'python_setup_py'
[1.583s] Level 1:colcon.colcon_core.package_identification:_identify(build) by extensions ['ignore', 'ignore_ament_install']
[1.584s] Level 1:colcon.colcon_core.package_identification:_identify(build) by extension 'ignore'
[1.584s] Level 1:colcon.colcon_core.package_identification:_identify(build) ignored
[1.585s] Level 1:colcon.colcon_core.package_identification:_identify(install) by extensions ['ignore', 'ignore_ament_install']
[1.585s] Level 1:colcon.colcon_core.package_identification:_identify(install) by extension 'ignore'
[1.585s] Level 1:colcon.colcon_core.package_identification:_identify(install) ignored
[1.586s] Level 1:colcon.colcon_core.package_identification:_identify(log) by extensions ['ignore', 'ignore_ament_install']
[1.586s] Level 1:colcon.colcon_core.package_identification:_identify(log) by extension 'ignore'
[1.587s] Level 1:colcon.colcon_core.package_identification:_identify(log) ignored
[1.587s] Level 1:colcon.colcon_core.package_identification:_identify(src) by extensions ['ignore', 'ignore_ament_install']
[1.588s] Level 1:colcon.colcon_core.package_identification:_identify(src) by extension 'ignore'
[1.588s] Level 1:colcon.colcon_core.package_identification:_identify(src) by extension 'ignore_ament_install'
[1.588s] Level 1:colcon.colcon_core.package_identification:_identify(src) by extensions ['colcon_pkg']
[1.588s] Level 1:colcon.colcon_core.package_identification:_identify(src) by extension 'colcon_pkg'
[1.589s] Level 1:colcon.colcon_core.package_identification:_identify(src) by extensions ['colcon_meta']
[1.589s] Level 1:colcon.colcon_core.package_identification:_identify(src) by extension 'colcon_meta'
[1.589s] Level 1:colcon.colcon_core.package_identification:_identify(src) by extensions ['ros']
[1.589s] Level 1:colcon.colcon_core.package_identification:_identify(src) by extension 'ros'
[1.589s] Level 1:colcon.colcon_core.package_identification:_identify(src) by extensions ['cmake', 'python']
[1.590s] Level 1:colcon.colcon_core.package_identification:_identify(src) by extension 'cmake'
[1.590s] Level 1:colcon.colcon_core.package_identification:_identify(src) by extension 'python'
[1.590s] Level 1:colcon.colcon_core.package_identification:_identify(src) by extensions ['python_setup_py']
[1.590s] Level 1:colcon.colcon_core.package_identification:_identify(src) by extension 'python_setup_py'
[1.591s] Level 1:colcon.colcon_core.package_identification:_identify(src/articubot_one) by extensions ['ignore', 'ignore_ament_install']
[1.591s] Level 1:colcon.colcon_core.package_identification:_identify(src/articubot_one) by extension 'ignore'
[1.591s] Level 1:colcon.colcon_core.package_identification:_identify(src/articubot_one) by extension 'ignore_ament_install'
[1.592s] Level 1:colcon.colcon_core.package_identification:_identify(src/articubot_one) by extensions ['colcon_pkg']
[1.592s] Level 1:colcon.colcon_core.package_identification:_identify(src/articubot_one) by extension 'colcon_pkg'
[1.592s] Level 1:colcon.colcon_core.package_identification:_identify(src/articubot_one) by extensions ['colcon_meta']
[1.592s] Level 1:colcon.colcon_core.package_identification:_identify(src/articubot_one) by extension 'colcon_meta'
[1.592s] Level 1:colcon.colcon_core.package_identification:_identify(src/articubot_one) by extensions ['ros']
[1.593s] Level 1:colcon.colcon_core.package_identification:_identify(src/articubot_one) by extension 'ros'
[1.602s] DEBUG:colcon.colcon_core.package_identification:Package 'src/articubot_one' with type 'ros.ament_cmake' and name 'articubot_one'
[1.603s] Level 1:colcon.colcon_core.package_identification:_identify(src/diffdrive_arduino) by extensions ['ignore', 'ignore_ament_install']
[1.603s] Level 1:colcon.colcon_core.package_identification:_identify(src/diffdrive_arduino) by extension 'ignore'
[1.604s] Level 1:colcon.colcon_core.package_identification:_identify(src/diffdrive_arduino) by extension 'ignore_ament_install'
[1.604s] Level 1:colcon.colcon_core.package_identification:_identify(src/diffdrive_arduino) by extensions ['colcon_pkg']
[1.604s] Level 1:colcon.colcon_core.package_identification:_identify(src/diffdrive_arduino) by extension 'colcon_pkg'
[1.604s] Level 1:colcon.colcon_core.package_identification:_identify(src/diffdrive_arduino) by extensions ['colcon_meta']
[1.605s] Level 1:colcon.colcon_core.package_identification:_identify(src/diffdrive_arduino) by extension 'colcon_meta'
[1.605s] Level 1:colcon.colcon_core.package_identification:_identify(src/diffdrive_arduino) by extensions ['ros']
[1.605s] Level 1:colcon.colcon_core.package_identification:_identify(src/diffdrive_arduino) by extension 'ros'
[1.610s] DEBUG:colcon.colcon_core.package_identification:Package 'src/diffdrive_arduino' with type 'ros.ament_cmake' and name 'diffdrive_arduino'
[1.610s] Level 1:colcon.colcon_core.package_discovery:discover_packages(recursive) using defaults
[1.610s] Level 1:colcon.colcon_core.package_discovery:discover_packages(ignore) discover
[1.610s] Level 1:colcon.colcon_core.package_discovery:discover_packages(ignore) using defaults
[1.610s] Level 1:colcon.colcon_core.package_discovery:discover_packages(path) discover
[1.610s] Level 1:colcon.colcon_core.package_discovery:discover_packages(path) using defaults
[1.745s] Level 1:colcon.colcon_core.package_discovery:discover_packages(prefix_path) check parameters
[1.745s] Level 1:colcon.colcon_core.package_discovery:discover_packages(prefix_path) discover
[1.754s] DEBUG:colcon.colcon_installed_package_information.package_discovery:Found 2 installed packages in /home/pi/ros2_ws/install
[1.767s] DEBUG:colcon.colcon_installed_package_information.package_discovery:Found 327 installed packages in /opt/ros/humble
[1.776s] Level 1:colcon.colcon_core.package_discovery:discover_packages(prefix_path) using defaults
[1.996s] Level 5:colcon.colcon_core.verb:set package 'articubot_one' build argument 'cmake_args' from command line to 'None'
[1.997s] Level 5:colcon.colcon_core.verb:set package 'articubot_one' build argument 'cmake_target' from command line to 'None'
[1.997s] Level 5:colcon.colcon_core.verb:set package 'articubot_one' build argument 'cmake_target_skip_unavailable' from command line to 'False'
[1.997s] Level 5:colcon.colcon_core.verb:set package 'articubot_one' build argument 'cmake_clean_cache' from command line to 'False'
[1.997s] Level 5:colcon.colcon_core.verb:set package 'articubot_one' build argument 'cmake_clean_first' from command line to 'False'
[1.997s] Level 5:colcon.colcon_core.verb:set package 'articubot_one' build argument 'cmake_force_configure' from command line to 'False'
[1.997s] Level 5:colcon.colcon_core.verb:set package 'articubot_one' build argument 'ament_cmake_args' from command line to 'None'
[1.997s] Level 5:colcon.colcon_core.verb:set package 'articubot_one' build argument 'catkin_cmake_args' from command line to 'None'
[1.997s] Level 5:colcon.colcon_core.verb:set package 'articubot_one' build argument 'catkin_skip_building_tests' from command line to 'False'
[1.998s] DEBUG:colcon.colcon_core.verb:Building package 'articubot_one' with the following arguments: {'ament_cmake_args': None, 'build_base': '/home/pi/ros2_ws/build/articubot_one', 'catkin_cmake_args': None, 'catkin_skip_building_tests': False, 'cmake_args': None, 'cmake_clean_cache': False, 'cmake_clean_first': False, 'cmake_force_configure': False, 'cmake_target': None, 'cmake_target_skip_unavailable': False, 'install_base': '/home/pi/ros2_ws/install/articubot_one', 'merge_install': False, 'path': '/home/pi/ros2_ws/src/articubot_one', 'symlink_install': False, 'test_result_base': None}
[1.999s] Level 5:colcon.colcon_core.verb:set package 'diffdrive_arduino' build argument 'cmake_args' from command line to 'None'
[2.000s] Level 5:colcon.colcon_core.verb:set package 'diffdrive_arduino' build argument 'cmake_target' from command line to 'None'
[2.000s] Level 5:colcon.colcon_core.verb:set package 'diffdrive_arduino' build argument 'cmake_target_skip_unavailable' from command line to 'False'
[2.000s] Level 5:colcon.colcon_core.verb:set package 'diffdrive_arduino' build argument 'cmake_clean_cache' from command line to 'False'
[2.000s] Level 5:colcon.colcon_core.verb:set package 'diffdrive_arduino' build argument 'cmake_clean_first' from command line to 'False'
[2.000s] Level 5:colcon.colcon_core.verb:set package 'diffdrive_arduino' build argument 'cmake_force_configure' from command line to 'False'
[2.000s] Level 5:colcon.colcon_core.verb:set package 'diffdrive_arduino' build argument 'ament_cmake_args' from command line to 'None'
[2.000s] Level 5:colcon.colcon_core.verb:set package 'diffdrive_arduino' build argument 'catkin_cmake_args' from command line to 'None'
[2.000s] Level 5:colcon.colcon_core.verb:set package 'diffdrive_arduino' build argument 'catkin_skip_building_tests' from command line to 'False'
[2.001s] DEBUG:colcon.colcon_core.verb:Building package 'diffdrive_arduino' with the following arguments: {'ament_cmake_args': None, 'build_base': '/home/pi/ros2_ws/build/diffdrive_arduino', 'catkin_cmake_args': None, 'catkin_skip_building_tests': False, 'cmake_args': None, 'cmake_clean_cache': False, 'cmake_clean_first': False, 'cmake_force_configure': False, 'cmake_target': None, 'cmake_target_skip_unavailable': False, 'install_base': '/home/pi/ros2_ws/install/diffdrive_arduino', 'merge_install': False, 'path': '/home/pi/ros2_ws/src/diffdrive_arduino', 'symlink_install': False, 'test_result_base': None}
[2.001s] INFO:colcon.colcon_core.executor:Executing jobs using 'parallel' executor
[2.004s] DEBUG:colcon.colcon_parallel_executor.executor.parallel:run_until_complete
[2.006s] INFO:colcon.colcon_ros.task.ament_cmake.build:Building ROS package in '/home/pi/ros2_ws/src/articubot_one' with build type 'ament_cmake'
[2.006s] INFO:colcon.colcon_cmake.task.cmake.build:Building CMake package in '/home/pi/ros2_ws/src/articubot_one'
[2.019s] INFO:colcon.colcon_core.plugin_system:Skipping extension 'colcon_core.shell.bat': Not used on non-Windows systems
[2.021s] INFO:colcon.colcon_core.shell:Skip shell extension 'powershell' for command environment: Not usable outside of PowerShell
[2.022s] DEBUG:colcon.colcon_core.shell:Skip shell extension 'dsv' for command environment
[2.046s] INFO:colcon.colcon_ros.task.ament_cmake.build:Building ROS package in '/home/pi/ros2_ws/src/diffdrive_arduino' with build type 'ament_cmake'
[2.046s] INFO:colcon.colcon_cmake.task.cmake.build:Building CMake package in '/home/pi/ros2_ws/src/diffdrive_arduino'
[2.048s] INFO:colcon.colcon_core.shell:Skip shell extension 'powershell' for command environment: Not usable outside of PowerShell
[2.048s] DEBUG:colcon.colcon_core.shell:Skip shell extension 'dsv' for command environment
[2.090s] DEBUG:colcon.colcon_core.event_handler.log_command:Invoking command in '/home/pi/ros2_ws/build/articubot_one': CMAKE_PREFIX_PATH=${CMAKE_PREFIX_PATH}:/opt/ros/humble /usr/bin/cmake --build /home/pi/ros2_ws/build/articubot_one -- -j4 -l4
[2.119s] DEBUG:colcon.colcon_core.event_handler.log_command:Invoking command in '/home/pi/ros2_ws/build/diffdrive_arduino': CMAKE_PREFIX_PATH=${CMAKE_PREFIX_PATH}:/opt/ros/humble /usr/bin/cmake /home/pi/ros2_ws/src/diffdrive_arduino -DCMAKE_INSTALL_PREFIX=/home/pi/ros2_ws/install/diffdrive_arduino
[2.255s] DEBUG:colcon.colcon_core.event_handler.log_command:Invoked command in '/home/pi/ros2_ws/build/articubot_one' returned '0': CMAKE_PREFIX_PATH=${CMAKE_PREFIX_PATH}:/opt/ros/humble /usr/bin/cmake --build /home/pi/ros2_ws/build/articubot_one -- -j4 -l4
[2.417s] DEBUG:colcon.colcon_core.event_handler.log_command:Invoking command in '/home/pi/ros2_ws/build/articubot_one': CMAKE_PREFIX_PATH=${CMAKE_PREFIX_PATH}:/opt/ros/humble /usr/bin/cmake --install /home/pi/ros2_ws/build/articubot_one
[2.474s] Level 1:colcon.colcon_core.environment:create_environment_scripts_only(articubot_one)
[2.498s] DEBUG:colcon.colcon_core.event_handler.log_command:Invoked command in '/home/pi/ros2_ws/build/articubot_one' returned '0': CMAKE_PREFIX_PATH=${CMAKE_PREFIX_PATH}:/opt/ros/humble /usr/bin/cmake --install /home/pi/ros2_ws/build/articubot_one
[2.505s] Level 1:colcon.colcon_core.environment:checking '/home/pi/ros2_ws/install/articubot_one' for CMake module files
[2.510s] Level 1:colcon.colcon_core.environment:checking '/home/pi/ros2_ws/install/articubot_one' for CMake config files
[2.512s] Level 1:colcon.colcon_core.shell:create_environment_hook('articubot_one', 'cmake_prefix_path')
[2.513s] INFO:colcon.colcon_core.shell:Creating environment hook '/home/pi/ros2_ws/install/articubot_one/share/articubot_one/hook/cmake_prefix_path.ps1'
[2.516s] INFO:colcon.colcon_core.shell:Creating environment descriptor '/home/pi/ros2_ws/install/articubot_one/share/articubot_one/hook/cmake_prefix_path.dsv'
[2.519s] INFO:colcon.colcon_core.shell:Creating environment hook '/home/pi/ros2_ws/install/articubot_one/share/articubot_one/hook/cmake_prefix_path.sh'
[2.523s] Level 1:colcon.colcon_core.environment:checking '/home/pi/ros2_ws/install/articubot_one/bin'
[2.524s] Level 1:colcon.colcon_core.environment:checking '/home/pi/ros2_ws/install/articubot_one/lib/pkgconfig/articubot_one.pc'
[2.525s] Level 1:colcon.colcon_core.environment:checking '/home/pi/ros2_ws/install/articubot_one/lib/python3.10/site-packages'
[2.526s] Level 1:colcon.colcon_core.environment:checking '/home/pi/ros2_ws/install/articubot_one/bin'
[2.528s] INFO:colcon.colcon_core.shell:Creating package script '/home/pi/ros2_ws/install/articubot_one/share/articubot_one/package.ps1'
[2.532s] INFO:colcon.colcon_core.shell:Creating package descriptor '/home/pi/ros2_ws/install/articubot_one/share/articubot_one/package.dsv'
[2.535s] INFO:colcon.colcon_core.shell:Creating package script '/home/pi/ros2_ws/install/articubot_one/share/articubot_one/package.sh'
[2.540s] INFO:colcon.colcon_core.shell:Creating package script '/home/pi/ros2_ws/install/articubot_one/share/articubot_one/package.bash'
[2.544s] INFO:colcon.colcon_core.shell:Creating package script '/home/pi/ros2_ws/install/articubot_one/share/articubot_one/package.zsh'
[2.548s] Level 1:colcon.colcon_core.environment:create_file_with_runtime_dependencies(/home/pi/ros2_ws/install/articubot_one/share/colcon-core/packages/articubot_one)
[2.696s] Level 1:colcon.colcon_core.environment:create_environment_scripts_only(articubot_one)
[2.697s] Level 1:colcon.colcon_core.environment:checking '/home/pi/ros2_ws/install/articubot_one' for CMake module files
[2.701s] Level 1:colcon.colcon_core.environment:checking '/home/pi/ros2_ws/install/articubot_one' for CMake config files
[2.704s] Level 1:colcon.colcon_core.shell:create_environment_hook('articubot_one', 'cmake_prefix_path')
[2.705s] INFO:colcon.colcon_core.shell:Creating environment hook '/home/pi/ros2_ws/install/articubot_one/share/articubot_one/hook/cmake_prefix_path.ps1'
[2.708s] INFO:colcon.colcon_core.shell:Creating environment descriptor '/home/pi/ros2_ws/install/articubot_one/share/articubot_one/hook/cmake_prefix_path.dsv'
[2.712s] INFO:colcon.colcon_core.shell:Creating environment hook '/home/pi/ros2_ws/install/articubot_one/share/articubot_one/hook/cmake_prefix_path.sh'
[2.716s] Level 1:colcon.colcon_core.environment:checking '/home/pi/ros2_ws/install/articubot_one/bin'
[2.717s] Level 1:colcon.colcon_core.environment:checking '/home/pi/ros2_ws/install/articubot_one/lib/pkgconfig/articubot_one.pc'
[2.718s] Level 1:colcon.colcon_core.environment:checking '/home/pi/ros2_ws/install/articubot_one/lib/python3.10/site-packages'
[2.719s] Level 1:colcon.colcon_core.environment:checking '/home/pi/ros2_ws/install/articubot_one/bin'
[2.720s] INFO:colcon.colcon_core.shell:Creating package script '/home/pi/ros2_ws/install/articubot_one/share/articubot_one/package.ps1'
[2.723s] INFO:colcon.colcon_core.shell:Creating package descriptor '/home/pi/ros2_ws/install/articubot_one/share/articubot_one/package.dsv'
[2.727s] INFO:colcon.colcon_core.shell:Creating package script '/home/pi/ros2_ws/install/articubot_one/share/articubot_one/package.sh'
[2.731s] INFO:colcon.colcon_core.shell:Creating package script '/home/pi/ros2_ws/install/articubot_one/share/articubot_one/package.bash'
[2.733s] INFO:colcon.colcon_core.shell:Creating package script '/home/pi/ros2_ws/install/articubot_one/share/articubot_one/package.zsh'
[2.736s] Level 1:colcon.colcon_core.environment:create_file_with_runtime_dependencies(/home/pi/ros2_ws/install/articubot_one/share/colcon-core/packages/articubot_one)
[3.067s] DEBUG:colcon.colcon_core.event_handler.log_command:Invoked command in '/home/pi/ros2_ws/build/diffdrive_arduino' returned '1': CMAKE_PREFIX_PATH=${CMAKE_PREFIX_PATH}:/opt/ros/humble /usr/bin/cmake /home/pi/ros2_ws/src/diffdrive_arduino -DCMAKE_INSTALL_PREFIX=/home/pi/ros2_ws/install/diffdrive_arduino
[3.117s] Level 1:colcon.colcon_core.environment:create_environment_scripts_only(diffdrive_arduino)
[3.118s] Level 1:colcon.colcon_core.environment:checking '/home/pi/ros2_ws/install/diffdrive_arduino' for CMake module files
[3.121s] Level 1:colcon.colcon_core.environment:checking '/home/pi/ros2_ws/install/diffdrive_arduino' for CMake config files
[3.124s] Level 1:colcon.colcon_core.environment:checking '/home/pi/ros2_ws/install/diffdrive_arduino/bin'
[3.124s] Level 1:colcon.colcon_core.environment:checking '/home/pi/ros2_ws/install/diffdrive_arduino/lib/pkgconfig/diffdrive_arduino.pc'
[3.125s] Level 1:colcon.colcon_core.environment:checking '/home/pi/ros2_ws/install/diffdrive_arduino/lib/python3.10/site-packages'
[3.126s] Level 1:colcon.colcon_core.environment:checking '/home/pi/ros2_ws/install/diffdrive_arduino/bin'
[3.128s] INFO:colcon.colcon_core.shell:Creating package script '/home/pi/ros2_ws/install/diffdrive_arduino/share/diffdrive_arduino/package.ps1'
[3.130s] INFO:colcon.colcon_core.shell:Creating package descriptor '/home/pi/ros2_ws/install/diffdrive_arduino/share/diffdrive_arduino/package.dsv'
[3.132s] INFO:colcon.colcon_core.shell:Creating package script '/home/pi/ros2_ws/install/diffdrive_arduino/share/diffdrive_arduino/package.sh'
[3.134s] INFO:colcon.colcon_core.shell:Creating package script '/home/pi/ros2_ws/install/diffdrive_arduino/share/diffdrive_arduino/package.bash'
[3.136s] INFO:colcon.colcon_core.shell:Creating package script '/home/pi/ros2_ws/install/diffdrive_arduino/share/diffdrive_arduino/package.zsh'
[3.138s] Level 1:colcon.colcon_core.environment:create_file_with_runtime_dependencies(/home/pi/ros2_ws/install/diffdrive_arduino/share/colcon-core/packages/diffdrive_arduino)
[3.149s] DEBUG:colcon.colcon_parallel_executor.executor.parallel:closing loop
[3.150s] DEBUG:colcon.colcon_parallel_executor.executor.parallel:loop closed
[3.150s] DEBUG:colcon.colcon_parallel_executor.executor.parallel:run_until_complete finished with '1'
[3.151s] DEBUG:colcon.colcon_core.event_reactor:joining thread
[3.177s] INFO:colcon.colcon_core.plugin_system:Skipping extension 'colcon_notification.desktop_notification.notify_send': Could not find 'notify-send'
[3.177s] INFO:colcon.colcon_core.plugin_system:Skipping extension 'colcon_notification.desktop_notification.terminal_notifier': Not used on non-Darwin systems
[3.177s] INFO:colcon.colcon_core.plugin_system:Skipping extension 'colcon_notification.desktop_notification.win32': Not used on non-Windows systems
[3.178s] INFO:colcon.colcon_notification.desktop_notification:Sending desktop notification using 'notify2'
[3.181s] DEBUG:colcon.colcon_notification.desktop_notification.notify2:Failed to initialize notify2: org.freedesktop.DBus.Error.ServiceUnknown: The name org.freedesktop.Notifications was not provided by any .service files
[3.181s] DEBUG:colcon.colcon_core.event_reactor:joined thread
[3.182s] INFO:colcon.colcon_core.shell:Creating prefix script '/home/pi/ros2_ws/install/local_setup.ps1'
[3.186s] INFO:colcon.colcon_core.shell:Creating prefix util module '/home/pi/ros2_ws/install/_local_setup_util_ps1.py'
[3.195s] INFO:colcon.colcon_core.shell:Creating prefix chain script '/home/pi/ros2_ws/install/setup.ps1'
[3.201s] INFO:colcon.colcon_core.shell:Creating prefix script '/home/pi/ros2_ws/install/local_setup.sh'
[3.204s] INFO:colcon.colcon_core.shell:Creating prefix util module '/home/pi/ros2_ws/install/_local_setup_util_sh.py'
[3.207s] INFO:colcon.colcon_core.shell:Creating prefix chain script '/home/pi/ros2_ws/install/setup.sh'
[3.212s] INFO:colcon.colcon_core.shell:Creating prefix script '/home/pi/ros2_ws/install/local_setup.bash'
[3.214s] INFO:colcon.colcon_core.shell:Creating prefix chain script '/home/pi/ros2_ws/install/setup.bash'
[3.219s] INFO:colcon.colcon_core.shell:Creating prefix script '/home/pi/ros2_ws/install/local_setup.zsh'
[3.222s] INFO:colcon.colcon_core.shell:Creating prefix chain script '/home/pi/ros2_ws/install/setup.zsh'
