[0.092s] Invoking command in '/home/pi/ros2_ws/build/articubot_one': CMAKE_PREFIX_PATH=${CMAKE_PREFIX_PATH}:/opt/ros/humble /usr/bin/cmake --build /home/pi/ros2_ws/build/articubot_one -- -j4 -l4
[0.268s] Invoked command in '/home/pi/ros2_ws/build/articubot_one' returned '0': CMAKE_PREFIX_PATH=${CMAKE_PREFIX_PATH}:/opt/ros/humble /usr/bin/cmake --build /home/pi/ros2_ws/build/articubot_one -- -j4 -l4
[0.725s] Invoking command in '/home/pi/ros2_ws/build/articubot_one': CMAKE_PREFIX_PATH=${CMAKE_PREFIX_PATH}:/opt/ros/humble /usr/bin/cmake --install /home/pi/ros2_ws/build/articubot_one
[0.795s] -- Install configuration: ""
[0.796s] -- Up-to-date: /home/pi/ros2_ws/install/articubot_one/share/articubot_one/config
[0.797s] -- Up-to-date: /home/pi/ros2_ws/install/articubot_one/share/articubot_one/config/gazebo_params.yaml
[0.798s] -- Up-to-date: /home/pi/ros2_ws/install/articubot_one/share/articubot_one/config/gaz_ros2_ctl_use_sim.yaml
[0.798s] -- Up-to-date: /home/pi/ros2_ws/install/articubot_one/share/articubot_one/config/mapper_params_online_async.yaml
[0.799s] -- Up-to-date: /home/pi/ros2_ws/install/articubot_one/share/articubot_one/config/view_bot.rviz
[0.799s] -- Up-to-date: /home/pi/ros2_ws/install/articubot_one/share/articubot_one/config/joystick.yaml
[0.800s] -- Up-to-date: /home/pi/ros2_ws/install/articubot_one/share/articubot_one/config/twist_mux.yaml
[0.801s] -- Up-to-date: /home/pi/ros2_ws/install/articubot_one/share/articubot_one/config/nav2_params.yaml
[0.802s] -- Up-to-date: /home/pi/ros2_ws/install/articubot_one/share/articubot_one/config/main.rviz
[0.803s] -- Up-to-date: /home/pi/ros2_ws/install/articubot_one/share/articubot_one/config/my_controllers.yaml
[0.803s] -- Up-to-date: /home/pi/ros2_ws/install/articubot_one/share/articubot_one/config/ball_tracker_params_robot.yaml
[0.804s] -- Up-to-date: /home/pi/ros2_ws/install/articubot_one/share/articubot_one/config/map.rviz
[0.804s] -- Up-to-date: /home/pi/ros2_ws/install/articubot_one/share/articubot_one/config/empty.yaml
[0.805s] -- Up-to-date: /home/pi/ros2_ws/install/articubot_one/share/articubot_one/config/ball_tracker_params_sim.yaml
[0.811s] -- Up-to-date: /home/pi/ros2_ws/install/articubot_one/share/articubot_one/config/drive_bot.rviz
[0.812s] -- Up-to-date: /home/pi/ros2_ws/install/articubot_one/share/articubot_one/description
[0.814s] -- Up-to-date: /home/pi/ros2_ws/install/articubot_one/share/articubot_one/description/inertial_macros.xacro
[0.815s] -- Up-to-date: /home/pi/ros2_ws/install/articubot_one/share/articubot_one/description/depth_camera.xacro
[0.819s] -- Up-to-date: /home/pi/ros2_ws/install/articubot_one/share/articubot_one/description/camera.xacro
[0.820s] -- Up-to-date: /home/pi/ros2_ws/install/articubot_one/share/articubot_one/description/face.xacro
[0.823s] -- Up-to-date: /home/pi/ros2_ws/install/articubot_one/share/articubot_one/description/ros2_control.xacro
[0.824s] -- Up-to-date: /home/pi/ros2_ws/install/articubot_one/share/articubot_one/description/robot.urdf.xacro
[0.825s] -- Up-to-date: /home/pi/ros2_ws/install/articubot_one/share/articubot_one/description/lidar.xacro
[0.825s] -- Up-to-date: /home/pi/ros2_ws/install/articubot_one/share/articubot_one/description/robot_core.xacro
[0.826s] -- Up-to-date: /home/pi/ros2_ws/install/articubot_one/share/articubot_one/description/gazebo_control.xacro
[0.828s] -- Up-to-date: /home/pi/ros2_ws/install/articubot_one/share/articubot_one/launch
[0.828s] -- Up-to-date: /home/pi/ros2_ws/install/articubot_one/share/articubot_one/launch/joystick.launch.py
[0.829s] -- Up-to-date: /home/pi/ros2_ws/install/articubot_one/share/articubot_one/launch/rsp.launch.py
[0.830s] -- Up-to-date: /home/pi/ros2_ws/install/articubot_one/share/articubot_one/launch/launch_robot.launch.py
[0.839s] -- Up-to-date: /home/pi/ros2_ws/install/articubot_one/share/articubot_one/launch/localization_launch.py
[0.840s] -- Up-to-date: /home/pi/ros2_ws/install/articubot_one/share/articubot_one/launch/ball_tracker.launch.py
[0.843s] -- Up-to-date: /home/pi/ros2_ws/install/articubot_one/share/articubot_one/launch/launch_sim.launch.py
[0.844s] -- Up-to-date: /home/pi/ros2_ws/install/articubot_one/share/articubot_one/launch/online_async_launch.py
[0.845s] -- Up-to-date: /home/pi/ros2_ws/install/articubot_one/share/articubot_one/launch/navigation_launch.py
[0.846s] -- Up-to-date: /home/pi/ros2_ws/install/articubot_one/share/articubot_one/launch/camera.launch.py
[0.847s] -- Up-to-date: /home/pi/ros2_ws/install/articubot_one/share/articubot_one/launch/rplidar.launch.py
[0.848s] -- Up-to-date: /home/pi/ros2_ws/install/articubot_one/share/articubot_one/worlds
[0.878s] -- Up-to-date: /home/pi/ros2_ws/install/articubot_one/share/articubot_one/worlds/obstacles.world
[0.879s] -- Up-to-date: /home/pi/ros2_ws/install/articubot_one/share/articubot_one/worlds/empty.world
[0.879s] -- Up-to-date: /home/pi/ros2_ws/install/articubot_one/share/ament_index/resource_index/package_run_dependencies/articubot_one
[0.880s] -- Up-to-date: /home/pi/ros2_ws/install/articubot_one/share/ament_index/resource_index/parent_prefix_path/articubot_one
[0.881s] -- Up-to-date: /home/pi/ros2_ws/install/articubot_one/share/articubot_one/environment/ament_prefix_path.sh
[0.881s] -- Up-to-date: /home/pi/ros2_ws/install/articubot_one/share/articubot_one/environment/ament_prefix_path.dsv
[0.882s] -- Up-to-date: /home/pi/ros2_ws/install/articubot_one/share/articubot_one/environment/path.sh
[0.882s] -- Up-to-date: /home/pi/ros2_ws/install/articubot_one/share/articubot_one/environment/path.dsv
[0.883s] -- Up-to-date: /home/pi/ros2_ws/install/articubot_one/share/articubot_one/local_setup.bash
[0.883s] -- Up-to-date: /home/pi/ros2_ws/install/articubot_one/share/articubot_one/local_setup.sh
[0.883s] -- Up-to-date: /home/pi/ros2_ws/install/articubot_one/share/articubot_one/local_setup.zsh
[0.884s] -- Up-to-date: /home/pi/ros2_ws/install/articubot_one/share/articubot_one/local_setup.dsv
[0.884s] -- Installing: /home/pi/ros2_ws/install/articubot_one/share/articubot_one/package.dsv
[0.885s] -- Up-to-date: /home/pi/ros2_ws/install/articubot_one/share/ament_index/resource_index/packages/articubot_one
[0.885s] -- Up-to-date: /home/pi/ros2_ws/install/articubot_one/share/articubot_one/cmake/articubot_oneConfig.cmake
[0.886s] -- Up-to-date: /home/pi/ros2_ws/install/articubot_one/share/articubot_one/cmake/articubot_oneConfig-version.cmake
[0.897s] -- Up-to-date: /home/pi/ros2_ws/install/articubot_one/share/articubot_one/package.xml
[0.898s] Invoked command in '/home/pi/ros2_ws/build/articubot_one' returned '0': CMAKE_PREFIX_PATH=${CMAKE_PREFIX_PATH}:/opt/ros/humble /usr/bin/cmake --install /home/pi/ros2_ws/build/articubot_one
