[0.070s] Invoking command in '/home/pi/ros2_ws/build/articubot_one': CMAKE_PREFIX_PATH=${CMAKE_PREFIX_PATH}:/home/pi/ros2_ws/install/serial_motor_demo:/opt/ros/humble /usr/bin/cmake --build /home/pi/ros2_ws/build/articubot_one -- -j4 -l4
[0.256s] Invoked command in '/home/pi/ros2_ws/build/articubot_one' returned '0': CMAKE_PREFIX_PATH=${CMAKE_PREFIX_PATH}:/home/pi/ros2_ws/install/serial_motor_demo:/opt/ros/humble /usr/bin/cmake --build /home/pi/ros2_ws/build/articubot_one -- -j4 -l4
[0.448s] Invoking command in '/home/pi/ros2_ws/build/articubot_one': CMAKE_PREFIX_PATH=${CMAKE_PREFIX_PATH}:/home/pi/ros2_ws/install/serial_motor_demo:/opt/ros/humble /usr/bin/cmake --install /home/pi/ros2_ws/build/articubot_one
[0.500s] -- Install configuration: ""
[0.501s] -- Up-to-date: /home/pi/ros2_ws/install/articubot_one/share/articubot_one/config
[0.502s] -- Up-to-date: /home/pi/ros2_ws/install/articubot_one/share/articubot_one/config/gazebo_params.yaml
[0.503s] -- Up-to-date: /home/pi/ros2_ws/install/articubot_one/share/articubot_one/config/gaz_ros2_ctl_use_sim.yaml
[0.503s] -- Up-to-date: /home/pi/ros2_ws/install/articubot_one/share/articubot_one/config/mapper_params_online_async.yaml
[0.505s] -- Up-to-date: /home/pi/ros2_ws/install/articubot_one/share/articubot_one/config/view_bot.rviz
[0.506s] -- Up-to-date: /home/pi/ros2_ws/install/articubot_one/share/articubot_one/config/joystick.yaml
[0.507s] -- Up-to-date: /home/pi/ros2_ws/install/articubot_one/share/articubot_one/config/twist_mux.yaml
[0.508s] -- Up-to-date: /home/pi/ros2_ws/install/articubot_one/share/articubot_one/config/nav2_params.yaml
[0.510s] -- Up-to-date: /home/pi/ros2_ws/install/articubot_one/share/articubot_one/config/main.rviz
[0.511s] -- Up-to-date: /home/pi/ros2_ws/install/articubot_one/share/articubot_one/config/my_controllers.yaml
[0.512s] -- Up-to-date: /home/pi/ros2_ws/install/articubot_one/share/articubot_one/config/ball_tracker_params_robot.yaml
[0.514s] -- Up-to-date: /home/pi/ros2_ws/install/articubot_one/share/articubot_one/config/map.rviz
[0.515s] -- Up-to-date: /home/pi/ros2_ws/install/articubot_one/share/articubot_one/config/empty.yaml
[0.516s] -- Up-to-date: /home/pi/ros2_ws/install/articubot_one/share/articubot_one/config/ball_tracker_params_sim.yaml
[0.517s] -- Up-to-date: /home/pi/ros2_ws/install/articubot_one/share/articubot_one/config/drive_bot.rviz
[0.517s] -- Up-to-date: /home/pi/ros2_ws/install/articubot_one/share/articubot_one/description
[0.518s] -- Up-to-date: /home/pi/ros2_ws/install/articubot_one/share/articubot_one/description/inertial_macros.xacro
[0.519s] -- Up-to-date: /home/pi/ros2_ws/install/articubot_one/share/articubot_one/description/depth_camera.xacro
[0.520s] -- Up-to-date: /home/pi/ros2_ws/install/articubot_one/share/articubot_one/description/camera.xacro
[0.521s] -- Up-to-date: /home/pi/ros2_ws/install/articubot_one/share/articubot_one/description/face.xacro
[0.522s] -- Up-to-date: /home/pi/ros2_ws/install/articubot_one/share/articubot_one/description/ros2_control.xacro
[0.522s] -- Up-to-date: /home/pi/ros2_ws/install/articubot_one/share/articubot_one/description/robot.urdf.xacro
[0.523s] -- Up-to-date: /home/pi/ros2_ws/install/articubot_one/share/articubot_one/description/lidar.xacro
[0.524s] -- Up-to-date: /home/pi/ros2_ws/install/articubot_one/share/articubot_one/description/robot_core.xacro
[0.527s] -- Up-to-date: /home/pi/ros2_ws/install/articubot_one/share/articubot_one/description/gazebo_control.xacro
[0.528s] -- Up-to-date: /home/pi/ros2_ws/install/articubot_one/share/articubot_one/launch
[0.529s] -- Up-to-date: /home/pi/ros2_ws/install/articubot_one/share/articubot_one/launch/joystick.launch.py
[0.538s] -- Up-to-date: /home/pi/ros2_ws/install/articubot_one/share/articubot_one/launch/rsp.launch.py
[0.539s] -- Up-to-date: /home/pi/ros2_ws/install/articubot_one/share/articubot_one/launch/launch_robot.launch.py
[0.540s] -- Up-to-date: /home/pi/ros2_ws/install/articubot_one/share/articubot_one/launch/localization_launch.py
[0.542s] -- Up-to-date: /home/pi/ros2_ws/install/articubot_one/share/articubot_one/launch/ball_tracker.launch.py
[0.543s] -- Up-to-date: /home/pi/ros2_ws/install/articubot_one/share/articubot_one/launch/launch_sim.launch.py
[0.544s] -- Up-to-date: /home/pi/ros2_ws/install/articubot_one/share/articubot_one/launch/online_async_launch.py
[0.544s] -- Up-to-date: /home/pi/ros2_ws/install/articubot_one/share/articubot_one/launch/navigation_launch.py
[0.545s] -- Up-to-date: /home/pi/ros2_ws/install/articubot_one/share/articubot_one/launch/camera.launch.py
[0.545s] -- Up-to-date: /home/pi/ros2_ws/install/articubot_one/share/articubot_one/launch/rplidar.launch.py
[0.546s] -- Up-to-date: /home/pi/ros2_ws/install/articubot_one/share/articubot_one/worlds
[0.547s] -- Up-to-date: /home/pi/ros2_ws/install/articubot_one/share/articubot_one/worlds/obstacles.world
[0.548s] -- Up-to-date: /home/pi/ros2_ws/install/articubot_one/share/articubot_one/worlds/empty.world
[0.548s] -- Up-to-date: /home/pi/ros2_ws/install/articubot_one/share/ament_index/resource_index/package_run_dependencies/articubot_one
[0.551s] -- Up-to-date: /home/pi/ros2_ws/install/articubot_one/share/ament_index/resource_index/parent_prefix_path/articubot_one
[0.552s] -- Up-to-date: /home/pi/ros2_ws/install/articubot_one/share/articubot_one/environment/ament_prefix_path.sh
[0.552s] -- Up-to-date: /home/pi/ros2_ws/install/articubot_one/share/articubot_one/environment/ament_prefix_path.dsv
[0.553s] -- Up-to-date: /home/pi/ros2_ws/install/articubot_one/share/articubot_one/environment/path.sh
[0.553s] -- Up-to-date: /home/pi/ros2_ws/install/articubot_one/share/articubot_one/environment/path.dsv
[0.554s] -- Up-to-date: /home/pi/ros2_ws/install/articubot_one/share/articubot_one/local_setup.bash
[0.554s] -- Up-to-date: /home/pi/ros2_ws/install/articubot_one/share/articubot_one/local_setup.sh
[0.555s] -- Up-to-date: /home/pi/ros2_ws/install/articubot_one/share/articubot_one/local_setup.zsh
[0.555s] -- Up-to-date: /home/pi/ros2_ws/install/articubot_one/share/articubot_one/local_setup.dsv
[0.556s] -- Installing: /home/pi/ros2_ws/install/articubot_one/share/articubot_one/package.dsv
[0.556s] -- Up-to-date: /home/pi/ros2_ws/install/articubot_one/share/ament_index/resource_index/packages/articubot_one
[0.557s] -- Up-to-date: /home/pi/ros2_ws/install/articubot_one/share/articubot_one/cmake/articubot_oneConfig.cmake
[0.558s] -- Up-to-date: /home/pi/ros2_ws/install/articubot_one/share/articubot_one/cmake/articubot_oneConfig-version.cmake
[0.558s] -- Up-to-date: /home/pi/ros2_ws/install/articubot_one/share/articubot_one/package.xml
[0.559s] Invoked command in '/home/pi/ros2_ws/build/articubot_one' returned '0': CMAKE_PREFIX_PATH=${CMAKE_PREFIX_PATH}:/home/pi/ros2_ws/install/serial_motor_demo:/opt/ros/humble /usr/bin/cmake --install /home/pi/ros2_ws/build/articubot_one
