[4.782s] Invoking command in '/home/pi/ros2_ws/src/serial_motor_demo/serial_motor_demo': AMENT_PREFIX_PATH=/home/pi/ros2_ws/install/serial_motor_demo_msgs:${AMENT_PREFIX_PATH} CMAKE_PREFIX_PATH=/home/pi/ros2_ws/install/serial_motor_demo_msgs:${CMAKE_PREFIX_PATH} LD_LIBRARY_PATH=/home/pi/ros2_ws/install/serial_motor_demo_msgs/lib:${LD_LIBRARY_PATH} PYTHONPATH=/home/pi/ros2_ws/build/serial_motor_demo/prefix_override:/usr/lib/python3/dist-packages/colcon_core/task/python/colcon_distutils_commands:/home/pi/ros2_ws/install/serial_motor_demo/lib/python3.10/site-packages:/home/pi/ros2_ws/install/serial_motor_demo_msgs/local/lib/python3.10/dist-packages:${PYTHONPATH} /usr/bin/python3 -W ignore:setup.py install is deprecated setup.py egg_info --egg-base ../../../build/serial_motor_demo build --build-base /home/pi/ros2_ws/build/serial_motor_demo/build install --record /home/pi/ros2_ws/build/serial_motor_demo/install.log --install-scripts $base/lib/serial_motor_demo --single-version-externally-managed install_data
[7.078s] /usr/lib/python3/dist-packages/setuptools/dist.py:723: UserWarning: Usage of dash-separated 'script-dir' will not be supported in future versions. Please use the underscore name 'script_dir' instead
[7.079s]   warnings.warn(
[7.131s] running egg_info
[7.134s] creating ../../../build/serial_motor_demo/serial_motor_demo.egg-info
[7.136s] writing ../../../build/serial_motor_demo/serial_motor_demo.egg-info/PKG-INFO
[7.137s] writing dependency_links to ../../../build/serial_motor_demo/serial_motor_demo.egg-info/dependency_links.txt
[7.138s] writing entry points to ../../../build/serial_motor_demo/serial_motor_demo.egg-info/entry_points.txt
[7.140s] writing requirements to ../../../build/serial_motor_demo/serial_motor_demo.egg-info/requires.txt
[7.140s] writing top-level names to ../../../build/serial_motor_demo/serial_motor_demo.egg-info/top_level.txt
[7.141s] writing manifest file '../../../build/serial_motor_demo/serial_motor_demo.egg-info/SOURCES.txt'
[7.154s] reading manifest file '../../../build/serial_motor_demo/serial_motor_demo.egg-info/SOURCES.txt'
[7.158s] writing manifest file '../../../build/serial_motor_demo/serial_motor_demo.egg-info/SOURCES.txt'
[7.159s] running build
[7.161s] running build_py
[7.162s] creating /home/pi/ros2_ws/build/serial_motor_demo/build
[7.163s] creating /home/pi/ros2_ws/build/serial_motor_demo/build/lib
[7.164s] creating /home/pi/ros2_ws/build/serial_motor_demo/build/lib/serial_motor_demo
[7.165s] copying serial_motor_demo/__init__.py -> /home/pi/ros2_ws/build/serial_motor_demo/build/lib/serial_motor_demo
[7.166s] copying serial_motor_demo/gui.py -> /home/pi/ros2_ws/build/serial_motor_demo/build/lib/serial_motor_demo
[7.167s] copying serial_motor_demo/driver.py -> /home/pi/ros2_ws/build/serial_motor_demo/build/lib/serial_motor_demo
[7.168s] running install
[7.169s] running install_lib
[7.173s] creating /home/pi/ros2_ws/install/serial_motor_demo/lib/python3.10/site-packages/serial_motor_demo
[7.175s] copying /home/pi/ros2_ws/build/serial_motor_demo/build/lib/serial_motor_demo/__init__.py -> /home/pi/ros2_ws/install/serial_motor_demo/lib/python3.10/site-packages/serial_motor_demo
[7.176s] copying /home/pi/ros2_ws/build/serial_motor_demo/build/lib/serial_motor_demo/gui.py -> /home/pi/ros2_ws/install/serial_motor_demo/lib/python3.10/site-packages/serial_motor_demo
[7.177s] copying /home/pi/ros2_ws/build/serial_motor_demo/build/lib/serial_motor_demo/driver.py -> /home/pi/ros2_ws/install/serial_motor_demo/lib/python3.10/site-packages/serial_motor_demo
[7.180s] byte-compiling /home/pi/ros2_ws/install/serial_motor_demo/lib/python3.10/site-packages/serial_motor_demo/__init__.py to __init__.cpython-310.pyc
[7.183s] byte-compiling /home/pi/ros2_ws/install/serial_motor_demo/lib/python3.10/site-packages/serial_motor_demo/gui.py to gui.cpython-310.pyc
[7.191s] byte-compiling /home/pi/ros2_ws/install/serial_motor_demo/lib/python3.10/site-packages/serial_motor_demo/driver.py to driver.cpython-310.pyc
[7.197s] running install_data
[7.199s] creating /home/pi/ros2_ws/install/serial_motor_demo/share/ament_index
[7.200s] creating /home/pi/ros2_ws/install/serial_motor_demo/share/ament_index/resource_index
[7.202s] creating /home/pi/ros2_ws/install/serial_motor_demo/share/ament_index/resource_index/packages
[7.203s] copying resource/serial_motor_demo -> /home/pi/ros2_ws/install/serial_motor_demo/share/ament_index/resource_index/packages
[7.204s] copying package.xml -> /home/pi/ros2_ws/install/serial_motor_demo/share/serial_motor_demo
[7.205s] running install_egg_info
[7.216s] Copying ../../../build/serial_motor_demo/serial_motor_demo.egg-info to /home/pi/ros2_ws/install/serial_motor_demo/lib/python3.10/site-packages/serial_motor_demo-0.0.0-py3.10.egg-info
[7.228s] running install_scripts
[7.398s] Installing driver script to /home/pi/ros2_ws/install/serial_motor_demo/lib/serial_motor_demo
[7.400s] Installing gui script to /home/pi/ros2_ws/install/serial_motor_demo/lib/serial_motor_demo
[7.404s] writing list of installed files to '/home/pi/ros2_ws/build/serial_motor_demo/install.log'
[7.689s] Invoked command in '/home/pi/ros2_ws/src/serial_motor_demo/serial_motor_demo' returned '0': AMENT_PREFIX_PATH=/home/pi/ros2_ws/install/serial_motor_demo_msgs:${AMENT_PREFIX_PATH} CMAKE_PREFIX_PATH=/home/pi/ros2_ws/install/serial_motor_demo_msgs:${CMAKE_PREFIX_PATH} LD_LIBRARY_PATH=/home/pi/ros2_ws/install/serial_motor_demo_msgs/lib:${LD_LIBRARY_PATH} PYTHONPATH=/home/pi/ros2_ws/build/serial_motor_demo/prefix_override:/usr/lib/python3/dist-packages/colcon_core/task/python/colcon_distutils_commands:/home/pi/ros2_ws/install/serial_motor_demo/lib/python3.10/site-packages:/home/pi/ros2_ws/install/serial_motor_demo_msgs/local/lib/python3.10/dist-packages:${PYTHONPATH} /usr/bin/python3 -W ignore:setup.py install is deprecated setup.py egg_info --egg-base ../../../build/serial_motor_demo build --build-base /home/pi/ros2_ws/build/serial_motor_demo/build install --record /home/pi/ros2_ws/build/serial_motor_demo/install.log --install-scripts $base/lib/serial_motor_demo --single-version-externally-managed install_data
