[0.059s] Invoking command in '/home/pi/ros2_ws/build/diffdrive_arduino': CMAKE_PREFIX_PATH=/home/pi/ros2_ws/install/serial:/home/pi/ros2_ws/install/serial_motor_demo_msgs:/home/pi/ros2_ws/install/diffdrive_arduino:/home/pi/ros2_ws/install/articubot_one:/home/pi/ros2_ws/install/serial_motor_demo:/opt/ros/humble /usr/bin/cmake --build /home/pi/ros2_ws/build/diffdrive_arduino -- -j4 -l4
[0.384s] [ 57%] Built target diffdrive_arduino
[0.395s] [100%] Built target fake_robot
[0.444s] Invoked command in '/home/pi/ros2_ws/build/diffdrive_arduino' returned '0': CMAKE_PREFIX_PATH=/home/pi/ros2_ws/install/serial:/home/pi/ros2_ws/install/serial_motor_demo_msgs:/home/pi/ros2_ws/install/diffdrive_arduino:/home/pi/ros2_ws/install/articubot_one:/home/pi/ros2_ws/install/serial_motor_demo:/opt/ros/humble /usr/bin/cmake --build /home/pi/ros2_ws/build/diffdrive_arduino -- -j4 -l4
[0.649s] Invoking command in '/home/pi/ros2_ws/build/diffdrive_arduino': CMAKE_PREFIX_PATH=/home/pi/ros2_ws/install/serial:/home/pi/ros2_ws/install/serial_motor_demo_msgs:/home/pi/ros2_ws/install/diffdrive_arduino:/home/pi/ros2_ws/install/articubot_one:/home/pi/ros2_ws/install/serial_motor_demo:/opt/ros/humble /usr/bin/cmake --install /home/pi/ros2_ws/build/diffdrive_arduino
[0.682s] -- Install configuration: ""
[0.683s] -- Up-to-date: /home/pi/ros2_ws/install/diffdrive_arduino/share/diffdrive_arduino/robot_hardware.xml
[0.683s] -- Up-to-date: /home/pi/ros2_ws/install/diffdrive_arduino/share/diffdrive_arduino/fake_robot_hardware.xml
[0.685s] -- Up-to-date: /home/pi/ros2_ws/install/diffdrive_arduino/lib/libdiffdrive_arduino.so
[0.687s] -- Up-to-date: /home/pi/ros2_ws/install/diffdrive_arduino/lib/libfake_robot.so
[0.689s] -- Up-to-date: /home/pi/ros2_ws/install/diffdrive_arduino/share/diffdrive_arduino/controllers
[0.690s] -- Up-to-date: /home/pi/ros2_ws/install/diffdrive_arduino/share/diffdrive_arduino/controllers/robot_controller_example.yaml
[0.691s] -- Up-to-date: /home/pi/ros2_ws/install/diffdrive_arduino/share/diffdrive_arduino
[0.691s] -- Up-to-date: /home/pi/ros2_ws/install/diffdrive_arduino/share/diffdrive_arduino/test_robot.launch.py
[0.692s] -- Up-to-date: /home/pi/ros2_ws/install/diffdrive_arduino/share/diffdrive_arduino/fake_robot.launch.py
[0.693s] -- Up-to-date: /home/pi/ros2_ws/install/diffdrive_arduino/share/diffdrive_arduino/environment/library_path.sh
[0.693s] -- Up-to-date: /home/pi/ros2_ws/install/diffdrive_arduino/share/diffdrive_arduino/environment/library_path.dsv
[0.694s] -- Up-to-date: /home/pi/ros2_ws/install/diffdrive_arduino/share/ament_index/resource_index/package_run_dependencies/diffdrive_arduino
[0.695s] -- Up-to-date: /home/pi/ros2_ws/install/diffdrive_arduino/share/ament_index/resource_index/parent_prefix_path/diffdrive_arduino
[0.695s] -- Up-to-date: /home/pi/ros2_ws/install/diffdrive_arduino/share/diffdrive_arduino/environment/ament_prefix_path.sh
[0.696s] -- Up-to-date: /home/pi/ros2_ws/install/diffdrive_arduino/share/diffdrive_arduino/environment/ament_prefix_path.dsv
[0.696s] -- Up-to-date: /home/pi/ros2_ws/install/diffdrive_arduino/share/diffdrive_arduino/environment/path.sh
[0.708s] -- Up-to-date: /home/pi/ros2_ws/install/diffdrive_arduino/share/diffdrive_arduino/environment/path.dsv
[0.709s] -- Up-to-date: /home/pi/ros2_ws/install/diffdrive_arduino/share/diffdrive_arduino/local_setup.bash
[0.710s] -- Up-to-date: /home/pi/ros2_ws/install/diffdrive_arduino/share/diffdrive_arduino/local_setup.sh
[0.712s] -- Up-to-date: /home/pi/ros2_ws/install/diffdrive_arduino/share/diffdrive_arduino/local_setup.zsh
[0.715s] -- Up-to-date: /home/pi/ros2_ws/install/diffdrive_arduino/share/diffdrive_arduino/local_setup.dsv
[0.726s] -- Installing: /home/pi/ros2_ws/install/diffdrive_arduino/share/diffdrive_arduino/package.dsv
[0.737s] -- Up-to-date: /home/pi/ros2_ws/install/diffdrive_arduino/share/ament_index/resource_index/packages/diffdrive_arduino
[0.740s] -- Up-to-date: /home/pi/ros2_ws/install/diffdrive_arduino/share/ament_index/resource_index/hardware_interface__pluginlib__plugin/diffdrive_arduino
[0.741s] -- Up-to-date: /home/pi/ros2_ws/install/diffdrive_arduino/share/diffdrive_arduino/cmake/ament_cmake_export_libraries-extras.cmake
[0.741s] -- Up-to-date: /home/pi/ros2_ws/install/diffdrive_arduino/share/diffdrive_arduino/cmake/ament_cmake_export_dependencies-extras.cmake
[0.742s] -- Up-to-date: /home/pi/ros2_ws/install/diffdrive_arduino/share/diffdrive_arduino/cmake/diffdrive_arduinoConfig.cmake
[0.744s] -- Up-to-date: /home/pi/ros2_ws/install/diffdrive_arduino/share/diffdrive_arduino/cmake/diffdrive_arduinoConfig-version.cmake
[0.744s] -- Up-to-date: /home/pi/ros2_ws/install/diffdrive_arduino/share/diffdrive_arduino/package.xml
[0.745s] Invoked command in '/home/pi/ros2_ws/build/diffdrive_arduino' returned '0': CMAKE_PREFIX_PATH=/home/pi/ros2_ws/install/serial:/home/pi/ros2_ws/install/serial_motor_demo_msgs:/home/pi/ros2_ws/install/diffdrive_arduino:/home/pi/ros2_ws/install/articubot_one:/home/pi/ros2_ws/install/serial_motor_demo:/opt/ros/humble /usr/bin/cmake --install /home/pi/ros2_ws/build/diffdrive_arduino
