[0.108s] Invoking command in '/home/pi/ros2_ws/build/articubot_one': CMAKE_PREFIX_PATH=${CMAKE_PREFIX_PATH}:/home/pi/ros2_ws/install/serial_motor_demo:/opt/ros/humble /usr/bin/cmake --build /home/pi/ros2_ws/build/articubot_one -- -j4 -l4
[0.320s] Invoked command in '/home/pi/ros2_ws/build/articubot_one' returned '0': CMAKE_PREFIX_PATH=${CMAKE_PREFIX_PATH}:/home/pi/ros2_ws/install/serial_motor_demo:/opt/ros/humble /usr/bin/cmake --build /home/pi/ros2_ws/build/articubot_one -- -j4 -l4
[0.568s] Invoking command in '/home/pi/ros2_ws/build/articubot_one': CMAKE_PREFIX_PATH=${CMAKE_PREFIX_PATH}:/home/pi/ros2_ws/install/serial_motor_demo:/opt/ros/humble /usr/bin/cmake --install /home/pi/ros2_ws/build/articubot_one
[0.629s] -- Install configuration: ""
[0.632s] -- Up-to-date: /home/pi/ros2_ws/install/articubot_one/share/articubot_one/config
[0.635s] -- Up-to-date: /home/pi/ros2_ws/install/articubot_one/share/articubot_one/config/gazebo_params.yaml
[0.636s] -- Up-to-date: /home/pi/ros2_ws/install/articubot_one/share/articubot_one/config/gaz_ros2_ctl_use_sim.yaml
[0.639s] -- Up-to-date: /home/pi/ros2_ws/install/articubot_one/share/articubot_one/config/mapper_params_online_async.yaml
[0.641s] -- Up-to-date: /home/pi/ros2_ws/install/articubot_one/share/articubot_one/config/view_bot.rviz
[0.642s] -- Up-to-date: /home/pi/ros2_ws/install/articubot_one/share/articubot_one/config/joystick.yaml
[0.643s] -- Up-to-date: /home/pi/ros2_ws/install/articubot_one/share/articubot_one/config/twist_mux.yaml
[0.645s] -- Up-to-date: /home/pi/ros2_ws/install/articubot_one/share/articubot_one/config/nav2_params.yaml
[0.647s] -- Up-to-date: /home/pi/ros2_ws/install/articubot_one/share/articubot_one/config/main.rviz
[0.648s] -- Up-to-date: /home/pi/ros2_ws/install/articubot_one/share/articubot_one/config/my_controllers.yaml
[0.650s] -- Up-to-date: /home/pi/ros2_ws/install/articubot_one/share/articubot_one/config/ball_tracker_params_robot.yaml
[0.651s] -- Up-to-date: /home/pi/ros2_ws/install/articubot_one/share/articubot_one/config/map.rviz
[0.652s] -- Up-to-date: /home/pi/ros2_ws/install/articubot_one/share/articubot_one/config/empty.yaml
[0.654s] -- Up-to-date: /home/pi/ros2_ws/install/articubot_one/share/articubot_one/config/ball_tracker_params_sim.yaml
[0.655s] -- Up-to-date: /home/pi/ros2_ws/install/articubot_one/share/articubot_one/config/drive_bot.rviz
[0.656s] -- Up-to-date: /home/pi/ros2_ws/install/articubot_one/share/articubot_one/description
[0.658s] -- Up-to-date: /home/pi/ros2_ws/install/articubot_one/share/articubot_one/description/inertial_macros.xacro
[0.659s] -- Up-to-date: /home/pi/ros2_ws/install/articubot_one/share/articubot_one/description/depth_camera.xacro
[0.661s] -- Up-to-date: /home/pi/ros2_ws/install/articubot_one/share/articubot_one/description/camera.xacro
[0.663s] -- Up-to-date: /home/pi/ros2_ws/install/articubot_one/share/articubot_one/description/face.xacro
[0.663s] -- Up-to-date: /home/pi/ros2_ws/install/articubot_one/share/articubot_one/description/ros2_control.xacro
[0.666s] -- Up-to-date: /home/pi/ros2_ws/install/articubot_one/share/articubot_one/description/robot.urdf.xacro
[0.667s] -- Up-to-date: /home/pi/ros2_ws/install/articubot_one/share/articubot_one/description/lidar.xacro
[0.668s] -- Up-to-date: /home/pi/ros2_ws/install/articubot_one/share/articubot_one/description/robot_core.xacro
[0.668s] -- Up-to-date: /home/pi/ros2_ws/install/articubot_one/share/articubot_one/description/gazebo_control.xacro
[0.669s] -- Up-to-date: /home/pi/ros2_ws/install/articubot_one/share/articubot_one/launch
[0.674s] -- Up-to-date: /home/pi/ros2_ws/install/articubot_one/share/articubot_one/launch/joystick.launch.py
[0.675s] -- Up-to-date: /home/pi/ros2_ws/install/articubot_one/share/articubot_one/launch/rsp.launch.py
[0.675s] -- Up-to-date: /home/pi/ros2_ws/install/articubot_one/share/articubot_one/launch/launch_robot.launch.py
[0.676s] -- Up-to-date: /home/pi/ros2_ws/install/articubot_one/share/articubot_one/launch/localization_launch.py
[0.676s] -- Up-to-date: /home/pi/ros2_ws/install/articubot_one/share/articubot_one/launch/ball_tracker.launch.py
[0.676s] -- Up-to-date: /home/pi/ros2_ws/install/articubot_one/share/articubot_one/launch/launch_sim.launch.py
[0.677s] -- Up-to-date: /home/pi/ros2_ws/install/articubot_one/share/articubot_one/launch/online_async_launch.py
[0.677s] -- Up-to-date: /home/pi/ros2_ws/install/articubot_one/share/articubot_one/launch/navigation_launch.py
[0.678s] -- Up-to-date: /home/pi/ros2_ws/install/articubot_one/share/articubot_one/launch/camera.launch.py
[0.685s] -- Up-to-date: /home/pi/ros2_ws/install/articubot_one/share/articubot_one/launch/rplidar.launch.py
[0.686s] -- Up-to-date: /home/pi/ros2_ws/install/articubot_one/share/articubot_one/worlds
[0.687s] -- Up-to-date: /home/pi/ros2_ws/install/articubot_one/share/articubot_one/worlds/obstacles.world
[0.688s] -- Up-to-date: /home/pi/ros2_ws/install/articubot_one/share/articubot_one/worlds/empty.world
[0.688s] -- Up-to-date: /home/pi/ros2_ws/install/articubot_one/share/ament_index/resource_index/package_run_dependencies/articubot_one
[0.689s] -- Up-to-date: /home/pi/ros2_ws/install/articubot_one/share/ament_index/resource_index/parent_prefix_path/articubot_one
[0.690s] -- Up-to-date: /home/pi/ros2_ws/install/articubot_one/share/articubot_one/environment/ament_prefix_path.sh
[0.690s] -- Up-to-date: /home/pi/ros2_ws/install/articubot_one/share/articubot_one/environment/ament_prefix_path.dsv
[0.691s] -- Up-to-date: /home/pi/ros2_ws/install/articubot_one/share/articubot_one/environment/path.sh
[0.700s] -- Up-to-date: /home/pi/ros2_ws/install/articubot_one/share/articubot_one/environment/path.dsv
[0.704s] -- Up-to-date: /home/pi/ros2_ws/install/articubot_one/share/articubot_one/local_setup.bash
[0.705s] -- Up-to-date: /home/pi/ros2_ws/install/articubot_one/share/articubot_one/local_setup.sh
[0.706s] -- Up-to-date: /home/pi/ros2_ws/install/articubot_one/share/articubot_one/local_setup.zsh
[0.706s] -- Up-to-date: /home/pi/ros2_ws/install/articubot_one/share/articubot_one/local_setup.dsv
[0.707s] -- Installing: /home/pi/ros2_ws/install/articubot_one/share/articubot_one/package.dsv
[0.708s] -- Up-to-date: /home/pi/ros2_ws/install/articubot_one/share/ament_index/resource_index/packages/articubot_one
[0.709s] -- Up-to-date: /home/pi/ros2_ws/install/articubot_one/share/articubot_one/cmake/articubot_oneConfig.cmake
[0.709s] -- Up-to-date: /home/pi/ros2_ws/install/articubot_one/share/articubot_one/cmake/articubot_oneConfig-version.cmake
[0.710s] -- Up-to-date: /home/pi/ros2_ws/install/articubot_one/share/articubot_one/package.xml
[0.731s] Invoked command in '/home/pi/ros2_ws/build/articubot_one' returned '0': CMAKE_PREFIX_PATH=${CMAKE_PREFIX_PATH}:/home/pi/ros2_ws/install/serial_motor_demo:/opt/ros/humble /usr/bin/cmake --install /home/pi/ros2_ws/build/articubot_one
