[0.101s] Invoking command in '/home/pi/ros2_ws/build/articubot_one': CMAKE_PREFIX_PATH=${CMAKE_PREFIX_PATH}:/home/pi/ros2_ws/install/serial_motor_demo:/opt/ros/humble /usr/bin/cmake --build /home/pi/ros2_ws/build/articubot_one -- -j4 -l4
[0.349s] Invoked command in '/home/pi/ros2_ws/build/articubot_one' returned '0': CMAKE_PREFIX_PATH=${CMAKE_PREFIX_PATH}:/home/pi/ros2_ws/install/serial_motor_demo:/opt/ros/humble /usr/bin/cmake --build /home/pi/ros2_ws/build/articubot_one -- -j4 -l4
[0.781s] Invoking command in '/home/pi/ros2_ws/build/articubot_one': CMAKE_PREFIX_PATH=${CMAKE_PREFIX_PATH}:/home/pi/ros2_ws/install/serial_motor_demo:/opt/ros/humble /usr/bin/cmake --install /home/pi/ros2_ws/build/articubot_one
[0.826s] -- Install configuration: ""
[0.827s] -- Up-to-date: /home/pi/ros2_ws/install/articubot_one/share/articubot_one/config
[0.828s] -- Up-to-date: /home/pi/ros2_ws/install/articubot_one/share/articubot_one/config/gazebo_params.yaml
[0.829s] -- Up-to-date: /home/pi/ros2_ws/install/articubot_one/share/articubot_one/config/gaz_ros2_ctl_use_sim.yaml
[0.830s] -- Up-to-date: /home/pi/ros2_ws/install/articubot_one/share/articubot_one/config/mapper_params_online_async.yaml
[0.830s] -- Up-to-date: /home/pi/ros2_ws/install/articubot_one/share/articubot_one/config/view_bot.rviz
[0.831s] -- Up-to-date: /home/pi/ros2_ws/install/articubot_one/share/articubot_one/config/joystick.yaml
[0.832s] -- Up-to-date: /home/pi/ros2_ws/install/articubot_one/share/articubot_one/config/twist_mux.yaml
[0.833s] -- Up-to-date: /home/pi/ros2_ws/install/articubot_one/share/articubot_one/config/nav2_params.yaml
[0.834s] -- Up-to-date: /home/pi/ros2_ws/install/articubot_one/share/articubot_one/config/main.rviz
[0.836s] -- Up-to-date: /home/pi/ros2_ws/install/articubot_one/share/articubot_one/config/my_controllers.yaml
[0.838s] -- Up-to-date: /home/pi/ros2_ws/install/articubot_one/share/articubot_one/config/ball_tracker_params_robot.yaml
[0.839s] -- Up-to-date: /home/pi/ros2_ws/install/articubot_one/share/articubot_one/config/map.rviz
[0.841s] -- Up-to-date: /home/pi/ros2_ws/install/articubot_one/share/articubot_one/config/empty.yaml
[0.843s] -- Up-to-date: /home/pi/ros2_ws/install/articubot_one/share/articubot_one/config/ball_tracker_params_sim.yaml
[0.846s] -- Up-to-date: /home/pi/ros2_ws/install/articubot_one/share/articubot_one/config/drive_bot.rviz
[0.847s] -- Up-to-date: /home/pi/ros2_ws/install/articubot_one/share/articubot_one/description
[0.848s] -- Up-to-date: /home/pi/ros2_ws/install/articubot_one/share/articubot_one/description/inertial_macros.xacro
[0.854s] -- Up-to-date: /home/pi/ros2_ws/install/articubot_one/share/articubot_one/description/depth_camera.xacro
[0.858s] -- Up-to-date: /home/pi/ros2_ws/install/articubot_one/share/articubot_one/description/camera.xacro
[0.859s] -- Up-to-date: /home/pi/ros2_ws/install/articubot_one/share/articubot_one/description/face.xacro
[0.859s] -- Up-to-date: /home/pi/ros2_ws/install/articubot_one/share/articubot_one/description/ros2_control.xacro
[0.864s] -- Up-to-date: /home/pi/ros2_ws/install/articubot_one/share/articubot_one/description/robot.urdf.xacro
[0.865s] -- Up-to-date: /home/pi/ros2_ws/install/articubot_one/share/articubot_one/description/lidar.xacro
[0.865s] -- Up-to-date: /home/pi/ros2_ws/install/articubot_one/share/articubot_one/description/robot_core.xacro
[0.866s] -- Up-to-date: /home/pi/ros2_ws/install/articubot_one/share/articubot_one/description/gazebo_control.xacro
[0.866s] -- Up-to-date: /home/pi/ros2_ws/install/articubot_one/share/articubot_one/launch
[0.867s] -- Up-to-date: /home/pi/ros2_ws/install/articubot_one/share/articubot_one/launch/joystick.launch.py
[0.867s] -- Up-to-date: /home/pi/ros2_ws/install/articubot_one/share/articubot_one/launch/rsp.launch.py
[0.868s] -- Up-to-date: /home/pi/ros2_ws/install/articubot_one/share/articubot_one/launch/launch_robot.launch.py
[0.869s] -- Up-to-date: /home/pi/ros2_ws/install/articubot_one/share/articubot_one/launch/localization_launch.py
[0.869s] -- Up-to-date: /home/pi/ros2_ws/install/articubot_one/share/articubot_one/launch/ball_tracker.launch.py
[0.870s] -- Up-to-date: /home/pi/ros2_ws/install/articubot_one/share/articubot_one/launch/launch_sim.launch.py
[0.870s] -- Up-to-date: /home/pi/ros2_ws/install/articubot_one/share/articubot_one/launch/online_async_launch.py
[0.871s] -- Up-to-date: /home/pi/ros2_ws/install/articubot_one/share/articubot_one/launch/navigation_launch.py
[0.871s] -- Up-to-date: /home/pi/ros2_ws/install/articubot_one/share/articubot_one/launch/camera.launch.py
[0.871s] -- Up-to-date: /home/pi/ros2_ws/install/articubot_one/share/articubot_one/launch/rplidar.launch.py
[0.889s] -- Up-to-date: /home/pi/ros2_ws/install/articubot_one/share/articubot_one/worlds
[0.893s] -- Up-to-date: /home/pi/ros2_ws/install/articubot_one/share/articubot_one/worlds/obstacles.world
[0.898s] -- Up-to-date: /home/pi/ros2_ws/install/articubot_one/share/articubot_one/worlds/empty.world
[0.899s] -- Up-to-date: /home/pi/ros2_ws/install/articubot_one/share/ament_index/resource_index/package_run_dependencies/articubot_one
[0.900s] -- Up-to-date: /home/pi/ros2_ws/install/articubot_one/share/ament_index/resource_index/parent_prefix_path/articubot_one
[0.901s] -- Up-to-date: /home/pi/ros2_ws/install/articubot_one/share/articubot_one/environment/ament_prefix_path.sh
[0.902s] -- Up-to-date: /home/pi/ros2_ws/install/articubot_one/share/articubot_one/environment/ament_prefix_path.dsv
[0.902s] -- Up-to-date: /home/pi/ros2_ws/install/articubot_one/share/articubot_one/environment/path.sh
[0.903s] -- Up-to-date: /home/pi/ros2_ws/install/articubot_one/share/articubot_one/environment/path.dsv
[0.903s] -- Up-to-date: /home/pi/ros2_ws/install/articubot_one/share/articubot_one/local_setup.bash
[0.904s] -- Up-to-date: /home/pi/ros2_ws/install/articubot_one/share/articubot_one/local_setup.sh
[0.904s] -- Up-to-date: /home/pi/ros2_ws/install/articubot_one/share/articubot_one/local_setup.zsh
[0.905s] -- Up-to-date: /home/pi/ros2_ws/install/articubot_one/share/articubot_one/local_setup.dsv
[0.905s] -- Installing: /home/pi/ros2_ws/install/articubot_one/share/articubot_one/package.dsv
[0.906s] -- Up-to-date: /home/pi/ros2_ws/install/articubot_one/share/ament_index/resource_index/packages/articubot_one
[0.906s] -- Up-to-date: /home/pi/ros2_ws/install/articubot_one/share/articubot_one/cmake/articubot_oneConfig.cmake
[0.907s] -- Up-to-date: /home/pi/ros2_ws/install/articubot_one/share/articubot_one/cmake/articubot_oneConfig-version.cmake
[0.907s] -- Up-to-date: /home/pi/ros2_ws/install/articubot_one/share/articubot_one/package.xml
[0.941s] Invoked command in '/home/pi/ros2_ws/build/articubot_one' returned '0': CMAKE_PREFIX_PATH=${CMAKE_PREFIX_PATH}:/home/pi/ros2_ws/install/serial_motor_demo:/opt/ros/humble /usr/bin/cmake --install /home/pi/ros2_ws/build/articubot_one
