[0.118s] Invoking command in '/home/pi/ros2_ws/build/serial': CMAKE_PREFIX_PATH=${CMAKE_PREFIX_PATH}:/home/pi/ros2_ws/install/serial_motor_demo:/opt/ros/humble /usr/bin/cmake --build /home/pi/ros2_ws/build/serial -- -j4 -l4
[0.457s] [ 28%] Built target serial
[0.470s] [ 42%] Built target gtest
[0.509s] [ 57%] Built target gtest_main
[0.677s] [ 71%] Built target serial_example
[0.746s] [ 85%] Built target serial-test
[0.771s] [100%] Built target serial-test-timer
[0.876s] Invoked command in '/home/pi/ros2_ws/build/serial' returned '0': CMAKE_PREFIX_PATH=${CMAKE_PREFIX_PATH}:/home/pi/ros2_ws/install/serial_motor_demo:/opt/ros/humble /usr/bin/cmake --build /home/pi/ros2_ws/build/serial -- -j4 -l4
[1.241s] Invoking command in '/home/pi/ros2_ws/build/serial': CMAKE_PREFIX_PATH=${CMAKE_PREFIX_PATH}:/home/pi/ros2_ws/install/serial_motor_demo:/opt/ros/humble /usr/bin/cmake --install /home/pi/ros2_ws/build/serial
[1.278s] -- Install configuration: ""
[1.279s] -- Up-to-date: /home/pi/ros2_ws/install/serial/lib/libserial.a
[1.279s] -- Up-to-date: /home/pi/ros2_ws/install/serial/include/serial/serial.h
[1.280s] -- Up-to-date: /home/pi/ros2_ws/install/serial/include/serial/v8stdint.h
[1.281s] -- Up-to-date: /home/pi/ros2_ws/install/serial/share/serial/environment/library_path.sh
[1.281s] -- Up-to-date: /home/pi/ros2_ws/install/serial/share/serial/environment/library_path.dsv
[1.282s] -- Up-to-date: /home/pi/ros2_ws/install/serial/share/ament_index/resource_index/package_run_dependencies/serial
[1.283s] -- Up-to-date: /home/pi/ros2_ws/install/serial/share/ament_index/resource_index/parent_prefix_path/serial
[1.284s] -- Up-to-date: /home/pi/ros2_ws/install/serial/share/serial/environment/ament_prefix_path.sh
[1.285s] -- Up-to-date: /home/pi/ros2_ws/install/serial/share/serial/environment/ament_prefix_path.dsv
[1.286s] -- Up-to-date: /home/pi/ros2_ws/install/serial/share/serial/environment/path.sh
[1.287s] -- Up-to-date: /home/pi/ros2_ws/install/serial/share/serial/environment/path.dsv
[1.288s] -- Up-to-date: /home/pi/ros2_ws/install/serial/share/serial/local_setup.bash
[1.290s] -- Up-to-date: /home/pi/ros2_ws/install/serial/share/serial/local_setup.sh
[1.291s] -- Up-to-date: /home/pi/ros2_ws/install/serial/share/serial/local_setup.zsh
[1.291s] -- Up-to-date: /home/pi/ros2_ws/install/serial/share/serial/local_setup.dsv
[1.292s] -- Installing: /home/pi/ros2_ws/install/serial/share/serial/package.dsv
[1.293s] -- Up-to-date: /home/pi/ros2_ws/install/serial/share/ament_index/resource_index/packages/serial
[1.294s] -- Up-to-date: /home/pi/ros2_ws/install/serial/share/serial/cmake/ament_cmake_export_include_directories-extras.cmake
[1.295s] -- Up-to-date: /home/pi/ros2_ws/install/serial/share/serial/cmake/ament_cmake_export_libraries-extras.cmake
[1.295s] -- Up-to-date: /home/pi/ros2_ws/install/serial/share/serial/cmake/serialConfig.cmake
[1.296s] -- Up-to-date: /home/pi/ros2_ws/install/serial/share/serial/cmake/serialConfig-version.cmake
[1.297s] -- Up-to-date: /home/pi/ros2_ws/install/serial/share/serial/package.xml
[1.313s] Invoked command in '/home/pi/ros2_ws/build/serial' returned '0': CMAKE_PREFIX_PATH=${CMAKE_PREFIX_PATH}:/home/pi/ros2_ws/install/serial_motor_demo:/opt/ros/humble /usr/bin/cmake --install /home/pi/ros2_ws/build/serial
