[0.109s] Invoking command in '/home/pi/ros2_ws/build/serial': CMAKE_PREFIX_PATH=${CMAKE_PREFIX_PATH}:/home/pi/ros2_ws/install/serial_motor_demo:/opt/ros/humble /usr/bin/cmake --build /home/pi/ros2_ws/build/serial -- -j4 -l4
[0.333s] [35m[1mConsolidate compiler generated dependencies of target gtest_main[0m
[0.344s] [35m[1mConsolidate compiler generated dependencies of target gtest[0m
[0.353s] [35m[1mConsolidate compiler generated dependencies of target serial[0m
[0.484s] [ 28%] Built target gtest_main
[0.484s] [ 28%] Built target gtest
[0.519s] [ 57%] Built target serial
[0.607s] [35m[1mConsolidate compiler generated dependencies of target serial-test[0m
[0.627s] [35m[1mConsolidate compiler generated dependencies of target serial-test-timer[0m
[0.679s] [35m[1mConsolidate compiler generated dependencies of target serial_example[0m
[0.760s] [ 71%] Built target serial-test
[0.761s] [ 85%] Built target serial-test-timer
[0.849s] [100%] Built target serial_example
[0.978s] Invoked command in '/home/pi/ros2_ws/build/serial' returned '0': CMAKE_PREFIX_PATH=${CMAKE_PREFIX_PATH}:/home/pi/ros2_ws/install/serial_motor_demo:/opt/ros/humble /usr/bin/cmake --build /home/pi/ros2_ws/build/serial -- -j4 -l4
[1.265s] Invoking command in '/home/pi/ros2_ws/build/serial': CMAKE_PREFIX_PATH=${CMAKE_PREFIX_PATH}:/home/pi/ros2_ws/install/serial_motor_demo:/opt/ros/humble /usr/bin/cmake --install /home/pi/ros2_ws/build/serial
[1.320s] -- Install configuration: ""
[1.322s] -- Up-to-date: /home/pi/ros2_ws/install/serial/lib/libserial.a
[1.323s] -- Up-to-date: /home/pi/ros2_ws/install/serial/include/serial/serial.h
[1.324s] -- Up-to-date: /home/pi/ros2_ws/install/serial/include/serial/v8stdint.h
[1.325s] -- Up-to-date: /home/pi/ros2_ws/install/serial/share/serial/environment/library_path.sh
[1.326s] -- Up-to-date: /home/pi/ros2_ws/install/serial/share/serial/environment/library_path.dsv
[1.328s] -- Up-to-date: /home/pi/ros2_ws/install/serial/share/ament_index/resource_index/package_run_dependencies/serial
[1.328s] -- Up-to-date: /home/pi/ros2_ws/install/serial/share/ament_index/resource_index/parent_prefix_path/serial
[1.329s] -- Up-to-date: /home/pi/ros2_ws/install/serial/share/serial/environment/ament_prefix_path.sh
[1.329s] -- Up-to-date: /home/pi/ros2_ws/install/serial/share/serial/environment/ament_prefix_path.dsv
[1.330s] -- Up-to-date: /home/pi/ros2_ws/install/serial/share/serial/environment/path.sh
[1.331s] -- Up-to-date: /home/pi/ros2_ws/install/serial/share/serial/environment/path.dsv
[1.333s] -- Up-to-date: /home/pi/ros2_ws/install/serial/share/serial/local_setup.bash
[1.334s] -- Up-to-date: /home/pi/ros2_ws/install/serial/share/serial/local_setup.sh
[1.334s] -- Up-to-date: /home/pi/ros2_ws/install/serial/share/serial/local_setup.zsh
[1.335s] -- Up-to-date: /home/pi/ros2_ws/install/serial/share/serial/local_setup.dsv
[1.336s] -- Installing: /home/pi/ros2_ws/install/serial/share/serial/package.dsv
[1.337s] -- Up-to-date: /home/pi/ros2_ws/install/serial/share/ament_index/resource_index/packages/serial
[1.338s] -- Up-to-date: /home/pi/ros2_ws/install/serial/share/serial/cmake/ament_cmake_export_include_directories-extras.cmake
[1.338s] -- Up-to-date: /home/pi/ros2_ws/install/serial/share/serial/cmake/ament_cmake_export_libraries-extras.cmake
[1.339s] -- Up-to-date: /home/pi/ros2_ws/install/serial/share/serial/cmake/serialConfig.cmake
[1.340s] -- Up-to-date: /home/pi/ros2_ws/install/serial/share/serial/cmake/serialConfig-version.cmake
[1.355s] -- Up-to-date: /home/pi/ros2_ws/install/serial/share/serial/package.xml
[1.356s] Invoked command in '/home/pi/ros2_ws/build/serial' returned '0': CMAKE_PREFIX_PATH=${CMAKE_PREFIX_PATH}:/home/pi/ros2_ws/install/serial_motor_demo:/opt/ros/humble /usr/bin/cmake --install /home/pi/ros2_ws/build/serial
