[0.096s] Invoking command in '/home/pi/ros2_ws/build/serial_motor_demo_msgs': CMAKE_PREFIX_PATH=${CMAKE_PREFIX_PATH}:/opt/ros/humble /usr/bin/cmake /home/pi/ros2_ws/src/serial_motor_demo/serial_motor_demo_msgs -DCMAKE_INSTALL_PREFIX=/home/pi/ros2_ws/install/serial_motor_demo_msgs
[0.415s] -- The C compiler identification is GNU 11.4.0
[0.741s] -- The CXX compiler identification is GNU 11.4.0
[0.780s] -- Detecting C compiler ABI info
[1.149s] -- Detecting C compiler ABI info - done
[1.178s] -- Check for working C compiler: /usr/bin/cc - skipped
[1.179s] -- Detecting C compile features
[1.180s] -- Detecting C compile features - done
[1.193s] -- Detecting CXX compiler ABI info
[1.587s] -- Detecting CXX compiler ABI info - done
[1.619s] -- Check for working CXX compiler: /usr/bin/c++ - skipped
[1.620s] -- Detecting CXX compile features
[1.622s] -- Detecting CXX compile features - done
[1.656s] -- Found ament_cmake: 1.3.10 (/opt/ros/humble/share/ament_cmake/cmake)
[2.463s] -- Found Python3: /usr/bin/python3 (found version "3.10.12") found components: Interpreter 
[3.135s] -- Found ament_lint_auto: 0.12.11 (/opt/ros/humble/share/ament_lint_auto/cmake)
[3.694s] -- Found rosidl_default_generators: 1.2.0 (/opt/ros/humble/share/rosidl_default_generators/cmake)
[3.726s] -- Using all available rosidl_typesupport_c: rosidl_typesupport_fastrtps_c;rosidl_typesupport_introspection_c
[3.811s] -- Found rosidl_adapter: 3.1.5 (/opt/ros/humble/share/rosidl_adapter/cmake)
[4.217s] -- Using all available rosidl_typesupport_cpp: rosidl_typesupport_fastrtps_cpp;rosidl_typesupport_introspection_cpp
[5.455s] -- Found ament_cmake_ros: 0.10.0 (/opt/ros/humble/share/ament_cmake_ros/cmake)
[6.440s] -- Using all available rosidl_typesupport_c: rosidl_typesupport_fastrtps_c;rosidl_typesupport_introspection_c
[7.630s] -- Using all available rosidl_typesupport_cpp: rosidl_typesupport_fastrtps_cpp;rosidl_typesupport_introspection_cpp
[7.747s] -- Found PythonInterp: /usr/bin/python3 (found suitable version "3.10.12", minimum required is "3.6") 
[7.772s] -- Found python_cmake_module: 0.10.0 (/opt/ros/humble/share/python_cmake_module/cmake)
[7.911s] -- Found PythonLibs: /usr/lib/aarch64-linux-gnu/libpython3.10.so (found suitable version "3.10.12", minimum required is "3.5") 
[7.912s] -- Using PYTHON_EXECUTABLE: /usr/bin/python3
[7.912s] -- Using PYTHON_INCLUDE_DIRS: /usr/include/python3.10
[7.912s] -- Using PYTHON_LIBRARIES: /usr/lib/aarch64-linux-gnu/libpython3.10.so
[8.021s] -- Found PythonExtra: .so  
[8.204s] -- Added test 'copyright' to check source files copyright and LICENSE
[8.218s] -- Added test 'lint_cmake' to check CMake code style
[8.226s] -- Added test 'xmllint' to check XML markup files
[8.260s] -- Configuring done
[8.454s] -- Generating done
[8.469s] -- Build files have been written to: /home/pi/ros2_ws/build/serial_motor_demo_msgs
