[0.115s] Invoking command in '/home/pi/ros2_ws/build/diffdrive_arduino': CMAKE_PREFIX_PATH=${CMAKE_PREFIX_PATH}:/home/pi/ros2_ws/install/serial_motor_demo:/opt/ros/humble /usr/bin/cmake --build /home/pi/ros2_ws/build/diffdrive_arduino -- -j4 -l4
[0.729s] [35m[1mConsolidate compiler generated dependencies of target diffdrive_arduino[0m
[0.965s] [100%] Built target diffdrive_arduino
[1.020s] Invoked command in '/home/pi/ros2_ws/build/diffdrive_arduino' returned '0': CMAKE_PREFIX_PATH=${CMAKE_PREFIX_PATH}:/home/pi/ros2_ws/install/serial_motor_demo:/opt/ros/humble /usr/bin/cmake --build /home/pi/ros2_ws/build/diffdrive_arduino -- -j4 -l4
[1.196s] Invoking command in '/home/pi/ros2_ws/build/diffdrive_arduino': CMAKE_PREFIX_PATH=${CMAKE_PREFIX_PATH}:/home/pi/ros2_ws/install/serial_motor_demo:/opt/ros/humble /usr/bin/cmake --install /home/pi/ros2_ws/build/diffdrive_arduino
[1.236s] -- Install configuration: ""
[1.238s] -- Up-to-date: /home/pi/ros2_ws/install/diffdrive_arduino/share/diffdrive_arduino/diffdrive_arduino.xml
[1.239s] -- Up-to-date: /home/pi/ros2_ws/install/diffdrive_arduino/include/diffdrive_arduino
[1.240s] -- Up-to-date: /home/pi/ros2_ws/install/diffdrive_arduino/include/diffdrive_arduino/diffdrive_arduino
[1.240s] -- Up-to-date: /home/pi/ros2_ws/install/diffdrive_arduino/include/diffdrive_arduino/diffdrive_arduino/diffbot_system.hpp
[1.241s] -- Up-to-date: /home/pi/ros2_ws/install/diffdrive_arduino/include/diffdrive_arduino/diffdrive_arduino/arduino_comms.hpp
[1.242s] -- Up-to-date: /home/pi/ros2_ws/install/diffdrive_arduino/include/diffdrive_arduino/diffdrive_arduino/wheel.hpp
[1.244s] -- Up-to-date: /home/pi/ros2_ws/install/diffdrive_arduino/include/diffdrive_arduino/diffdrive_arduino/visibility_control.h
[1.245s] -- Up-to-date: /home/pi/ros2_ws/install/diffdrive_arduino/share/diffdrive_arduino/launch
[1.245s] -- Up-to-date: /home/pi/ros2_ws/install/diffdrive_arduino/share/diffdrive_arduino/launch/view_robot.launch.py
[1.246s] -- Up-to-date: /home/pi/ros2_ws/install/diffdrive_arduino/share/diffdrive_arduino/ros2_control
[1.247s] -- Up-to-date: /home/pi/ros2_ws/install/diffdrive_arduino/share/diffdrive_arduino/ros2_control/diffbot.ros2_control.xacro
[1.248s] -- Up-to-date: /home/pi/ros2_ws/install/diffdrive_arduino/share/diffdrive_arduino/urdf
[1.248s] -- Up-to-date: /home/pi/ros2_ws/install/diffdrive_arduino/share/diffdrive_arduino/urdf/diffbot.materials.xacro
[1.249s] -- Up-to-date: /home/pi/ros2_ws/install/diffdrive_arduino/share/diffdrive_arduino/urdf/diffbot_description.urdf.xacro
[1.250s] -- Up-to-date: /home/pi/ros2_ws/install/diffdrive_arduino/share/diffdrive_arduino/urdf/diffbot.urdf.xacro
[1.251s] -- Up-to-date: /home/pi/ros2_ws/install/diffdrive_arduino/share/diffdrive_arduino/rviz
[1.252s] -- Up-to-date: /home/pi/ros2_ws/install/diffdrive_arduino/share/diffdrive_arduino/rviz/diffbot_view.rviz
[1.253s] -- Up-to-date: /home/pi/ros2_ws/install/diffdrive_arduino/share/diffdrive_arduino/rviz/diffbot.rviz
[1.254s] -- Up-to-date: /home/pi/ros2_ws/install/diffdrive_arduino/share/diffdrive_arduino/launch
[1.255s] -- Up-to-date: /home/pi/ros2_ws/install/diffdrive_arduino/share/diffdrive_arduino/launch/diffbot.launch.py
[1.256s] -- Up-to-date: /home/pi/ros2_ws/install/diffdrive_arduino/share/diffdrive_arduino/config
[1.256s] -- Up-to-date: /home/pi/ros2_ws/install/diffdrive_arduino/share/diffdrive_arduino/config/diffbot_controllers.yaml
[1.257s] -- Up-to-date: /home/pi/ros2_ws/install/diffdrive_arduino/lib/libdiffdrive_arduino.so
[1.258s] -- Up-to-date: /home/pi/ros2_ws/install/diffdrive_arduino/share/diffdrive_arduino/environment/library_path.sh
[1.258s] -- Up-to-date: /home/pi/ros2_ws/install/diffdrive_arduino/share/diffdrive_arduino/environment/library_path.dsv
[1.259s] -- Up-to-date: /home/pi/ros2_ws/install/diffdrive_arduino/share/ament_index/resource_index/package_run_dependencies/diffdrive_arduino
[1.260s] -- Up-to-date: /home/pi/ros2_ws/install/diffdrive_arduino/share/ament_index/resource_index/parent_prefix_path/diffdrive_arduino
[1.260s] -- Up-to-date: /home/pi/ros2_ws/install/diffdrive_arduino/share/diffdrive_arduino/environment/ament_prefix_path.sh
[1.261s] -- Up-to-date: /home/pi/ros2_ws/install/diffdrive_arduino/share/diffdrive_arduino/environment/ament_prefix_path.dsv
[1.262s] -- Up-to-date: /home/pi/ros2_ws/install/diffdrive_arduino/share/diffdrive_arduino/environment/path.sh
[1.263s] -- Up-to-date: /home/pi/ros2_ws/install/diffdrive_arduino/share/diffdrive_arduino/environment/path.dsv
[1.268s] -- Up-to-date: /home/pi/ros2_ws/install/diffdrive_arduino/share/diffdrive_arduino/local_setup.bash
[1.270s] -- Up-to-date: /home/pi/ros2_ws/install/diffdrive_arduino/share/diffdrive_arduino/local_setup.sh
[1.271s] -- Up-to-date: /home/pi/ros2_ws/install/diffdrive_arduino/share/diffdrive_arduino/local_setup.zsh
[1.273s] -- Up-to-date: /home/pi/ros2_ws/install/diffdrive_arduino/share/diffdrive_arduino/local_setup.dsv
[1.278s] -- Installing: /home/pi/ros2_ws/install/diffdrive_arduino/share/diffdrive_arduino/package.dsv
[1.282s] -- Up-to-date: /home/pi/ros2_ws/install/diffdrive_arduino/share/ament_index/resource_index/packages/diffdrive_arduino
[1.284s] -- Up-to-date: /home/pi/ros2_ws/install/diffdrive_arduino/share/ament_index/resource_index/hardware_interface__pluginlib__plugin/diffdrive_arduino
[1.285s] -- Up-to-date: /home/pi/ros2_ws/install/diffdrive_arduino/share/diffdrive_arduino/cmake/export_diffdrive_arduinoExport.cmake
[1.288s] -- Up-to-date: /home/pi/ros2_ws/install/diffdrive_arduino/share/diffdrive_arduino/cmake/export_diffdrive_arduinoExport-noconfig.cmake
[1.289s] -- Up-to-date: /home/pi/ros2_ws/install/diffdrive_arduino/share/diffdrive_arduino/cmake/ament_cmake_export_targets-extras.cmake
[1.290s] -- Up-to-date: /home/pi/ros2_ws/install/diffdrive_arduino/share/diffdrive_arduino/cmake/ament_cmake_export_dependencies-extras.cmake
[1.291s] -- Up-to-date: /home/pi/ros2_ws/install/diffdrive_arduino/share/diffdrive_arduino/cmake/diffdrive_arduinoConfig.cmake
[1.292s] -- Up-to-date: /home/pi/ros2_ws/install/diffdrive_arduino/share/diffdrive_arduino/cmake/diffdrive_arduinoConfig-version.cmake
[1.293s] -- Up-to-date: /home/pi/ros2_ws/install/diffdrive_arduino/share/diffdrive_arduino/package.xml
[1.321s] Invoked command in '/home/pi/ros2_ws/build/diffdrive_arduino' returned '0': CMAKE_PREFIX_PATH=${CMAKE_PREFIX_PATH}:/home/pi/ros2_ws/install/serial_motor_demo:/opt/ros/humble /usr/bin/cmake --install /home/pi/ros2_ws/build/diffdrive_arduino
