[0.545s] DEBUG:colcon:Command line arguments: ['/usr/bin/colcon', 'build']
[0.546s] DEBUG:colcon:Parsed command line arguments: Namespace(log_base=None, log_level=None, verb_name='build', build_base='build', install_base='install', merge_install=False, symlink_install=False, test_result_base=None, continue_on_error=False, executor='parallel', parallel_workers=4, event_handlers=None, ignore_user_meta=False, metas=['./colcon.meta'], base_paths=['.'], packages_ignore=None, packages_ignore_regex=None, paths=None, packages_up_to=None, packages_up_to_regex=None, packages_above=None, packages_above_and_dependencies=None, packages_above_depth=None, packages_select_by_dep=None, packages_skip_by_dep=None, packages_skip_up_to=None, packages_select_build_failed=False, packages_skip_build_finished=False, packages_select_test_failures=False, packages_skip_test_passed=False, packages_select=None, packages_skip=None, packages_select_regex=None, packages_skip_regex=None, packages_start=None, packages_end=None, allow_overriding=[], cmake_args=None, cmake_target=None, cmake_target_skip_unavailable=False, cmake_clean_cache=False, cmake_clean_first=False, cmake_force_configure=False, ament_cmake_args=None, catkin_cmake_args=None, catkin_skip_building_tests=False, mixin_files=None, mixin=None, verb_parser=<colcon_mixin.mixin.mixin_argument.MixinArgumentDecorator object at 0xffff973aa830>, verb_extension=<colcon_core.verb.build.BuildVerb object at 0xffff9749ee90>, main=<bound method BuildVerb.main of <colcon_core.verb.build.BuildVerb object at 0xffff9749ee90>>, mixin_verb=('build',))
[1.547s] Level 1:colcon.colcon_core.package_discovery:discover_packages(colcon_meta) check parameters
[1.548s] Level 1:colcon.colcon_core.package_discovery:discover_packages(recursive) check parameters
[1.548s] Level 1:colcon.colcon_core.package_discovery:discover_packages(ignore) check parameters
[1.548s] Level 1:colcon.colcon_core.package_discovery:discover_packages(path) check parameters
[1.548s] Level 1:colcon.colcon_core.package_discovery:discover_packages(colcon_meta) discover
[1.548s] Level 1:colcon.colcon_core.package_discovery:discover_packages(recursive) discover
[1.549s] INFO:colcon.colcon_core.package_discovery:Crawling recursively for packages in '/home/pi/ros2_ws'
[1.549s] Level 1:colcon.colcon_core.package_identification:_identify(.) by extensions ['ignore', 'ignore_ament_install']
[1.550s] Level 1:colcon.colcon_core.package_identification:_identify(.) by extension 'ignore'
[1.550s] Level 1:colcon.colcon_core.package_identification:_identify(.) by extension 'ignore_ament_install'
[1.550s] Level 1:colcon.colcon_core.package_identification:_identify(.) by extensions ['colcon_pkg']
[1.550s] Level 1:colcon.colcon_core.package_identification:_identify(.) by extension 'colcon_pkg'
[1.550s] Level 1:colcon.colcon_core.package_identification:_identify(.) by extensions ['colcon_meta']
[1.551s] Level 1:colcon.colcon_core.package_identification:_identify(.) by extension 'colcon_meta'
[1.551s] Level 1:colcon.colcon_core.package_identification:_identify(.) by extensions ['ros']
[1.551s] Level 1:colcon.colcon_core.package_identification:_identify(.) by extension 'ros'
[1.600s] Level 1:colcon.colcon_core.package_identification:_identify(.) by extensions ['cmake', 'python']
[1.601s] Level 1:colcon.colcon_core.package_identification:_identify(.) by extension 'cmake'
[1.601s] Level 1:colcon.colcon_core.package_identification:_identify(.) by extension 'python'
[1.601s] Level 1:colcon.colcon_core.package_identification:_identify(.) by extensions ['python_setup_py']
[1.601s] Level 1:colcon.colcon_core.package_identification:_identify(.) by extension 'python_setup_py'
[1.602s] Level 1:colcon.colcon_core.package_identification:_identify(build) by extensions ['ignore', 'ignore_ament_install']
[1.602s] Level 1:colcon.colcon_core.package_identification:_identify(build) by extension 'ignore'
[1.602s] Level 1:colcon.colcon_core.package_identification:_identify(build) ignored
[1.603s] Level 1:colcon.colcon_core.package_identification:_identify(install) by extensions ['ignore', 'ignore_ament_install']
[1.604s] Level 1:colcon.colcon_core.package_identification:_identify(install) by extension 'ignore'
[1.604s] Level 1:colcon.colcon_core.package_identification:_identify(install) ignored
[1.605s] Level 1:colcon.colcon_core.package_identification:_identify(log) by extensions ['ignore', 'ignore_ament_install']
[1.605s] Level 1:colcon.colcon_core.package_identification:_identify(log) by extension 'ignore'
[1.605s] Level 1:colcon.colcon_core.package_identification:_identify(log) ignored
[1.605s] Level 1:colcon.colcon_core.package_identification:_identify(src) by extensions ['ignore', 'ignore_ament_install']
[1.606s] Level 1:colcon.colcon_core.package_identification:_identify(src) by extension 'ignore'
[1.606s] Level 1:colcon.colcon_core.package_identification:_identify(src) by extension 'ignore_ament_install'
[1.606s] Level 1:colcon.colcon_core.package_identification:_identify(src) by extensions ['colcon_pkg']
[1.606s] Level 1:colcon.colcon_core.package_identification:_identify(src) by extension 'colcon_pkg'
[1.606s] Level 1:colcon.colcon_core.package_identification:_identify(src) by extensions ['colcon_meta']
[1.607s] Level 1:colcon.colcon_core.package_identification:_identify(src) by extension 'colcon_meta'
[1.607s] Level 1:colcon.colcon_core.package_identification:_identify(src) by extensions ['ros']
[1.607s] Level 1:colcon.colcon_core.package_identification:_identify(src) by extension 'ros'
[1.607s] Level 1:colcon.colcon_core.package_identification:_identify(src) by extensions ['cmake', 'python']
[1.608s] Level 1:colcon.colcon_core.package_identification:_identify(src) by extension 'cmake'
[1.608s] Level 1:colcon.colcon_core.package_identification:_identify(src) by extension 'python'
[1.608s] Level 1:colcon.colcon_core.package_identification:_identify(src) by extensions ['python_setup_py']
[1.608s] Level 1:colcon.colcon_core.package_identification:_identify(src) by extension 'python_setup_py'
[1.609s] Level 1:colcon.colcon_core.package_identification:_identify(src/articubot_one) by extensions ['ignore', 'ignore_ament_install']
[1.609s] Level 1:colcon.colcon_core.package_identification:_identify(src/articubot_one) by extension 'ignore'
[1.609s] Level 1:colcon.colcon_core.package_identification:_identify(src/articubot_one) by extension 'ignore_ament_install'
[1.609s] Level 1:colcon.colcon_core.package_identification:_identify(src/articubot_one) by extensions ['colcon_pkg']
[1.609s] Level 1:colcon.colcon_core.package_identification:_identify(src/articubot_one) by extension 'colcon_pkg'
[1.610s] Level 1:colcon.colcon_core.package_identification:_identify(src/articubot_one) by extensions ['colcon_meta']
[1.610s] Level 1:colcon.colcon_core.package_identification:_identify(src/articubot_one) by extension 'colcon_meta'
[1.610s] Level 1:colcon.colcon_core.package_identification:_identify(src/articubot_one) by extensions ['ros']
[1.610s] Level 1:colcon.colcon_core.package_identification:_identify(src/articubot_one) by extension 'ros'
[1.620s] DEBUG:colcon.colcon_core.package_identification:Package 'src/articubot_one' with type 'ros.ament_cmake' and name 'articubot_one'
[1.621s] Level 1:colcon.colcon_core.package_identification:_identify(src/diffdrive_arduino) by extensions ['ignore', 'ignore_ament_install']
[1.621s] Level 1:colcon.colcon_core.package_identification:_identify(src/diffdrive_arduino) by extension 'ignore'
[1.621s] Level 1:colcon.colcon_core.package_identification:_identify(src/diffdrive_arduino) by extension 'ignore_ament_install'
[1.622s] Level 1:colcon.colcon_core.package_identification:_identify(src/diffdrive_arduino) by extensions ['colcon_pkg']
[1.622s] Level 1:colcon.colcon_core.package_identification:_identify(src/diffdrive_arduino) by extension 'colcon_pkg'
[1.622s] Level 1:colcon.colcon_core.package_identification:_identify(src/diffdrive_arduino) by extensions ['colcon_meta']
[1.622s] Level 1:colcon.colcon_core.package_identification:_identify(src/diffdrive_arduino) by extension 'colcon_meta'
[1.622s] Level 1:colcon.colcon_core.package_identification:_identify(src/diffdrive_arduino) by extensions ['ros']
[1.622s] Level 1:colcon.colcon_core.package_identification:_identify(src/diffdrive_arduino) by extension 'ros'
[1.626s] DEBUG:colcon.colcon_core.package_identification:Package 'src/diffdrive_arduino' with type 'ros.ament_cmake' and name 'diffdrive_arduino'
[1.627s] Level 1:colcon.colcon_core.package_identification:_identify(src/serial) by extensions ['ignore', 'ignore_ament_install']
[1.628s] Level 1:colcon.colcon_core.package_identification:_identify(src/serial) by extension 'ignore'
[1.628s] Level 1:colcon.colcon_core.package_identification:_identify(src/serial) by extension 'ignore_ament_install'
[1.628s] Level 1:colcon.colcon_core.package_identification:_identify(src/serial) by extensions ['colcon_pkg']
[1.628s] Level 1:colcon.colcon_core.package_identification:_identify(src/serial) by extension 'colcon_pkg'
[1.628s] Level 1:colcon.colcon_core.package_identification:_identify(src/serial) by extensions ['colcon_meta']
[1.628s] Level 1:colcon.colcon_core.package_identification:_identify(src/serial) by extension 'colcon_meta'
[1.629s] Level 1:colcon.colcon_core.package_identification:_identify(src/serial) by extensions ['ros']
[1.629s] Level 1:colcon.colcon_core.package_identification:_identify(src/serial) by extension 'ros'
[1.631s] DEBUG:colcon.colcon_core.package_identification:Package 'src/serial' with type 'ros.ament_cmake' and name 'serial'
[1.632s] Level 1:colcon.colcon_core.package_identification:_identify(src/serial_motor_demo) by extensions ['ignore', 'ignore_ament_install']
[1.632s] Level 1:colcon.colcon_core.package_identification:_identify(src/serial_motor_demo) by extension 'ignore'
[1.633s] Level 1:colcon.colcon_core.package_identification:_identify(src/serial_motor_demo) by extension 'ignore_ament_install'
[1.633s] Level 1:colcon.colcon_core.package_identification:_identify(src/serial_motor_demo) by extensions ['colcon_pkg']
[1.633s] Level 1:colcon.colcon_core.package_identification:_identify(src/serial_motor_demo) by extension 'colcon_pkg'
[1.633s] Level 1:colcon.colcon_core.package_identification:_identify(src/serial_motor_demo) by extensions ['colcon_meta']
[1.633s] Level 1:colcon.colcon_core.package_identification:_identify(src/serial_motor_demo) by extension 'colcon_meta'
[1.634s] Level 1:colcon.colcon_core.package_identification:_identify(src/serial_motor_demo) by extensions ['ros']
[1.634s] Level 1:colcon.colcon_core.package_identification:_identify(src/serial_motor_demo) by extension 'ros'
[1.634s] Level 1:colcon.colcon_core.package_identification:_identify(src/serial_motor_demo) by extensions ['cmake', 'python']
[1.634s] Level 1:colcon.colcon_core.package_identification:_identify(src/serial_motor_demo) by extension 'cmake'
[1.634s] Level 1:colcon.colcon_core.package_identification:_identify(src/serial_motor_demo) by extension 'python'
[1.635s] Level 1:colcon.colcon_core.package_identification:_identify(src/serial_motor_demo) by extensions ['python_setup_py']
[1.635s] Level 1:colcon.colcon_core.package_identification:_identify(src/serial_motor_demo) by extension 'python_setup_py'
[1.635s] Level 1:colcon.colcon_core.package_identification:_identify(src/serial_motor_demo/serial_motor_demo) by extensions ['ignore', 'ignore_ament_install']
[1.636s] Level 1:colcon.colcon_core.package_identification:_identify(src/serial_motor_demo/serial_motor_demo) by extension 'ignore'
[1.636s] Level 1:colcon.colcon_core.package_identification:_identify(src/serial_motor_demo/serial_motor_demo) by extension 'ignore_ament_install'
[1.636s] Level 1:colcon.colcon_core.package_identification:_identify(src/serial_motor_demo/serial_motor_demo) by extensions ['colcon_pkg']
[1.636s] Level 1:colcon.colcon_core.package_identification:_identify(src/serial_motor_demo/serial_motor_demo) by extension 'colcon_pkg'
[1.637s] Level 1:colcon.colcon_core.package_identification:_identify(src/serial_motor_demo/serial_motor_demo) by extensions ['colcon_meta']
[1.637s] Level 1:colcon.colcon_core.package_identification:_identify(src/serial_motor_demo/serial_motor_demo) by extension 'colcon_meta'
[1.637s] Level 1:colcon.colcon_core.package_identification:_identify(src/serial_motor_demo/serial_motor_demo) by extensions ['ros']
[1.637s] Level 1:colcon.colcon_core.package_identification:_identify(src/serial_motor_demo/serial_motor_demo) by extension 'ros'
[1.640s] DEBUG:colcon.colcon_core.package_identification:Package 'src/serial_motor_demo/serial_motor_demo' with type 'ros.ament_python' and name 'serial_motor_demo'
[1.641s] Level 1:colcon.colcon_core.package_identification:_identify(src/serial_motor_demo/serial_motor_demo_msgs) by extensions ['ignore', 'ignore_ament_install']
[1.641s] Level 1:colcon.colcon_core.package_identification:_identify(src/serial_motor_demo/serial_motor_demo_msgs) by extension 'ignore'
[1.641s] Level 1:colcon.colcon_core.package_identification:_identify(src/serial_motor_demo/serial_motor_demo_msgs) by extension 'ignore_ament_install'
[1.641s] Level 1:colcon.colcon_core.package_identification:_identify(src/serial_motor_demo/serial_motor_demo_msgs) by extensions ['colcon_pkg']
[1.642s] Level 1:colcon.colcon_core.package_identification:_identify(src/serial_motor_demo/serial_motor_demo_msgs) by extension 'colcon_pkg'
[1.642s] Level 1:colcon.colcon_core.package_identification:_identify(src/serial_motor_demo/serial_motor_demo_msgs) by extensions ['colcon_meta']
[1.642s] Level 1:colcon.colcon_core.package_identification:_identify(src/serial_motor_demo/serial_motor_demo_msgs) by extension 'colcon_meta'
[1.642s] Level 1:colcon.colcon_core.package_identification:_identify(src/serial_motor_demo/serial_motor_demo_msgs) by extensions ['ros']
[1.642s] Level 1:colcon.colcon_core.package_identification:_identify(src/serial_motor_demo/serial_motor_demo_msgs) by extension 'ros'
[1.645s] DEBUG:colcon.colcon_core.package_identification:Package 'src/serial_motor_demo/serial_motor_demo_msgs' with type 'ros.ament_cmake' and name 'serial_motor_demo_msgs'
[1.645s] Level 1:colcon.colcon_core.package_discovery:discover_packages(recursive) using defaults
[1.646s] Level 1:colcon.colcon_core.package_discovery:discover_packages(ignore) discover
[1.646s] Level 1:colcon.colcon_core.package_discovery:discover_packages(ignore) using defaults
[1.646s] Level 1:colcon.colcon_core.package_discovery:discover_packages(path) discover
[1.646s] Level 1:colcon.colcon_core.package_discovery:discover_packages(path) using defaults
[1.775s] Level 1:colcon.colcon_core.package_discovery:discover_packages(prefix_path) check parameters
[1.775s] Level 1:colcon.colcon_core.package_discovery:discover_packages(prefix_path) discover
[1.785s] DEBUG:colcon.colcon_installed_package_information.package_discovery:Found 5 installed packages in /home/pi/ros2_ws/install
[1.798s] DEBUG:colcon.colcon_installed_package_information.package_discovery:Found 335 installed packages in /opt/ros/humble
[1.807s] Level 1:colcon.colcon_core.package_discovery:discover_packages(prefix_path) using defaults
[2.047s] Level 5:colcon.colcon_core.verb:set package 'articubot_one' build argument 'cmake_args' from command line to 'None'
[2.047s] Level 5:colcon.colcon_core.verb:set package 'articubot_one' build argument 'cmake_target' from command line to 'None'
[2.047s] Level 5:colcon.colcon_core.verb:set package 'articubot_one' build argument 'cmake_target_skip_unavailable' from command line to 'False'
[2.047s] Level 5:colcon.colcon_core.verb:set package 'articubot_one' build argument 'cmake_clean_cache' from command line to 'False'
[2.047s] Level 5:colcon.colcon_core.verb:set package 'articubot_one' build argument 'cmake_clean_first' from command line to 'False'
[2.047s] Level 5:colcon.colcon_core.verb:set package 'articubot_one' build argument 'cmake_force_configure' from command line to 'False'
[2.048s] Level 5:colcon.colcon_core.verb:set package 'articubot_one' build argument 'ament_cmake_args' from command line to 'None'
[2.048s] Level 5:colcon.colcon_core.verb:set package 'articubot_one' build argument 'catkin_cmake_args' from command line to 'None'
[2.048s] Level 5:colcon.colcon_core.verb:set package 'articubot_one' build argument 'catkin_skip_building_tests' from command line to 'False'
[2.048s] DEBUG:colcon.colcon_core.verb:Building package 'articubot_one' with the following arguments: {'ament_cmake_args': None, 'build_base': '/home/pi/ros2_ws/build/articubot_one', 'catkin_cmake_args': None, 'catkin_skip_building_tests': False, 'cmake_args': None, 'cmake_clean_cache': False, 'cmake_clean_first': False, 'cmake_force_configure': False, 'cmake_target': None, 'cmake_target_skip_unavailable': False, 'install_base': '/home/pi/ros2_ws/install/articubot_one', 'merge_install': False, 'path': '/home/pi/ros2_ws/src/articubot_one', 'symlink_install': False, 'test_result_base': None}
[2.050s] Level 5:colcon.colcon_core.verb:set package 'serial' build argument 'cmake_args' from command line to 'None'
[2.050s] Level 5:colcon.colcon_core.verb:set package 'serial' build argument 'cmake_target' from command line to 'None'
[2.050s] Level 5:colcon.colcon_core.verb:set package 'serial' build argument 'cmake_target_skip_unavailable' from command line to 'False'
[2.050s] Level 5:colcon.colcon_core.verb:set package 'serial' build argument 'cmake_clean_cache' from command line to 'False'
[2.051s] Level 5:colcon.colcon_core.verb:set package 'serial' build argument 'cmake_clean_first' from command line to 'False'
[2.051s] Level 5:colcon.colcon_core.verb:set package 'serial' build argument 'cmake_force_configure' from command line to 'False'
[2.051s] Level 5:colcon.colcon_core.verb:set package 'serial' build argument 'ament_cmake_args' from command line to 'None'
[2.051s] Level 5:colcon.colcon_core.verb:set package 'serial' build argument 'catkin_cmake_args' from command line to 'None'
[2.051s] Level 5:colcon.colcon_core.verb:set package 'serial' build argument 'catkin_skip_building_tests' from command line to 'False'
[2.051s] DEBUG:colcon.colcon_core.verb:Building package 'serial' with the following arguments: {'ament_cmake_args': None, 'build_base': '/home/pi/ros2_ws/build/serial', 'catkin_cmake_args': None, 'catkin_skip_building_tests': False, 'cmake_args': None, 'cmake_clean_cache': False, 'cmake_clean_first': False, 'cmake_force_configure': False, 'cmake_target': None, 'cmake_target_skip_unavailable': False, 'install_base': '/home/pi/ros2_ws/install/serial', 'merge_install': False, 'path': '/home/pi/ros2_ws/src/serial', 'symlink_install': False, 'test_result_base': None}
[2.053s] Level 5:colcon.colcon_core.verb:set package 'serial_motor_demo_msgs' build argument 'cmake_args' from command line to 'None'
[2.053s] Level 5:colcon.colcon_core.verb:set package 'serial_motor_demo_msgs' build argument 'cmake_target' from command line to 'None'
[2.053s] Level 5:colcon.colcon_core.verb:set package 'serial_motor_demo_msgs' build argument 'cmake_target_skip_unavailable' from command line to 'False'
[2.053s] Level 5:colcon.colcon_core.verb:set package 'serial_motor_demo_msgs' build argument 'cmake_clean_cache' from command line to 'False'
[2.054s] Level 5:colcon.colcon_core.verb:set package 'serial_motor_demo_msgs' build argument 'cmake_clean_first' from command line to 'False'
[2.054s] Level 5:colcon.colcon_core.verb:set package 'serial_motor_demo_msgs' build argument 'cmake_force_configure' from command line to 'False'
[2.054s] Level 5:colcon.colcon_core.verb:set package 'serial_motor_demo_msgs' build argument 'ament_cmake_args' from command line to 'None'
[2.054s] Level 5:colcon.colcon_core.verb:set package 'serial_motor_demo_msgs' build argument 'catkin_cmake_args' from command line to 'None'
[2.054s] Level 5:colcon.colcon_core.verb:set package 'serial_motor_demo_msgs' build argument 'catkin_skip_building_tests' from command line to 'False'
[2.054s] DEBUG:colcon.colcon_core.verb:Building package 'serial_motor_demo_msgs' with the following arguments: {'ament_cmake_args': None, 'build_base': '/home/pi/ros2_ws/build/serial_motor_demo_msgs', 'catkin_cmake_args': None, 'catkin_skip_building_tests': False, 'cmake_args': None, 'cmake_clean_cache': False, 'cmake_clean_first': False, 'cmake_force_configure': False, 'cmake_target': None, 'cmake_target_skip_unavailable': False, 'install_base': '/home/pi/ros2_ws/install/serial_motor_demo_msgs', 'merge_install': False, 'path': '/home/pi/ros2_ws/src/serial_motor_demo/serial_motor_demo_msgs', 'symlink_install': False, 'test_result_base': None}
[2.056s] Level 5:colcon.colcon_core.verb:set package 'diffdrive_arduino' build argument 'cmake_args' from command line to 'None'
[2.056s] Level 5:colcon.colcon_core.verb:set package 'diffdrive_arduino' build argument 'cmake_target' from command line to 'None'
[2.056s] Level 5:colcon.colcon_core.verb:set package 'diffdrive_arduino' build argument 'cmake_target_skip_unavailable' from command line to 'False'
[2.056s] Level 5:colcon.colcon_core.verb:set package 'diffdrive_arduino' build argument 'cmake_clean_cache' from command line to 'False'
[2.056s] Level 5:colcon.colcon_core.verb:set package 'diffdrive_arduino' build argument 'cmake_clean_first' from command line to 'False'
[2.056s] Level 5:colcon.colcon_core.verb:set package 'diffdrive_arduino' build argument 'cmake_force_configure' from command line to 'False'
[2.057s] Level 5:colcon.colcon_core.verb:set package 'diffdrive_arduino' build argument 'ament_cmake_args' from command line to 'None'
[2.057s] Level 5:colcon.colcon_core.verb:set package 'diffdrive_arduino' build argument 'catkin_cmake_args' from command line to 'None'
[2.057s] Level 5:colcon.colcon_core.verb:set package 'diffdrive_arduino' build argument 'catkin_skip_building_tests' from command line to 'False'
[2.057s] DEBUG:colcon.colcon_core.verb:Building package 'diffdrive_arduino' with the following arguments: {'ament_cmake_args': None, 'build_base': '/home/pi/ros2_ws/build/diffdrive_arduino', 'catkin_cmake_args': None, 'catkin_skip_building_tests': False, 'cmake_args': None, 'cmake_clean_cache': False, 'cmake_clean_first': False, 'cmake_force_configure': False, 'cmake_target': None, 'cmake_target_skip_unavailable': False, 'install_base': '/home/pi/ros2_ws/install/diffdrive_arduino', 'merge_install': False, 'path': '/home/pi/ros2_ws/src/diffdrive_arduino', 'symlink_install': False, 'test_result_base': None}
[2.059s] Level 5:colcon.colcon_core.verb:set package 'serial_motor_demo' build argument 'cmake_args' from command line to 'None'
[2.059s] Level 5:colcon.colcon_core.verb:set package 'serial_motor_demo' build argument 'cmake_target' from command line to 'None'
[2.059s] Level 5:colcon.colcon_core.verb:set package 'serial_motor_demo' build argument 'cmake_target_skip_unavailable' from command line to 'False'
[2.059s] Level 5:colcon.colcon_core.verb:set package 'serial_motor_demo' build argument 'cmake_clean_cache' from command line to 'False'
[2.059s] Level 5:colcon.colcon_core.verb:set package 'serial_motor_demo' build argument 'cmake_clean_first' from command line to 'False'
[2.059s] Level 5:colcon.colcon_core.verb:set package 'serial_motor_demo' build argument 'cmake_force_configure' from command line to 'False'
[2.059s] Level 5:colcon.colcon_core.verb:set package 'serial_motor_demo' build argument 'ament_cmake_args' from command line to 'None'
[2.059s] Level 5:colcon.colcon_core.verb:set package 'serial_motor_demo' build argument 'catkin_cmake_args' from command line to 'None'
[2.060s] Level 5:colcon.colcon_core.verb:set package 'serial_motor_demo' build argument 'catkin_skip_building_tests' from command line to 'False'
[2.060s] DEBUG:colcon.colcon_core.verb:Building package 'serial_motor_demo' with the following arguments: {'ament_cmake_args': None, 'build_base': '/home/pi/ros2_ws/build/serial_motor_demo', 'catkin_cmake_args': None, 'catkin_skip_building_tests': False, 'cmake_args': None, 'cmake_clean_cache': False, 'cmake_clean_first': False, 'cmake_force_configure': False, 'cmake_target': None, 'cmake_target_skip_unavailable': False, 'install_base': '/home/pi/ros2_ws/install/serial_motor_demo', 'merge_install': False, 'path': '/home/pi/ros2_ws/src/serial_motor_demo/serial_motor_demo', 'symlink_install': False, 'test_result_base': None}
[2.060s] INFO:colcon.colcon_core.executor:Executing jobs using 'parallel' executor
[2.064s] DEBUG:colcon.colcon_parallel_executor.executor.parallel:run_until_complete
[2.065s] INFO:colcon.colcon_ros.task.ament_cmake.build:Building ROS package in '/home/pi/ros2_ws/src/serial' with build type 'ament_cmake'
[2.065s] INFO:colcon.colcon_cmake.task.cmake.build:Building CMake package in '/home/pi/ros2_ws/src/serial'
[2.077s] INFO:colcon.colcon_core.plugin_system:Skipping extension 'colcon_core.shell.bat': Not used on non-Windows systems
[2.078s] INFO:colcon.colcon_core.shell:Skip shell extension 'powershell' for command environment: Not usable outside of PowerShell
[2.078s] DEBUG:colcon.colcon_core.shell:Skip shell extension 'dsv' for command environment
[2.103s] INFO:colcon.colcon_ros.task.ament_cmake.build:Building ROS package in '/home/pi/ros2_ws/src/serial_motor_demo/serial_motor_demo_msgs' with build type 'ament_cmake'
[2.104s] INFO:colcon.colcon_cmake.task.cmake.build:Building CMake package in '/home/pi/ros2_ws/src/serial_motor_demo/serial_motor_demo_msgs'
[2.105s] INFO:colcon.colcon_core.shell:Skip shell extension 'powershell' for command environment: Not usable outside of PowerShell
[2.105s] DEBUG:colcon.colcon_core.shell:Skip shell extension 'dsv' for command environment
[2.130s] INFO:colcon.colcon_ros.task.ament_cmake.build:Building ROS package in '/home/pi/ros2_ws/src/articubot_one' with build type 'ament_cmake'
[2.131s] INFO:colcon.colcon_cmake.task.cmake.build:Building CMake package in '/home/pi/ros2_ws/src/articubot_one'
[2.132s] INFO:colcon.colcon_core.shell:Skip shell extension 'powershell' for command environment: Not usable outside of PowerShell
[2.133s] DEBUG:colcon.colcon_core.shell:Skip shell extension 'dsv' for command environment
[2.186s] DEBUG:colcon.colcon_core.event_handler.log_command:Invoking command in '/home/pi/ros2_ws/build/serial': CMAKE_PREFIX_PATH=${CMAKE_PREFIX_PATH}:/home/pi/ros2_ws/install/serial_motor_demo:/opt/ros/humble /usr/bin/cmake --build /home/pi/ros2_ws/build/serial -- -j4 -l4
[2.204s] DEBUG:colcon.colcon_core.event_handler.log_command:Invoking command in '/home/pi/ros2_ws/build/serial_motor_demo_msgs': CMAKE_PREFIX_PATH=${CMAKE_PREFIX_PATH}:/home/pi/ros2_ws/install/serial_motor_demo:/opt/ros/humble /usr/bin/cmake --build /home/pi/ros2_ws/build/serial_motor_demo_msgs -- -j4 -l4
[2.225s] DEBUG:colcon.colcon_core.event_handler.log_command:Invoking command in '/home/pi/ros2_ws/build/articubot_one': CMAKE_PREFIX_PATH=${CMAKE_PREFIX_PATH}:/home/pi/ros2_ws/install/serial_motor_demo:/opt/ros/humble /usr/bin/cmake --build /home/pi/ros2_ws/build/articubot_one -- -j4 -l4
[2.449s] DEBUG:colcon.colcon_core.event_handler.log_command:Invoked command in '/home/pi/ros2_ws/build/articubot_one' returned '0': CMAKE_PREFIX_PATH=${CMAKE_PREFIX_PATH}:/home/pi/ros2_ws/install/serial_motor_demo:/opt/ros/humble /usr/bin/cmake --build /home/pi/ros2_ws/build/articubot_one -- -j4 -l4
[2.891s] DEBUG:colcon.colcon_core.event_handler.log_command:Invoking command in '/home/pi/ros2_ws/build/articubot_one': CMAKE_PREFIX_PATH=${CMAKE_PREFIX_PATH}:/home/pi/ros2_ws/install/serial_motor_demo:/opt/ros/humble /usr/bin/cmake --install /home/pi/ros2_ws/build/articubot_one
[2.944s] DEBUG:colcon.colcon_core.event_handler.log_command:Invoked command in '/home/pi/ros2_ws/build/serial' returned '0': CMAKE_PREFIX_PATH=${CMAKE_PREFIX_PATH}:/home/pi/ros2_ws/install/serial_motor_demo:/opt/ros/humble /usr/bin/cmake --build /home/pi/ros2_ws/build/serial -- -j4 -l4
[2.983s] Level 1:colcon.colcon_core.environment:create_environment_scripts_only(articubot_one)
[2.999s] Level 1:colcon.colcon_core.environment:checking '/home/pi/ros2_ws/install/articubot_one' for CMake module files
[3.019s] Level 1:colcon.colcon_core.environment:checking '/home/pi/ros2_ws/install/articubot_one' for CMake config files
[3.021s] Level 1:colcon.colcon_core.shell:create_environment_hook('articubot_one', 'cmake_prefix_path')
[3.024s] INFO:colcon.colcon_core.shell:Creating environment hook '/home/pi/ros2_ws/install/articubot_one/share/articubot_one/hook/cmake_prefix_path.ps1'
[3.033s] DEBUG:colcon.colcon_core.event_handler.log_command:Invoked command in '/home/pi/ros2_ws/build/articubot_one' returned '0': CMAKE_PREFIX_PATH=${CMAKE_PREFIX_PATH}:/home/pi/ros2_ws/install/serial_motor_demo:/opt/ros/humble /usr/bin/cmake --install /home/pi/ros2_ws/build/articubot_one
[3.039s] INFO:colcon.colcon_core.shell:Creating environment descriptor '/home/pi/ros2_ws/install/articubot_one/share/articubot_one/hook/cmake_prefix_path.dsv'
[3.042s] INFO:colcon.colcon_core.shell:Creating environment hook '/home/pi/ros2_ws/install/articubot_one/share/articubot_one/hook/cmake_prefix_path.sh'
[3.048s] Level 1:colcon.colcon_core.environment:checking '/home/pi/ros2_ws/install/articubot_one/bin'
[3.048s] Level 1:colcon.colcon_core.environment:checking '/home/pi/ros2_ws/install/articubot_one/lib/pkgconfig/articubot_one.pc'
[3.050s] Level 1:colcon.colcon_core.environment:checking '/home/pi/ros2_ws/install/articubot_one/lib/python3.10/site-packages'
[3.051s] Level 1:colcon.colcon_core.environment:checking '/home/pi/ros2_ws/install/articubot_one/bin'
[3.052s] INFO:colcon.colcon_core.shell:Creating package script '/home/pi/ros2_ws/install/articubot_one/share/articubot_one/package.ps1'
[3.057s] INFO:colcon.colcon_core.shell:Creating package descriptor '/home/pi/ros2_ws/install/articubot_one/share/articubot_one/package.dsv'
[3.061s] INFO:colcon.colcon_core.shell:Creating package script '/home/pi/ros2_ws/install/articubot_one/share/articubot_one/package.sh'
[3.066s] INFO:colcon.colcon_core.shell:Creating package script '/home/pi/ros2_ws/install/articubot_one/share/articubot_one/package.bash'
[3.073s] INFO:colcon.colcon_core.shell:Creating package script '/home/pi/ros2_ws/install/articubot_one/share/articubot_one/package.zsh'
[3.078s] Level 1:colcon.colcon_core.environment:create_file_with_runtime_dependencies(/home/pi/ros2_ws/install/articubot_one/share/colcon-core/packages/articubot_one)
[3.229s] Level 1:colcon.colcon_core.environment:create_environment_scripts_only(articubot_one)
[3.230s] Level 1:colcon.colcon_core.environment:checking '/home/pi/ros2_ws/install/articubot_one' for CMake module files
[3.234s] Level 1:colcon.colcon_core.environment:checking '/home/pi/ros2_ws/install/articubot_one' for CMake config files
[3.236s] Level 1:colcon.colcon_core.shell:create_environment_hook('articubot_one', 'cmake_prefix_path')
[3.238s] INFO:colcon.colcon_core.shell:Creating environment hook '/home/pi/ros2_ws/install/articubot_one/share/articubot_one/hook/cmake_prefix_path.ps1'
[3.240s] INFO:colcon.colcon_core.shell:Creating environment descriptor '/home/pi/ros2_ws/install/articubot_one/share/articubot_one/hook/cmake_prefix_path.dsv'
[3.243s] INFO:colcon.colcon_core.shell:Creating environment hook '/home/pi/ros2_ws/install/articubot_one/share/articubot_one/hook/cmake_prefix_path.sh'
[3.247s] Level 1:colcon.colcon_core.environment:checking '/home/pi/ros2_ws/install/articubot_one/bin'
[3.248s] Level 1:colcon.colcon_core.environment:checking '/home/pi/ros2_ws/install/articubot_one/lib/pkgconfig/articubot_one.pc'
[3.249s] Level 1:colcon.colcon_core.environment:checking '/home/pi/ros2_ws/install/articubot_one/lib/python3.10/site-packages'
[3.250s] Level 1:colcon.colcon_core.environment:checking '/home/pi/ros2_ws/install/articubot_one/bin'
[3.252s] INFO:colcon.colcon_core.shell:Creating package script '/home/pi/ros2_ws/install/articubot_one/share/articubot_one/package.ps1'
[3.255s] INFO:colcon.colcon_core.shell:Creating package descriptor '/home/pi/ros2_ws/install/articubot_one/share/articubot_one/package.dsv'
[3.258s] INFO:colcon.colcon_core.shell:Creating package script '/home/pi/ros2_ws/install/articubot_one/share/articubot_one/package.sh'
[3.262s] INFO:colcon.colcon_core.shell:Creating package script '/home/pi/ros2_ws/install/articubot_one/share/articubot_one/package.bash'
[3.265s] INFO:colcon.colcon_core.shell:Creating package script '/home/pi/ros2_ws/install/articubot_one/share/articubot_one/package.zsh'
[3.268s] Level 1:colcon.colcon_core.environment:create_file_with_runtime_dependencies(/home/pi/ros2_ws/install/articubot_one/share/colcon-core/packages/articubot_one)
[3.309s] DEBUG:colcon.colcon_core.event_handler.log_command:Invoking command in '/home/pi/ros2_ws/build/serial': CMAKE_PREFIX_PATH=${CMAKE_PREFIX_PATH}:/home/pi/ros2_ws/install/serial_motor_demo:/opt/ros/humble /usr/bin/cmake --install /home/pi/ros2_ws/build/serial
[3.370s] Level 1:colcon.colcon_core.environment:create_environment_scripts_only(serial)
[3.371s] Level 1:colcon.colcon_core.environment:checking '/home/pi/ros2_ws/install/serial' for CMake module files
[3.375s] Level 1:colcon.colcon_core.environment:checking '/home/pi/ros2_ws/install/serial' for CMake config files
[3.376s] Level 1:colcon.colcon_core.shell:create_environment_hook('serial', 'cmake_prefix_path')
[3.378s] INFO:colcon.colcon_core.shell:Creating environment hook '/home/pi/ros2_ws/install/serial/share/serial/hook/cmake_prefix_path.ps1'
[3.381s] DEBUG:colcon.colcon_core.event_handler.log_command:Invoked command in '/home/pi/ros2_ws/build/serial' returned '0': CMAKE_PREFIX_PATH=${CMAKE_PREFIX_PATH}:/home/pi/ros2_ws/install/serial_motor_demo:/opt/ros/humble /usr/bin/cmake --install /home/pi/ros2_ws/build/serial
[3.383s] INFO:colcon.colcon_core.shell:Creating environment descriptor '/home/pi/ros2_ws/install/serial/share/serial/hook/cmake_prefix_path.dsv'
[3.385s] INFO:colcon.colcon_core.shell:Creating environment hook '/home/pi/ros2_ws/install/serial/share/serial/hook/cmake_prefix_path.sh'
[3.389s] Level 1:colcon.colcon_core.environment:checking '/home/pi/ros2_ws/install/serial/lib'
[3.390s] Level 1:colcon.colcon_core.environment:checking '/home/pi/ros2_ws/install/serial/bin'
[3.390s] Level 1:colcon.colcon_core.environment:checking '/home/pi/ros2_ws/install/serial/lib/pkgconfig/serial.pc'
[3.392s] Level 1:colcon.colcon_core.environment:checking '/home/pi/ros2_ws/install/serial/lib/python3.10/site-packages'
[3.393s] Level 1:colcon.colcon_core.environment:checking '/home/pi/ros2_ws/install/serial/bin'
[3.394s] INFO:colcon.colcon_core.shell:Creating package script '/home/pi/ros2_ws/install/serial/share/serial/package.ps1'
[3.397s] INFO:colcon.colcon_core.shell:Creating package descriptor '/home/pi/ros2_ws/install/serial/share/serial/package.dsv'
[3.400s] INFO:colcon.colcon_core.shell:Creating package script '/home/pi/ros2_ws/install/serial/share/serial/package.sh'
[3.402s] INFO:colcon.colcon_core.shell:Creating package script '/home/pi/ros2_ws/install/serial/share/serial/package.bash'
[3.405s] INFO:colcon.colcon_core.shell:Creating package script '/home/pi/ros2_ws/install/serial/share/serial/package.zsh'
[3.408s] Level 1:colcon.colcon_core.environment:create_file_with_runtime_dependencies(/home/pi/ros2_ws/install/serial/share/colcon-core/packages/serial)
[3.716s] Level 1:colcon.colcon_core.environment:create_environment_scripts_only(serial)
[3.718s] Level 1:colcon.colcon_core.environment:checking '/home/pi/ros2_ws/install/serial' for CMake module files
[3.721s] Level 1:colcon.colcon_core.environment:checking '/home/pi/ros2_ws/install/serial' for CMake config files
[3.732s] Level 1:colcon.colcon_core.shell:create_environment_hook('serial', 'cmake_prefix_path')
[3.733s] INFO:colcon.colcon_core.shell:Creating environment hook '/home/pi/ros2_ws/install/serial/share/serial/hook/cmake_prefix_path.ps1'
[3.736s] INFO:colcon.colcon_core.shell:Creating environment descriptor '/home/pi/ros2_ws/install/serial/share/serial/hook/cmake_prefix_path.dsv'
[3.752s] INFO:colcon.colcon_core.shell:Creating environment hook '/home/pi/ros2_ws/install/serial/share/serial/hook/cmake_prefix_path.sh'
[3.757s] Level 1:colcon.colcon_core.environment:checking '/home/pi/ros2_ws/install/serial/lib'
[3.758s] Level 1:colcon.colcon_core.environment:checking '/home/pi/ros2_ws/install/serial/bin'
[3.758s] Level 1:colcon.colcon_core.environment:checking '/home/pi/ros2_ws/install/serial/lib/pkgconfig/serial.pc'
[3.760s] Level 1:colcon.colcon_core.environment:checking '/home/pi/ros2_ws/install/serial/lib/python3.10/site-packages'
[3.761s] Level 1:colcon.colcon_core.environment:checking '/home/pi/ros2_ws/install/serial/bin'
[3.763s] INFO:colcon.colcon_core.shell:Creating package script '/home/pi/ros2_ws/install/serial/share/serial/package.ps1'
[3.766s] INFO:colcon.colcon_core.shell:Creating package descriptor '/home/pi/ros2_ws/install/serial/share/serial/package.dsv'
[3.769s] INFO:colcon.colcon_core.shell:Creating package script '/home/pi/ros2_ws/install/serial/share/serial/package.sh'
[3.772s] INFO:colcon.colcon_core.shell:Creating package script '/home/pi/ros2_ws/install/serial/share/serial/package.bash'
[3.775s] INFO:colcon.colcon_core.shell:Creating package script '/home/pi/ros2_ws/install/serial/share/serial/package.zsh'
[3.777s] Level 1:colcon.colcon_core.environment:create_file_with_runtime_dependencies(/home/pi/ros2_ws/install/serial/share/colcon-core/packages/serial)
[3.779s] INFO:colcon.colcon_ros.task.ament_cmake.build:Building ROS package in '/home/pi/ros2_ws/src/diffdrive_arduino' with build type 'ament_cmake'
[3.779s] INFO:colcon.colcon_cmake.task.cmake.build:Building CMake package in '/home/pi/ros2_ws/src/diffdrive_arduino'
[3.781s] INFO:colcon.colcon_core.shell:Skip shell extension 'powershell' for command environment: Not usable outside of PowerShell
[3.781s] DEBUG:colcon.colcon_core.shell:Skip shell extension 'dsv' for command environment
[3.842s] DEBUG:colcon.colcon_core.event_handler.log_command:Invoking command in '/home/pi/ros2_ws/build/diffdrive_arduino': CMAKE_PREFIX_PATH=/home/pi/ros2_ws/install/serial:/home/pi/ros2_ws/install/serial_motor_demo_msgs:/home/pi/ros2_ws/install/diffdrive_arduino:/home/pi/ros2_ws/install/articubot_one:/home/pi/ros2_ws/install/serial_motor_demo:/opt/ros/humble /usr/bin/cmake --build /home/pi/ros2_ws/build/diffdrive_arduino -- -j4 -l4
[4.197s] DEBUG:colcon.colcon_core.event_handler.log_command:Invoked command in '/home/pi/ros2_ws/build/diffdrive_arduino' returned '0': CMAKE_PREFIX_PATH=/home/pi/ros2_ws/install/serial:/home/pi/ros2_ws/install/serial_motor_demo_msgs:/home/pi/ros2_ws/install/diffdrive_arduino:/home/pi/ros2_ws/install/articubot_one:/home/pi/ros2_ws/install/serial_motor_demo:/opt/ros/humble /usr/bin/cmake --build /home/pi/ros2_ws/build/diffdrive_arduino -- -j4 -l4
[4.422s] DEBUG:colcon.colcon_core.event_handler.log_command:Invoking command in '/home/pi/ros2_ws/build/diffdrive_arduino': CMAKE_PREFIX_PATH=/home/pi/ros2_ws/install/serial:/home/pi/ros2_ws/install/serial_motor_demo_msgs:/home/pi/ros2_ws/install/diffdrive_arduino:/home/pi/ros2_ws/install/articubot_one:/home/pi/ros2_ws/install/serial_motor_demo:/opt/ros/humble /usr/bin/cmake --install /home/pi/ros2_ws/build/diffdrive_arduino
[4.478s] Level 1:colcon.colcon_core.environment:create_environment_scripts_only(diffdrive_arduino)
[4.480s] Level 1:colcon.colcon_core.environment:checking '/home/pi/ros2_ws/install/diffdrive_arduino' for CMake module files
[4.483s] Level 1:colcon.colcon_core.environment:checking '/home/pi/ros2_ws/install/diffdrive_arduino' for CMake config files
[4.485s] Level 1:colcon.colcon_core.shell:create_environment_hook('diffdrive_arduino', 'cmake_prefix_path')
[4.486s] INFO:colcon.colcon_core.shell:Creating environment hook '/home/pi/ros2_ws/install/diffdrive_arduino/share/diffdrive_arduino/hook/cmake_prefix_path.ps1'
[4.491s] DEBUG:colcon.colcon_core.event_handler.log_command:Invoked command in '/home/pi/ros2_ws/build/diffdrive_arduino' returned '0': CMAKE_PREFIX_PATH=/home/pi/ros2_ws/install/serial:/home/pi/ros2_ws/install/serial_motor_demo_msgs:/home/pi/ros2_ws/install/diffdrive_arduino:/home/pi/ros2_ws/install/articubot_one:/home/pi/ros2_ws/install/serial_motor_demo:/opt/ros/humble /usr/bin/cmake --install /home/pi/ros2_ws/build/diffdrive_arduino
[4.491s] INFO:colcon.colcon_core.shell:Creating environment descriptor '/home/pi/ros2_ws/install/diffdrive_arduino/share/diffdrive_arduino/hook/cmake_prefix_path.dsv'
[4.493s] INFO:colcon.colcon_core.shell:Creating environment hook '/home/pi/ros2_ws/install/diffdrive_arduino/share/diffdrive_arduino/hook/cmake_prefix_path.sh'
[4.496s] Level 1:colcon.colcon_core.environment:checking '/home/pi/ros2_ws/install/diffdrive_arduino/lib'
[4.497s] Level 1:colcon.colcon_core.shell:create_environment_hook('diffdrive_arduino', 'ld_library_path_lib')
[4.498s] INFO:colcon.colcon_core.shell:Creating environment hook '/home/pi/ros2_ws/install/diffdrive_arduino/share/diffdrive_arduino/hook/ld_library_path_lib.ps1'
[4.500s] INFO:colcon.colcon_core.shell:Creating environment descriptor '/home/pi/ros2_ws/install/diffdrive_arduino/share/diffdrive_arduino/hook/ld_library_path_lib.dsv'
[4.502s] INFO:colcon.colcon_core.shell:Creating environment hook '/home/pi/ros2_ws/install/diffdrive_arduino/share/diffdrive_arduino/hook/ld_library_path_lib.sh'
[4.505s] Level 1:colcon.colcon_core.environment:checking '/home/pi/ros2_ws/install/diffdrive_arduino/bin'
[4.505s] Level 1:colcon.colcon_core.environment:checking '/home/pi/ros2_ws/install/diffdrive_arduino/lib/pkgconfig/diffdrive_arduino.pc'
[4.506s] Level 1:colcon.colcon_core.environment:checking '/home/pi/ros2_ws/install/diffdrive_arduino/lib/python3.10/site-packages'
[4.507s] Level 1:colcon.colcon_core.environment:checking '/home/pi/ros2_ws/install/diffdrive_arduino/bin'
[4.509s] INFO:colcon.colcon_core.shell:Creating package script '/home/pi/ros2_ws/install/diffdrive_arduino/share/diffdrive_arduino/package.ps1'
[4.511s] INFO:colcon.colcon_core.shell:Creating package descriptor '/home/pi/ros2_ws/install/diffdrive_arduino/share/diffdrive_arduino/package.dsv'
[4.514s] INFO:colcon.colcon_core.shell:Creating package script '/home/pi/ros2_ws/install/diffdrive_arduino/share/diffdrive_arduino/package.sh'
[4.516s] INFO:colcon.colcon_core.shell:Creating package script '/home/pi/ros2_ws/install/diffdrive_arduino/share/diffdrive_arduino/package.bash'
[4.518s] INFO:colcon.colcon_core.shell:Creating package script '/home/pi/ros2_ws/install/diffdrive_arduino/share/diffdrive_arduino/package.zsh'
[4.521s] Level 1:colcon.colcon_core.environment:create_file_with_runtime_dependencies(/home/pi/ros2_ws/install/diffdrive_arduino/share/colcon-core/packages/diffdrive_arduino)
[4.743s] Level 1:colcon.colcon_core.environment:create_environment_scripts_only(diffdrive_arduino)
[4.744s] Level 1:colcon.colcon_core.environment:checking '/home/pi/ros2_ws/install/diffdrive_arduino' for CMake module files
[4.748s] Level 1:colcon.colcon_core.environment:checking '/home/pi/ros2_ws/install/diffdrive_arduino' for CMake config files
[4.749s] Level 1:colcon.colcon_core.shell:create_environment_hook('diffdrive_arduino', 'cmake_prefix_path')
[4.751s] INFO:colcon.colcon_core.shell:Creating environment hook '/home/pi/ros2_ws/install/diffdrive_arduino/share/diffdrive_arduino/hook/cmake_prefix_path.ps1'
[4.753s] INFO:colcon.colcon_core.shell:Creating environment descriptor '/home/pi/ros2_ws/install/diffdrive_arduino/share/diffdrive_arduino/hook/cmake_prefix_path.dsv'
[4.756s] INFO:colcon.colcon_core.shell:Creating environment hook '/home/pi/ros2_ws/install/diffdrive_arduino/share/diffdrive_arduino/hook/cmake_prefix_path.sh'
[4.759s] Level 1:colcon.colcon_core.environment:checking '/home/pi/ros2_ws/install/diffdrive_arduino/lib'
[4.759s] Level 1:colcon.colcon_core.shell:create_environment_hook('diffdrive_arduino', 'ld_library_path_lib')
[4.761s] INFO:colcon.colcon_core.shell:Creating environment hook '/home/pi/ros2_ws/install/diffdrive_arduino/share/diffdrive_arduino/hook/ld_library_path_lib.ps1'
[4.763s] INFO:colcon.colcon_core.shell:Creating environment descriptor '/home/pi/ros2_ws/install/diffdrive_arduino/share/diffdrive_arduino/hook/ld_library_path_lib.dsv'
[4.766s] INFO:colcon.colcon_core.shell:Creating environment hook '/home/pi/ros2_ws/install/diffdrive_arduino/share/diffdrive_arduino/hook/ld_library_path_lib.sh'
[4.769s] Level 1:colcon.colcon_core.environment:checking '/home/pi/ros2_ws/install/diffdrive_arduino/bin'
[4.769s] Level 1:colcon.colcon_core.environment:checking '/home/pi/ros2_ws/install/diffdrive_arduino/lib/pkgconfig/diffdrive_arduino.pc'
[4.770s] Level 1:colcon.colcon_core.environment:checking '/home/pi/ros2_ws/install/diffdrive_arduino/lib/python3.10/site-packages'
[4.771s] Level 1:colcon.colcon_core.environment:checking '/home/pi/ros2_ws/install/diffdrive_arduino/bin'
[4.773s] INFO:colcon.colcon_core.shell:Creating package script '/home/pi/ros2_ws/install/diffdrive_arduino/share/diffdrive_arduino/package.ps1'
[4.776s] INFO:colcon.colcon_core.shell:Creating package descriptor '/home/pi/ros2_ws/install/diffdrive_arduino/share/diffdrive_arduino/package.dsv'
[4.779s] INFO:colcon.colcon_core.shell:Creating package script '/home/pi/ros2_ws/install/diffdrive_arduino/share/diffdrive_arduino/package.sh'
[4.782s] INFO:colcon.colcon_core.shell:Creating package script '/home/pi/ros2_ws/install/diffdrive_arduino/share/diffdrive_arduino/package.bash'
[4.785s] INFO:colcon.colcon_core.shell:Creating package script '/home/pi/ros2_ws/install/diffdrive_arduino/share/diffdrive_arduino/package.zsh'
[4.787s] Level 1:colcon.colcon_core.environment:create_file_with_runtime_dependencies(/home/pi/ros2_ws/install/diffdrive_arduino/share/colcon-core/packages/diffdrive_arduino)
[4.794s] DEBUG:colcon.colcon_core.event_handler.log_command:Invoked command in '/home/pi/ros2_ws/build/serial_motor_demo_msgs' returned '0': CMAKE_PREFIX_PATH=${CMAKE_PREFIX_PATH}:/home/pi/ros2_ws/install/serial_motor_demo:/opt/ros/humble /usr/bin/cmake --build /home/pi/ros2_ws/build/serial_motor_demo_msgs -- -j4 -l4
[5.572s] DEBUG:colcon.colcon_core.event_handler.log_command:Invoking command in '/home/pi/ros2_ws/build/serial_motor_demo_msgs': CMAKE_PREFIX_PATH=${CMAKE_PREFIX_PATH}:/home/pi/ros2_ws/install/serial_motor_demo:/opt/ros/humble /usr/bin/cmake --install /home/pi/ros2_ws/build/serial_motor_demo_msgs
[5.903s] Level 1:colcon.colcon_core.environment:create_environment_scripts_only(serial_motor_demo_msgs)
[5.904s] Level 1:colcon.colcon_core.environment:checking '/home/pi/ros2_ws/install/serial_motor_demo_msgs' for CMake module files
[5.906s] DEBUG:colcon.colcon_core.event_handler.log_command:Invoked command in '/home/pi/ros2_ws/build/serial_motor_demo_msgs' returned '0': CMAKE_PREFIX_PATH=${CMAKE_PREFIX_PATH}:/home/pi/ros2_ws/install/serial_motor_demo:/opt/ros/humble /usr/bin/cmake --install /home/pi/ros2_ws/build/serial_motor_demo_msgs
[5.910s] Level 1:colcon.colcon_core.environment:checking '/home/pi/ros2_ws/install/serial_motor_demo_msgs' for CMake config files
[5.914s] Level 1:colcon.colcon_core.shell:create_environment_hook('serial_motor_demo_msgs', 'cmake_prefix_path')
[5.915s] INFO:colcon.colcon_core.shell:Creating environment hook '/home/pi/ros2_ws/install/serial_motor_demo_msgs/share/serial_motor_demo_msgs/hook/cmake_prefix_path.ps1'
[5.917s] INFO:colcon.colcon_core.shell:Creating environment descriptor '/home/pi/ros2_ws/install/serial_motor_demo_msgs/share/serial_motor_demo_msgs/hook/cmake_prefix_path.dsv'
[5.920s] INFO:colcon.colcon_core.shell:Creating environment hook '/home/pi/ros2_ws/install/serial_motor_demo_msgs/share/serial_motor_demo_msgs/hook/cmake_prefix_path.sh'
[5.923s] Level 1:colcon.colcon_core.environment:checking '/home/pi/ros2_ws/install/serial_motor_demo_msgs/lib'
[5.924s] Level 1:colcon.colcon_core.shell:create_environment_hook('serial_motor_demo_msgs', 'ld_library_path_lib')
[5.925s] INFO:colcon.colcon_core.shell:Creating environment hook '/home/pi/ros2_ws/install/serial_motor_demo_msgs/share/serial_motor_demo_msgs/hook/ld_library_path_lib.ps1'
[5.927s] INFO:colcon.colcon_core.shell:Creating environment descriptor '/home/pi/ros2_ws/install/serial_motor_demo_msgs/share/serial_motor_demo_msgs/hook/ld_library_path_lib.dsv'
[5.929s] INFO:colcon.colcon_core.shell:Creating environment hook '/home/pi/ros2_ws/install/serial_motor_demo_msgs/share/serial_motor_demo_msgs/hook/ld_library_path_lib.sh'
[5.931s] Level 1:colcon.colcon_core.environment:checking '/home/pi/ros2_ws/install/serial_motor_demo_msgs/bin'
[5.931s] Level 1:colcon.colcon_core.environment:checking '/home/pi/ros2_ws/install/serial_motor_demo_msgs/lib/pkgconfig/serial_motor_demo_msgs.pc'
[5.932s] Level 1:colcon.colcon_core.environment:checking '/home/pi/ros2_ws/install/serial_motor_demo_msgs/lib/python3.10/site-packages'
[5.933s] Level 1:colcon.colcon_core.environment:checking '/home/pi/ros2_ws/install/serial_motor_demo_msgs/bin'
[5.935s] INFO:colcon.colcon_core.shell:Creating package script '/home/pi/ros2_ws/install/serial_motor_demo_msgs/share/serial_motor_demo_msgs/package.ps1'
[5.937s] INFO:colcon.colcon_core.shell:Creating package descriptor '/home/pi/ros2_ws/install/serial_motor_demo_msgs/share/serial_motor_demo_msgs/package.dsv'
[5.940s] INFO:colcon.colcon_core.shell:Creating package script '/home/pi/ros2_ws/install/serial_motor_demo_msgs/share/serial_motor_demo_msgs/package.sh'
[5.942s] INFO:colcon.colcon_core.shell:Creating package script '/home/pi/ros2_ws/install/serial_motor_demo_msgs/share/serial_motor_demo_msgs/package.bash'
[5.944s] INFO:colcon.colcon_core.shell:Creating package script '/home/pi/ros2_ws/install/serial_motor_demo_msgs/share/serial_motor_demo_msgs/package.zsh'
[5.946s] Level 1:colcon.colcon_core.environment:create_file_with_runtime_dependencies(/home/pi/ros2_ws/install/serial_motor_demo_msgs/share/colcon-core/packages/serial_motor_demo_msgs)
[6.717s] Level 1:colcon.colcon_core.environment:create_environment_scripts_only(serial_motor_demo_msgs)
[6.719s] Level 1:colcon.colcon_core.environment:checking '/home/pi/ros2_ws/install/serial_motor_demo_msgs' for CMake module files
[6.725s] Level 1:colcon.colcon_core.environment:checking '/home/pi/ros2_ws/install/serial_motor_demo_msgs' for CMake config files
[6.730s] Level 1:colcon.colcon_core.shell:create_environment_hook('serial_motor_demo_msgs', 'cmake_prefix_path')
[6.731s] INFO:colcon.colcon_core.shell:Creating environment hook '/home/pi/ros2_ws/install/serial_motor_demo_msgs/share/serial_motor_demo_msgs/hook/cmake_prefix_path.ps1'
[6.733s] INFO:colcon.colcon_core.shell:Creating environment descriptor '/home/pi/ros2_ws/install/serial_motor_demo_msgs/share/serial_motor_demo_msgs/hook/cmake_prefix_path.dsv'
[6.735s] INFO:colcon.colcon_core.shell:Creating environment hook '/home/pi/ros2_ws/install/serial_motor_demo_msgs/share/serial_motor_demo_msgs/hook/cmake_prefix_path.sh'
[6.738s] Level 1:colcon.colcon_core.environment:checking '/home/pi/ros2_ws/install/serial_motor_demo_msgs/lib'
[6.739s] Level 1:colcon.colcon_core.shell:create_environment_hook('serial_motor_demo_msgs', 'ld_library_path_lib')
[6.740s] INFO:colcon.colcon_core.shell:Creating environment hook '/home/pi/ros2_ws/install/serial_motor_demo_msgs/share/serial_motor_demo_msgs/hook/ld_library_path_lib.ps1'
[6.742s] INFO:colcon.colcon_core.shell:Creating environment descriptor '/home/pi/ros2_ws/install/serial_motor_demo_msgs/share/serial_motor_demo_msgs/hook/ld_library_path_lib.dsv'
[6.744s] INFO:colcon.colcon_core.shell:Creating environment hook '/home/pi/ros2_ws/install/serial_motor_demo_msgs/share/serial_motor_demo_msgs/hook/ld_library_path_lib.sh'
[6.746s] Level 1:colcon.colcon_core.environment:checking '/home/pi/ros2_ws/install/serial_motor_demo_msgs/bin'
[6.746s] Level 1:colcon.colcon_core.environment:checking '/home/pi/ros2_ws/install/serial_motor_demo_msgs/lib/pkgconfig/serial_motor_demo_msgs.pc'
[6.747s] Level 1:colcon.colcon_core.environment:checking '/home/pi/ros2_ws/install/serial_motor_demo_msgs/lib/python3.10/site-packages'
[6.748s] Level 1:colcon.colcon_core.environment:checking '/home/pi/ros2_ws/install/serial_motor_demo_msgs/bin'
[6.750s] INFO:colcon.colcon_core.shell:Creating package script '/home/pi/ros2_ws/install/serial_motor_demo_msgs/share/serial_motor_demo_msgs/package.ps1'
[6.753s] INFO:colcon.colcon_core.shell:Creating package descriptor '/home/pi/ros2_ws/install/serial_motor_demo_msgs/share/serial_motor_demo_msgs/package.dsv'
[6.755s] INFO:colcon.colcon_core.shell:Creating package script '/home/pi/ros2_ws/install/serial_motor_demo_msgs/share/serial_motor_demo_msgs/package.sh'
[6.758s] INFO:colcon.colcon_core.shell:Creating package script '/home/pi/ros2_ws/install/serial_motor_demo_msgs/share/serial_motor_demo_msgs/package.bash'
[6.760s] INFO:colcon.colcon_core.shell:Creating package script '/home/pi/ros2_ws/install/serial_motor_demo_msgs/share/serial_motor_demo_msgs/package.zsh'
[6.762s] Level 1:colcon.colcon_core.environment:create_file_with_runtime_dependencies(/home/pi/ros2_ws/install/serial_motor_demo_msgs/share/colcon-core/packages/serial_motor_demo_msgs)
[6.764s] INFO:colcon.colcon_ros.task.ament_python.build:Building ROS package in '/home/pi/ros2_ws/src/serial_motor_demo/serial_motor_demo' with build type 'ament_python'
[6.765s] Level 1:colcon.colcon_core.shell:create_environment_hook('serial_motor_demo', 'ament_prefix_path')
[6.766s] INFO:colcon.colcon_core.shell:Creating environment hook '/home/pi/ros2_ws/install/serial_motor_demo/share/serial_motor_demo/hook/ament_prefix_path.ps1'
[6.769s] INFO:colcon.colcon_core.shell:Creating environment descriptor '/home/pi/ros2_ws/install/serial_motor_demo/share/serial_motor_demo/hook/ament_prefix_path.dsv'
[6.771s] INFO:colcon.colcon_core.shell:Creating environment hook '/home/pi/ros2_ws/install/serial_motor_demo/share/serial_motor_demo/hook/ament_prefix_path.sh'
[6.775s] INFO:colcon.colcon_core.shell:Skip shell extension 'powershell' for command environment: Not usable outside of PowerShell
[6.775s] DEBUG:colcon.colcon_core.shell:Skip shell extension 'dsv' for command environment
[8.311s] INFO:colcon.colcon_core.task.python.build:Building Python package in '/home/pi/ros2_ws/src/serial_motor_demo/serial_motor_demo'
[8.313s] INFO:colcon.colcon_core.shell:Skip shell extension 'powershell' for command environment: Not usable outside of PowerShell
[8.313s] DEBUG:colcon.colcon_core.shell:Skip shell extension 'dsv' for command environment
[10.252s] DEBUG:colcon.colcon_core.event_handler.log_command:Invoking command in '/home/pi/ros2_ws/src/serial_motor_demo/serial_motor_demo': PYTHONPATH=/home/pi/ros2_ws/build/serial_motor_demo/prefix_override:/usr/lib/python3/dist-packages/colcon_core/task/python/colcon_distutils_commands:/home/pi/ros2_ws/install/serial_motor_demo/lib/python3.10/site-packages:${PYTHONPATH} /usr/bin/python3 -W ignore:setup.py install is deprecated setup.py egg_info --egg-base ../../../build/serial_motor_demo build --build-base /home/pi/ros2_ws/build/serial_motor_demo/build install --record /home/pi/ros2_ws/build/serial_motor_demo/install.log --install-scripts $base/lib/serial_motor_demo --single-version-externally-managed install_data
[11.845s] Level 1:colcon.colcon_core.environment:checking '/home/pi/ros2_ws/install/serial_motor_demo' for CMake module files
[11.847s] DEBUG:colcon.colcon_core.event_handler.log_command:Invoked command in '/home/pi/ros2_ws/src/serial_motor_demo/serial_motor_demo' returned '0': PYTHONPATH=/home/pi/ros2_ws/build/serial_motor_demo/prefix_override:/usr/lib/python3/dist-packages/colcon_core/task/python/colcon_distutils_commands:/home/pi/ros2_ws/install/serial_motor_demo/lib/python3.10/site-packages:${PYTHONPATH} /usr/bin/python3 -W ignore:setup.py install is deprecated setup.py egg_info --egg-base ../../../build/serial_motor_demo build --build-base /home/pi/ros2_ws/build/serial_motor_demo/build install --record /home/pi/ros2_ws/build/serial_motor_demo/install.log --install-scripts $base/lib/serial_motor_demo --single-version-externally-managed install_data
[11.850s] Level 1:colcon.colcon_core.environment:checking '/home/pi/ros2_ws/install/serial_motor_demo' for CMake config files
[11.856s] Level 1:colcon.colcon_core.environment:checking '/home/pi/ros2_ws/install/serial_motor_demo/lib'
[11.856s] Level 1:colcon.colcon_core.environment:checking '/home/pi/ros2_ws/install/serial_motor_demo/bin'
[11.857s] Level 1:colcon.colcon_core.environment:checking '/home/pi/ros2_ws/install/serial_motor_demo/lib/pkgconfig/serial_motor_demo.pc'
[11.858s] Level 1:colcon.colcon_core.environment:checking '/home/pi/ros2_ws/install/serial_motor_demo/lib/python3.10/site-packages'
[11.858s] Level 1:colcon.colcon_core.shell:create_environment_hook('serial_motor_demo', 'pythonpath')
[11.860s] INFO:colcon.colcon_core.shell:Creating environment hook '/home/pi/ros2_ws/install/serial_motor_demo/share/serial_motor_demo/hook/pythonpath.ps1'
[11.862s] INFO:colcon.colcon_core.shell:Creating environment descriptor '/home/pi/ros2_ws/install/serial_motor_demo/share/serial_motor_demo/hook/pythonpath.dsv'
[11.865s] INFO:colcon.colcon_core.shell:Creating environment hook '/home/pi/ros2_ws/install/serial_motor_demo/share/serial_motor_demo/hook/pythonpath.sh'
[11.868s] Level 1:colcon.colcon_core.environment:checking '/home/pi/ros2_ws/install/serial_motor_demo/bin'
[11.868s] Level 1:colcon.colcon_core.environment:create_environment_scripts_only(serial_motor_demo)
[11.870s] INFO:colcon.colcon_core.shell:Creating package script '/home/pi/ros2_ws/install/serial_motor_demo/share/serial_motor_demo/package.ps1'
[11.873s] INFO:colcon.colcon_core.shell:Creating package descriptor '/home/pi/ros2_ws/install/serial_motor_demo/share/serial_motor_demo/package.dsv'
[11.876s] INFO:colcon.colcon_core.shell:Creating package script '/home/pi/ros2_ws/install/serial_motor_demo/share/serial_motor_demo/package.sh'
[11.879s] INFO:colcon.colcon_core.shell:Creating package script '/home/pi/ros2_ws/install/serial_motor_demo/share/serial_motor_demo/package.bash'
[11.881s] INFO:colcon.colcon_core.shell:Creating package script '/home/pi/ros2_ws/install/serial_motor_demo/share/serial_motor_demo/package.zsh'
[11.883s] Level 1:colcon.colcon_core.environment:create_file_with_runtime_dependencies(/home/pi/ros2_ws/install/serial_motor_demo/share/colcon-core/packages/serial_motor_demo)
[11.885s] DEBUG:colcon.colcon_parallel_executor.executor.parallel:closing loop
[11.886s] DEBUG:colcon.colcon_parallel_executor.executor.parallel:loop closed
[11.887s] DEBUG:colcon.colcon_parallel_executor.executor.parallel:run_until_complete finished with '0'
[11.887s] DEBUG:colcon.colcon_core.event_reactor:joining thread
[11.912s] INFO:colcon.colcon_core.plugin_system:Skipping extension 'colcon_notification.desktop_notification.notify_send': Could not find 'notify-send'
[11.912s] INFO:colcon.colcon_core.plugin_system:Skipping extension 'colcon_notification.desktop_notification.terminal_notifier': Not used on non-Darwin systems
[11.912s] INFO:colcon.colcon_core.plugin_system:Skipping extension 'colcon_notification.desktop_notification.win32': Not used on non-Windows systems
[11.913s] INFO:colcon.colcon_notification.desktop_notification:Sending desktop notification using 'notify2'
[11.916s] DEBUG:colcon.colcon_notification.desktop_notification.notify2:Failed to initialize notify2: org.freedesktop.DBus.Error.ServiceUnknown: The name org.freedesktop.Notifications was not provided by any .service files
[11.916s] DEBUG:colcon.colcon_core.event_reactor:joined thread
[11.917s] INFO:colcon.colcon_core.shell:Creating prefix script '/home/pi/ros2_ws/install/local_setup.ps1'
[11.923s] INFO:colcon.colcon_core.shell:Creating prefix util module '/home/pi/ros2_ws/install/_local_setup_util_ps1.py'
[11.931s] INFO:colcon.colcon_core.shell:Creating prefix chain script '/home/pi/ros2_ws/install/setup.ps1'
[11.938s] INFO:colcon.colcon_core.shell:Creating prefix script '/home/pi/ros2_ws/install/local_setup.sh'
[11.941s] INFO:colcon.colcon_core.shell:Creating prefix util module '/home/pi/ros2_ws/install/_local_setup_util_sh.py'
[11.944s] INFO:colcon.colcon_core.shell:Creating prefix chain script '/home/pi/ros2_ws/install/setup.sh'
[11.951s] INFO:colcon.colcon_core.shell:Creating prefix script '/home/pi/ros2_ws/install/local_setup.bash'
[11.953s] INFO:colcon.colcon_core.shell:Creating prefix chain script '/home/pi/ros2_ws/install/setup.bash'
[11.959s] INFO:colcon.colcon_core.shell:Creating prefix script '/home/pi/ros2_ws/install/local_setup.zsh'
[11.962s] INFO:colcon.colcon_core.shell:Creating prefix chain script '/home/pi/ros2_ws/install/setup.zsh'
