[0.056s] Invoking command in '/home/pi/ros2_ws/build/diffdrive_arduino': CMAKE_PREFIX_PATH=/home/pi/ros2_ws/install/serial:/home/pi/ros2_ws/install/serial_motor_demo_msgs:/home/pi/ros2_ws/install/diffdrive_arduino:/home/pi/ros2_ws/install/articubot_one:/home/pi/ros2_ws/install/serial_motor_demo:/opt/ros/humble /usr/bin/cmake --build /home/pi/ros2_ws/build/diffdrive_arduino -- -j4 -l4
[0.275s] [35m[1mConsolidate compiler generated dependencies of target fake_robot[0m
[0.280s] [35m[1mConsolidate compiler generated dependencies of target diffdrive_arduino[0m
[0.398s] [ 42%] Built target fake_robot
[0.423s] [100%] Built target diffdrive_arduino
[0.470s] Invoked command in '/home/pi/ros2_ws/build/diffdrive_arduino' returned '0': CMAKE_PREFIX_PATH=/home/pi/ros2_ws/install/serial:/home/pi/ros2_ws/install/serial_motor_demo_msgs:/home/pi/ros2_ws/install/diffdrive_arduino:/home/pi/ros2_ws/install/articubot_one:/home/pi/ros2_ws/install/serial_motor_demo:/opt/ros/humble /usr/bin/cmake --build /home/pi/ros2_ws/build/diffdrive_arduino -- -j4 -l4
[0.685s] Invoking command in '/home/pi/ros2_ws/build/diffdrive_arduino': CMAKE_PREFIX_PATH=/home/pi/ros2_ws/install/serial:/home/pi/ros2_ws/install/serial_motor_demo_msgs:/home/pi/ros2_ws/install/diffdrive_arduino:/home/pi/ros2_ws/install/articubot_one:/home/pi/ros2_ws/install/serial_motor_demo:/opt/ros/humble /usr/bin/cmake --install /home/pi/ros2_ws/build/diffdrive_arduino
[0.718s] -- Install configuration: ""
[0.719s] -- Up-to-date: /home/pi/ros2_ws/install/diffdrive_arduino/share/diffdrive_arduino/robot_hardware.xml
[0.719s] -- Up-to-date: /home/pi/ros2_ws/install/diffdrive_arduino/share/diffdrive_arduino/fake_robot_hardware.xml
[0.720s] -- Up-to-date: /home/pi/ros2_ws/install/diffdrive_arduino/lib/libdiffdrive_arduino.so
[0.724s] -- Up-to-date: /home/pi/ros2_ws/install/diffdrive_arduino/lib/libfake_robot.so
[0.725s] -- Up-to-date: /home/pi/ros2_ws/install/diffdrive_arduino/share/diffdrive_arduino/controllers
[0.726s] -- Up-to-date: /home/pi/ros2_ws/install/diffdrive_arduino/share/diffdrive_arduino/controllers/robot_controller_example.yaml
[0.726s] -- Up-to-date: /home/pi/ros2_ws/install/diffdrive_arduino/share/diffdrive_arduino
[0.727s] -- Up-to-date: /home/pi/ros2_ws/install/diffdrive_arduino/share/diffdrive_arduino/test_robot.launch.py
[0.727s] -- Up-to-date: /home/pi/ros2_ws/install/diffdrive_arduino/share/diffdrive_arduino/fake_robot.launch.py
[0.728s] -- Up-to-date: /home/pi/ros2_ws/install/diffdrive_arduino/share/diffdrive_arduino/environment/library_path.sh
[0.728s] -- Up-to-date: /home/pi/ros2_ws/install/diffdrive_arduino/share/diffdrive_arduino/environment/library_path.dsv
[0.729s] -- Up-to-date: /home/pi/ros2_ws/install/diffdrive_arduino/share/ament_index/resource_index/package_run_dependencies/diffdrive_arduino
[0.730s] -- Up-to-date: /home/pi/ros2_ws/install/diffdrive_arduino/share/ament_index/resource_index/parent_prefix_path/diffdrive_arduino
[0.730s] -- Up-to-date: /home/pi/ros2_ws/install/diffdrive_arduino/share/diffdrive_arduino/environment/ament_prefix_path.sh
[0.731s] -- Up-to-date: /home/pi/ros2_ws/install/diffdrive_arduino/share/diffdrive_arduino/environment/ament_prefix_path.dsv
[0.732s] -- Up-to-date: /home/pi/ros2_ws/install/diffdrive_arduino/share/diffdrive_arduino/environment/path.sh
[0.732s] -- Up-to-date: /home/pi/ros2_ws/install/diffdrive_arduino/share/diffdrive_arduino/environment/path.dsv
[0.733s] -- Up-to-date: /home/pi/ros2_ws/install/diffdrive_arduino/share/diffdrive_arduino/local_setup.bash
[0.733s] -- Up-to-date: /home/pi/ros2_ws/install/diffdrive_arduino/share/diffdrive_arduino/local_setup.sh
[0.734s] -- Up-to-date: /home/pi/ros2_ws/install/diffdrive_arduino/share/diffdrive_arduino/local_setup.zsh
[0.734s] -- Up-to-date: /home/pi/ros2_ws/install/diffdrive_arduino/share/diffdrive_arduino/local_setup.dsv
[0.735s] -- Installing: /home/pi/ros2_ws/install/diffdrive_arduino/share/diffdrive_arduino/package.dsv
[0.736s] -- Up-to-date: /home/pi/ros2_ws/install/diffdrive_arduino/share/ament_index/resource_index/packages/diffdrive_arduino
[0.736s] -- Up-to-date: /home/pi/ros2_ws/install/diffdrive_arduino/share/ament_index/resource_index/hardware_interface__pluginlib__plugin/diffdrive_arduino
[0.737s] -- Up-to-date: /home/pi/ros2_ws/install/diffdrive_arduino/share/diffdrive_arduino/cmake/ament_cmake_export_libraries-extras.cmake
[0.738s] -- Up-to-date: /home/pi/ros2_ws/install/diffdrive_arduino/share/diffdrive_arduino/cmake/ament_cmake_export_dependencies-extras.cmake
[0.738s] -- Up-to-date: /home/pi/ros2_ws/install/diffdrive_arduino/share/diffdrive_arduino/cmake/diffdrive_arduinoConfig.cmake
[0.738s] -- Up-to-date: /home/pi/ros2_ws/install/diffdrive_arduino/share/diffdrive_arduino/cmake/diffdrive_arduinoConfig-version.cmake
[0.739s] -- Up-to-date: /home/pi/ros2_ws/install/diffdrive_arduino/share/diffdrive_arduino/package.xml
[0.745s] Invoked command in '/home/pi/ros2_ws/build/diffdrive_arduino' returned '0': CMAKE_PREFIX_PATH=/home/pi/ros2_ws/install/serial:/home/pi/ros2_ws/install/serial_motor_demo_msgs:/home/pi/ros2_ws/install/diffdrive_arduino:/home/pi/ros2_ws/install/articubot_one:/home/pi/ros2_ws/install/serial_motor_demo:/opt/ros/humble /usr/bin/cmake --install /home/pi/ros2_ws/build/diffdrive_arduino
