[0.525s] DEBUG:colcon:Command line arguments: ['/usr/bin/colcon', 'build']
[0.525s] DEBUG:colcon:Parsed command line arguments: Namespace(log_base=None, log_level=None, verb_name='build', build_base='build', install_base='install', merge_install=False, symlink_install=False, test_result_base=None, continue_on_error=False, executor='parallel', parallel_workers=4, event_handlers=None, ignore_user_meta=False, metas=['./colcon.meta'], base_paths=['.'], packages_ignore=None, packages_ignore_regex=None, paths=None, packages_up_to=None, packages_up_to_regex=None, packages_above=None, packages_above_and_dependencies=None, packages_above_depth=None, packages_select_by_dep=None, packages_skip_by_dep=None, packages_skip_up_to=None, packages_select_build_failed=False, packages_skip_build_finished=False, packages_select_test_failures=False, packages_skip_test_passed=False, packages_select=None, packages_skip=None, packages_select_regex=None, packages_skip_regex=None, packages_start=None, packages_end=None, allow_overriding=[], cmake_args=None, cmake_target=None, cmake_target_skip_unavailable=False, cmake_clean_cache=False, cmake_clean_first=False, cmake_force_configure=False, ament_cmake_args=None, catkin_cmake_args=None, catkin_skip_building_tests=False, mixin_files=None, mixin=None, verb_parser=<colcon_mixin.mixin.mixin_argument.MixinArgumentDecorator object at 0xffff9b35a290>, verb_extension=<colcon_core.verb.build.BuildVerb object at 0xffff9b4528f0>, main=<bound method BuildVerb.main of <colcon_core.verb.build.BuildVerb object at 0xffff9b4528f0>>, mixin_verb=('build',))
[1.517s] Level 1:colcon.colcon_core.package_discovery:discover_packages(colcon_meta) check parameters
[1.517s] Level 1:colcon.colcon_core.package_discovery:discover_packages(recursive) check parameters
[1.517s] Level 1:colcon.colcon_core.package_discovery:discover_packages(ignore) check parameters
[1.517s] Level 1:colcon.colcon_core.package_discovery:discover_packages(path) check parameters
[1.518s] Level 1:colcon.colcon_core.package_discovery:discover_packages(colcon_meta) discover
[1.518s] Level 1:colcon.colcon_core.package_discovery:discover_packages(recursive) discover
[1.518s] INFO:colcon.colcon_core.package_discovery:Crawling recursively for packages in '/home/pi/ros2_ws'
[1.519s] Level 1:colcon.colcon_core.package_identification:_identify(.) by extensions ['ignore', 'ignore_ament_install']
[1.519s] Level 1:colcon.colcon_core.package_identification:_identify(.) by extension 'ignore'
[1.519s] Level 1:colcon.colcon_core.package_identification:_identify(.) by extension 'ignore_ament_install'
[1.519s] Level 1:colcon.colcon_core.package_identification:_identify(.) by extensions ['colcon_pkg']
[1.520s] Level 1:colcon.colcon_core.package_identification:_identify(.) by extension 'colcon_pkg'
[1.520s] Level 1:colcon.colcon_core.package_identification:_identify(.) by extensions ['colcon_meta']
[1.520s] Level 1:colcon.colcon_core.package_identification:_identify(.) by extension 'colcon_meta'
[1.520s] Level 1:colcon.colcon_core.package_identification:_identify(.) by extensions ['ros']
[1.520s] Level 1:colcon.colcon_core.package_identification:_identify(.) by extension 'ros'
[1.569s] Level 1:colcon.colcon_core.package_identification:_identify(.) by extensions ['cmake', 'python']
[1.570s] Level 1:colcon.colcon_core.package_identification:_identify(.) by extension 'cmake'
[1.570s] Level 1:colcon.colcon_core.package_identification:_identify(.) by extension 'python'
[1.570s] Level 1:colcon.colcon_core.package_identification:_identify(.) by extensions ['python_setup_py']
[1.570s] Level 1:colcon.colcon_core.package_identification:_identify(.) by extension 'python_setup_py'
[1.571s] Level 1:colcon.colcon_core.package_identification:_identify(build) by extensions ['ignore', 'ignore_ament_install']
[1.571s] Level 1:colcon.colcon_core.package_identification:_identify(build) by extension 'ignore'
[1.571s] Level 1:colcon.colcon_core.package_identification:_identify(build) ignored
[1.572s] Level 1:colcon.colcon_core.package_identification:_identify(install) by extensions ['ignore', 'ignore_ament_install']
[1.572s] Level 1:colcon.colcon_core.package_identification:_identify(install) by extension 'ignore'
[1.573s] Level 1:colcon.colcon_core.package_identification:_identify(install) ignored
[1.573s] Level 1:colcon.colcon_core.package_identification:_identify(log) by extensions ['ignore', 'ignore_ament_install']
[1.574s] Level 1:colcon.colcon_core.package_identification:_identify(log) by extension 'ignore'
[1.574s] Level 1:colcon.colcon_core.package_identification:_identify(log) ignored
[1.574s] Level 1:colcon.colcon_core.package_identification:_identify(src) by extensions ['ignore', 'ignore_ament_install']
[1.575s] Level 1:colcon.colcon_core.package_identification:_identify(src) by extension 'ignore'
[1.575s] Level 1:colcon.colcon_core.package_identification:_identify(src) by extension 'ignore_ament_install'
[1.575s] Level 1:colcon.colcon_core.package_identification:_identify(src) by extensions ['colcon_pkg']
[1.575s] Level 1:colcon.colcon_core.package_identification:_identify(src) by extension 'colcon_pkg'
[1.575s] Level 1:colcon.colcon_core.package_identification:_identify(src) by extensions ['colcon_meta']
[1.575s] Level 1:colcon.colcon_core.package_identification:_identify(src) by extension 'colcon_meta'
[1.576s] Level 1:colcon.colcon_core.package_identification:_identify(src) by extensions ['ros']
[1.576s] Level 1:colcon.colcon_core.package_identification:_identify(src) by extension 'ros'
[1.576s] Level 1:colcon.colcon_core.package_identification:_identify(src) by extensions ['cmake', 'python']
[1.576s] Level 1:colcon.colcon_core.package_identification:_identify(src) by extension 'cmake'
[1.577s] Level 1:colcon.colcon_core.package_identification:_identify(src) by extension 'python'
[1.577s] Level 1:colcon.colcon_core.package_identification:_identify(src) by extensions ['python_setup_py']
[1.577s] Level 1:colcon.colcon_core.package_identification:_identify(src) by extension 'python_setup_py'
[1.577s] Level 1:colcon.colcon_core.package_identification:_identify(src/articubot_one) by extensions ['ignore', 'ignore_ament_install']
[1.578s] Level 1:colcon.colcon_core.package_identification:_identify(src/articubot_one) by extension 'ignore'
[1.578s] Level 1:colcon.colcon_core.package_identification:_identify(src/articubot_one) by extension 'ignore_ament_install'
[1.578s] Level 1:colcon.colcon_core.package_identification:_identify(src/articubot_one) by extensions ['colcon_pkg']
[1.578s] Level 1:colcon.colcon_core.package_identification:_identify(src/articubot_one) by extension 'colcon_pkg'
[1.579s] Level 1:colcon.colcon_core.package_identification:_identify(src/articubot_one) by extensions ['colcon_meta']
[1.579s] Level 1:colcon.colcon_core.package_identification:_identify(src/articubot_one) by extension 'colcon_meta'
[1.579s] Level 1:colcon.colcon_core.package_identification:_identify(src/articubot_one) by extensions ['ros']
[1.579s] Level 1:colcon.colcon_core.package_identification:_identify(src/articubot_one) by extension 'ros'
[1.589s] DEBUG:colcon.colcon_core.package_identification:Package 'src/articubot_one' with type 'ros.ament_cmake' and name 'articubot_one'
[1.590s] Level 1:colcon.colcon_core.package_identification:_identify(src/diffdrive_arduino) by extensions ['ignore', 'ignore_ament_install']
[1.590s] Level 1:colcon.colcon_core.package_identification:_identify(src/diffdrive_arduino) by extension 'ignore'
[1.590s] Level 1:colcon.colcon_core.package_identification:_identify(src/diffdrive_arduino) by extension 'ignore_ament_install'
[1.591s] Level 1:colcon.colcon_core.package_identification:_identify(src/diffdrive_arduino) by extensions ['colcon_pkg']
[1.591s] Level 1:colcon.colcon_core.package_identification:_identify(src/diffdrive_arduino) by extension 'colcon_pkg'
[1.591s] Level 1:colcon.colcon_core.package_identification:_identify(src/diffdrive_arduino) by extensions ['colcon_meta']
[1.591s] Level 1:colcon.colcon_core.package_identification:_identify(src/diffdrive_arduino) by extension 'colcon_meta'
[1.591s] Level 1:colcon.colcon_core.package_identification:_identify(src/diffdrive_arduino) by extensions ['ros']
[1.591s] Level 1:colcon.colcon_core.package_identification:_identify(src/diffdrive_arduino) by extension 'ros'
[1.595s] DEBUG:colcon.colcon_core.package_identification:Package 'src/diffdrive_arduino' with type 'ros.ament_cmake' and name 'diffdrive_arduino'
[1.596s] Level 1:colcon.colcon_core.package_identification:_identify(src/serial) by extensions ['ignore', 'ignore_ament_install']
[1.597s] Level 1:colcon.colcon_core.package_identification:_identify(src/serial) by extension 'ignore'
[1.597s] Level 1:colcon.colcon_core.package_identification:_identify(src/serial) by extension 'ignore_ament_install'
[1.597s] Level 1:colcon.colcon_core.package_identification:_identify(src/serial) by extensions ['colcon_pkg']
[1.597s] Level 1:colcon.colcon_core.package_identification:_identify(src/serial) by extension 'colcon_pkg'
[1.598s] Level 1:colcon.colcon_core.package_identification:_identify(src/serial) by extensions ['colcon_meta']
[1.598s] Level 1:colcon.colcon_core.package_identification:_identify(src/serial) by extension 'colcon_meta'
[1.598s] Level 1:colcon.colcon_core.package_identification:_identify(src/serial) by extensions ['ros']
[1.598s] Level 1:colcon.colcon_core.package_identification:_identify(src/serial) by extension 'ros'
[1.601s] DEBUG:colcon.colcon_core.package_identification:Package 'src/serial' with type 'ros.ament_cmake' and name 'serial'
[1.601s] Level 1:colcon.colcon_core.package_identification:_identify(src/serial_motor_demo) by extensions ['ignore', 'ignore_ament_install']
[1.602s] Level 1:colcon.colcon_core.package_identification:_identify(src/serial_motor_demo) by extension 'ignore'
[1.602s] Level 1:colcon.colcon_core.package_identification:_identify(src/serial_motor_demo) by extension 'ignore_ament_install'
[1.602s] Level 1:colcon.colcon_core.package_identification:_identify(src/serial_motor_demo) by extensions ['colcon_pkg']
[1.602s] Level 1:colcon.colcon_core.package_identification:_identify(src/serial_motor_demo) by extension 'colcon_pkg'
[1.603s] Level 1:colcon.colcon_core.package_identification:_identify(src/serial_motor_demo) by extensions ['colcon_meta']
[1.603s] Level 1:colcon.colcon_core.package_identification:_identify(src/serial_motor_demo) by extension 'colcon_meta'
[1.603s] Level 1:colcon.colcon_core.package_identification:_identify(src/serial_motor_demo) by extensions ['ros']
[1.603s] Level 1:colcon.colcon_core.package_identification:_identify(src/serial_motor_demo) by extension 'ros'
[1.604s] Level 1:colcon.colcon_core.package_identification:_identify(src/serial_motor_demo) by extensions ['cmake', 'python']
[1.604s] Level 1:colcon.colcon_core.package_identification:_identify(src/serial_motor_demo) by extension 'cmake'
[1.604s] Level 1:colcon.colcon_core.package_identification:_identify(src/serial_motor_demo) by extension 'python'
[1.604s] Level 1:colcon.colcon_core.package_identification:_identify(src/serial_motor_demo) by extensions ['python_setup_py']
[1.604s] Level 1:colcon.colcon_core.package_identification:_identify(src/serial_motor_demo) by extension 'python_setup_py'
[1.605s] Level 1:colcon.colcon_core.package_identification:_identify(src/serial_motor_demo/serial_motor_demo) by extensions ['ignore', 'ignore_ament_install']
[1.605s] Level 1:colcon.colcon_core.package_identification:_identify(src/serial_motor_demo/serial_motor_demo) by extension 'ignore'
[1.605s] Level 1:colcon.colcon_core.package_identification:_identify(src/serial_motor_demo/serial_motor_demo) by extension 'ignore_ament_install'
[1.606s] Level 1:colcon.colcon_core.package_identification:_identify(src/serial_motor_demo/serial_motor_demo) by extensions ['colcon_pkg']
[1.606s] Level 1:colcon.colcon_core.package_identification:_identify(src/serial_motor_demo/serial_motor_demo) by extension 'colcon_pkg'
[1.606s] Level 1:colcon.colcon_core.package_identification:_identify(src/serial_motor_demo/serial_motor_demo) by extensions ['colcon_meta']
[1.606s] Level 1:colcon.colcon_core.package_identification:_identify(src/serial_motor_demo/serial_motor_demo) by extension 'colcon_meta'
[1.606s] Level 1:colcon.colcon_core.package_identification:_identify(src/serial_motor_demo/serial_motor_demo) by extensions ['ros']
[1.607s] Level 1:colcon.colcon_core.package_identification:_identify(src/serial_motor_demo/serial_motor_demo) by extension 'ros'
[1.610s] DEBUG:colcon.colcon_core.package_identification:Package 'src/serial_motor_demo/serial_motor_demo' with type 'ros.ament_python' and name 'serial_motor_demo'
[1.610s] Level 1:colcon.colcon_core.package_identification:_identify(src/serial_motor_demo/serial_motor_demo_msgs) by extensions ['ignore', 'ignore_ament_install']
[1.611s] Level 1:colcon.colcon_core.package_identification:_identify(src/serial_motor_demo/serial_motor_demo_msgs) by extension 'ignore'
[1.611s] Level 1:colcon.colcon_core.package_identification:_identify(src/serial_motor_demo/serial_motor_demo_msgs) by extension 'ignore_ament_install'
[1.611s] Level 1:colcon.colcon_core.package_identification:_identify(src/serial_motor_demo/serial_motor_demo_msgs) by extensions ['colcon_pkg']
[1.611s] Level 1:colcon.colcon_core.package_identification:_identify(src/serial_motor_demo/serial_motor_demo_msgs) by extension 'colcon_pkg'
[1.612s] Level 1:colcon.colcon_core.package_identification:_identify(src/serial_motor_demo/serial_motor_demo_msgs) by extensions ['colcon_meta']
[1.612s] Level 1:colcon.colcon_core.package_identification:_identify(src/serial_motor_demo/serial_motor_demo_msgs) by extension 'colcon_meta'
[1.612s] Level 1:colcon.colcon_core.package_identification:_identify(src/serial_motor_demo/serial_motor_demo_msgs) by extensions ['ros']
[1.612s] Level 1:colcon.colcon_core.package_identification:_identify(src/serial_motor_demo/serial_motor_demo_msgs) by extension 'ros'
[1.615s] DEBUG:colcon.colcon_core.package_identification:Package 'src/serial_motor_demo/serial_motor_demo_msgs' with type 'ros.ament_cmake' and name 'serial_motor_demo_msgs'
[1.615s] Level 1:colcon.colcon_core.package_discovery:discover_packages(recursive) using defaults
[1.615s] Level 1:colcon.colcon_core.package_discovery:discover_packages(ignore) discover
[1.615s] Level 1:colcon.colcon_core.package_discovery:discover_packages(ignore) using defaults
[1.616s] Level 1:colcon.colcon_core.package_discovery:discover_packages(path) discover
[1.616s] Level 1:colcon.colcon_core.package_discovery:discover_packages(path) using defaults
[1.742s] Level 1:colcon.colcon_core.package_discovery:discover_packages(prefix_path) check parameters
[1.742s] Level 1:colcon.colcon_core.package_discovery:discover_packages(prefix_path) discover
[1.751s] DEBUG:colcon.colcon_installed_package_information.package_discovery:Found 2 installed packages in /home/pi/ros2_ws/install
[1.764s] DEBUG:colcon.colcon_installed_package_information.package_discovery:Found 335 installed packages in /opt/ros/humble
[1.773s] Level 1:colcon.colcon_core.package_discovery:discover_packages(prefix_path) using defaults
[2.013s] Level 5:colcon.colcon_core.verb:set package 'articubot_one' build argument 'cmake_args' from command line to 'None'
[2.013s] Level 5:colcon.colcon_core.verb:set package 'articubot_one' build argument 'cmake_target' from command line to 'None'
[2.013s] Level 5:colcon.colcon_core.verb:set package 'articubot_one' build argument 'cmake_target_skip_unavailable' from command line to 'False'
[2.014s] Level 5:colcon.colcon_core.verb:set package 'articubot_one' build argument 'cmake_clean_cache' from command line to 'False'
[2.014s] Level 5:colcon.colcon_core.verb:set package 'articubot_one' build argument 'cmake_clean_first' from command line to 'False'
[2.014s] Level 5:colcon.colcon_core.verb:set package 'articubot_one' build argument 'cmake_force_configure' from command line to 'False'
[2.014s] Level 5:colcon.colcon_core.verb:set package 'articubot_one' build argument 'ament_cmake_args' from command line to 'None'
[2.014s] Level 5:colcon.colcon_core.verb:set package 'articubot_one' build argument 'catkin_cmake_args' from command line to 'None'
[2.014s] Level 5:colcon.colcon_core.verb:set package 'articubot_one' build argument 'catkin_skip_building_tests' from command line to 'False'
[2.014s] DEBUG:colcon.colcon_core.verb:Building package 'articubot_one' with the following arguments: {'ament_cmake_args': None, 'build_base': '/home/pi/ros2_ws/build/articubot_one', 'catkin_cmake_args': None, 'catkin_skip_building_tests': False, 'cmake_args': None, 'cmake_clean_cache': False, 'cmake_clean_first': False, 'cmake_force_configure': False, 'cmake_target': None, 'cmake_target_skip_unavailable': False, 'install_base': '/home/pi/ros2_ws/install/articubot_one', 'merge_install': False, 'path': '/home/pi/ros2_ws/src/articubot_one', 'symlink_install': False, 'test_result_base': None}
[2.016s] Level 5:colcon.colcon_core.verb:set package 'serial' build argument 'cmake_args' from command line to 'None'
[2.016s] Level 5:colcon.colcon_core.verb:set package 'serial' build argument 'cmake_target' from command line to 'None'
[2.016s] Level 5:colcon.colcon_core.verb:set package 'serial' build argument 'cmake_target_skip_unavailable' from command line to 'False'
[2.017s] Level 5:colcon.colcon_core.verb:set package 'serial' build argument 'cmake_clean_cache' from command line to 'False'
[2.017s] Level 5:colcon.colcon_core.verb:set package 'serial' build argument 'cmake_clean_first' from command line to 'False'
[2.017s] Level 5:colcon.colcon_core.verb:set package 'serial' build argument 'cmake_force_configure' from command line to 'False'
[2.017s] Level 5:colcon.colcon_core.verb:set package 'serial' build argument 'ament_cmake_args' from command line to 'None'
[2.017s] Level 5:colcon.colcon_core.verb:set package 'serial' build argument 'catkin_cmake_args' from command line to 'None'
[2.017s] Level 5:colcon.colcon_core.verb:set package 'serial' build argument 'catkin_skip_building_tests' from command line to 'False'
[2.017s] DEBUG:colcon.colcon_core.verb:Building package 'serial' with the following arguments: {'ament_cmake_args': None, 'build_base': '/home/pi/ros2_ws/build/serial', 'catkin_cmake_args': None, 'catkin_skip_building_tests': False, 'cmake_args': None, 'cmake_clean_cache': False, 'cmake_clean_first': False, 'cmake_force_configure': False, 'cmake_target': None, 'cmake_target_skip_unavailable': False, 'install_base': '/home/pi/ros2_ws/install/serial', 'merge_install': False, 'path': '/home/pi/ros2_ws/src/serial', 'symlink_install': False, 'test_result_base': None}
[2.019s] Level 5:colcon.colcon_core.verb:set package 'serial_motor_demo_msgs' build argument 'cmake_args' from command line to 'None'
[2.019s] Level 5:colcon.colcon_core.verb:set package 'serial_motor_demo_msgs' build argument 'cmake_target' from command line to 'None'
[2.019s] Level 5:colcon.colcon_core.verb:set package 'serial_motor_demo_msgs' build argument 'cmake_target_skip_unavailable' from command line to 'False'
[2.019s] Level 5:colcon.colcon_core.verb:set package 'serial_motor_demo_msgs' build argument 'cmake_clean_cache' from command line to 'False'
[2.019s] Level 5:colcon.colcon_core.verb:set package 'serial_motor_demo_msgs' build argument 'cmake_clean_first' from command line to 'False'
[2.020s] Level 5:colcon.colcon_core.verb:set package 'serial_motor_demo_msgs' build argument 'cmake_force_configure' from command line to 'False'
[2.020s] Level 5:colcon.colcon_core.verb:set package 'serial_motor_demo_msgs' build argument 'ament_cmake_args' from command line to 'None'
[2.020s] Level 5:colcon.colcon_core.verb:set package 'serial_motor_demo_msgs' build argument 'catkin_cmake_args' from command line to 'None'
[2.020s] Level 5:colcon.colcon_core.verb:set package 'serial_motor_demo_msgs' build argument 'catkin_skip_building_tests' from command line to 'False'
[2.020s] DEBUG:colcon.colcon_core.verb:Building package 'serial_motor_demo_msgs' with the following arguments: {'ament_cmake_args': None, 'build_base': '/home/pi/ros2_ws/build/serial_motor_demo_msgs', 'catkin_cmake_args': None, 'catkin_skip_building_tests': False, 'cmake_args': None, 'cmake_clean_cache': False, 'cmake_clean_first': False, 'cmake_force_configure': False, 'cmake_target': None, 'cmake_target_skip_unavailable': False, 'install_base': '/home/pi/ros2_ws/install/serial_motor_demo_msgs', 'merge_install': False, 'path': '/home/pi/ros2_ws/src/serial_motor_demo/serial_motor_demo_msgs', 'symlink_install': False, 'test_result_base': None}
[2.022s] Level 5:colcon.colcon_core.verb:set package 'diffdrive_arduino' build argument 'cmake_args' from command line to 'None'
[2.022s] Level 5:colcon.colcon_core.verb:set package 'diffdrive_arduino' build argument 'cmake_target' from command line to 'None'
[2.022s] Level 5:colcon.colcon_core.verb:set package 'diffdrive_arduino' build argument 'cmake_target_skip_unavailable' from command line to 'False'
[2.022s] Level 5:colcon.colcon_core.verb:set package 'diffdrive_arduino' build argument 'cmake_clean_cache' from command line to 'False'
[2.022s] Level 5:colcon.colcon_core.verb:set package 'diffdrive_arduino' build argument 'cmake_clean_first' from command line to 'False'
[2.022s] Level 5:colcon.colcon_core.verb:set package 'diffdrive_arduino' build argument 'cmake_force_configure' from command line to 'False'
[2.023s] Level 5:colcon.colcon_core.verb:set package 'diffdrive_arduino' build argument 'ament_cmake_args' from command line to 'None'
[2.023s] Level 5:colcon.colcon_core.verb:set package 'diffdrive_arduino' build argument 'catkin_cmake_args' from command line to 'None'
[2.023s] Level 5:colcon.colcon_core.verb:set package 'diffdrive_arduino' build argument 'catkin_skip_building_tests' from command line to 'False'
[2.023s] DEBUG:colcon.colcon_core.verb:Building package 'diffdrive_arduino' with the following arguments: {'ament_cmake_args': None, 'build_base': '/home/pi/ros2_ws/build/diffdrive_arduino', 'catkin_cmake_args': None, 'catkin_skip_building_tests': False, 'cmake_args': None, 'cmake_clean_cache': False, 'cmake_clean_first': False, 'cmake_force_configure': False, 'cmake_target': None, 'cmake_target_skip_unavailable': False, 'install_base': '/home/pi/ros2_ws/install/diffdrive_arduino', 'merge_install': False, 'path': '/home/pi/ros2_ws/src/diffdrive_arduino', 'symlink_install': False, 'test_result_base': None}
[2.025s] Level 5:colcon.colcon_core.verb:set package 'serial_motor_demo' build argument 'cmake_args' from command line to 'None'
[2.025s] Level 5:colcon.colcon_core.verb:set package 'serial_motor_demo' build argument 'cmake_target' from command line to 'None'
[2.025s] Level 5:colcon.colcon_core.verb:set package 'serial_motor_demo' build argument 'cmake_target_skip_unavailable' from command line to 'False'
[2.025s] Level 5:colcon.colcon_core.verb:set package 'serial_motor_demo' build argument 'cmake_clean_cache' from command line to 'False'
[2.025s] Level 5:colcon.colcon_core.verb:set package 'serial_motor_demo' build argument 'cmake_clean_first' from command line to 'False'
[2.025s] Level 5:colcon.colcon_core.verb:set package 'serial_motor_demo' build argument 'cmake_force_configure' from command line to 'False'
[2.025s] Level 5:colcon.colcon_core.verb:set package 'serial_motor_demo' build argument 'ament_cmake_args' from command line to 'None'
[2.025s] Level 5:colcon.colcon_core.verb:set package 'serial_motor_demo' build argument 'catkin_cmake_args' from command line to 'None'
[2.025s] Level 5:colcon.colcon_core.verb:set package 'serial_motor_demo' build argument 'catkin_skip_building_tests' from command line to 'False'
[2.026s] DEBUG:colcon.colcon_core.verb:Building package 'serial_motor_demo' with the following arguments: {'ament_cmake_args': None, 'build_base': '/home/pi/ros2_ws/build/serial_motor_demo', 'catkin_cmake_args': None, 'catkin_skip_building_tests': False, 'cmake_args': None, 'cmake_clean_cache': False, 'cmake_clean_first': False, 'cmake_force_configure': False, 'cmake_target': None, 'cmake_target_skip_unavailable': False, 'install_base': '/home/pi/ros2_ws/install/serial_motor_demo', 'merge_install': False, 'path': '/home/pi/ros2_ws/src/serial_motor_demo/serial_motor_demo', 'symlink_install': False, 'test_result_base': None}
[2.026s] INFO:colcon.colcon_core.executor:Executing jobs using 'parallel' executor
[2.030s] DEBUG:colcon.colcon_parallel_executor.executor.parallel:run_until_complete
[2.031s] INFO:colcon.colcon_ros.task.ament_cmake.build:Building ROS package in '/home/pi/ros2_ws/src/serial' with build type 'ament_cmake'
[2.031s] INFO:colcon.colcon_cmake.task.cmake.build:Building CMake package in '/home/pi/ros2_ws/src/serial'
[2.041s] INFO:colcon.colcon_core.plugin_system:Skipping extension 'colcon_core.shell.bat': Not used on non-Windows systems
[2.042s] INFO:colcon.colcon_core.shell:Skip shell extension 'powershell' for command environment: Not usable outside of PowerShell
[2.043s] DEBUG:colcon.colcon_core.shell:Skip shell extension 'dsv' for command environment
[2.065s] INFO:colcon.colcon_ros.task.ament_cmake.build:Building ROS package in '/home/pi/ros2_ws/src/serial_motor_demo/serial_motor_demo_msgs' with build type 'ament_cmake'
[2.066s] INFO:colcon.colcon_cmake.task.cmake.build:Building CMake package in '/home/pi/ros2_ws/src/serial_motor_demo/serial_motor_demo_msgs'
[2.067s] INFO:colcon.colcon_core.shell:Skip shell extension 'powershell' for command environment: Not usable outside of PowerShell
[2.067s] DEBUG:colcon.colcon_core.shell:Skip shell extension 'dsv' for command environment
[2.091s] INFO:colcon.colcon_ros.task.ament_cmake.build:Building ROS package in '/home/pi/ros2_ws/src/articubot_one' with build type 'ament_cmake'
[2.091s] INFO:colcon.colcon_cmake.task.cmake.build:Building CMake package in '/home/pi/ros2_ws/src/articubot_one'
[2.093s] INFO:colcon.colcon_core.shell:Skip shell extension 'powershell' for command environment: Not usable outside of PowerShell
[2.094s] DEBUG:colcon.colcon_core.shell:Skip shell extension 'dsv' for command environment
[2.129s] DEBUG:colcon.colcon_core.event_handler.log_command:Invoking command in '/home/pi/ros2_ws/build/serial': CMAKE_PREFIX_PATH=${CMAKE_PREFIX_PATH}:/opt/ros/humble /usr/bin/cmake /home/pi/ros2_ws/src/serial -DCMAKE_INSTALL_PREFIX=/home/pi/ros2_ws/install/serial
[2.159s] DEBUG:colcon.colcon_core.event_handler.log_command:Invoking command in '/home/pi/ros2_ws/build/serial_motor_demo_msgs': CMAKE_PREFIX_PATH=${CMAKE_PREFIX_PATH}:/opt/ros/humble /usr/bin/cmake --build /home/pi/ros2_ws/build/serial_motor_demo_msgs -- -j4 -l4
[2.184s] DEBUG:colcon.colcon_core.event_handler.log_command:Invoking command in '/home/pi/ros2_ws/build/articubot_one': CMAKE_PREFIX_PATH=${CMAKE_PREFIX_PATH}:/opt/ros/humble /usr/bin/cmake --build /home/pi/ros2_ws/build/articubot_one -- -j4 -l4
[2.360s] DEBUG:colcon.colcon_core.event_handler.log_command:Invoked command in '/home/pi/ros2_ws/build/articubot_one' returned '0': CMAKE_PREFIX_PATH=${CMAKE_PREFIX_PATH}:/opt/ros/humble /usr/bin/cmake --build /home/pi/ros2_ws/build/articubot_one -- -j4 -l4
[2.817s] DEBUG:colcon.colcon_core.event_handler.log_command:Invoking command in '/home/pi/ros2_ws/build/articubot_one': CMAKE_PREFIX_PATH=${CMAKE_PREFIX_PATH}:/opt/ros/humble /usr/bin/cmake --install /home/pi/ros2_ws/build/articubot_one
[2.948s] Level 1:colcon.colcon_core.environment:create_environment_scripts_only(articubot_one)
[2.986s] Level 1:colcon.colcon_core.environment:checking '/home/pi/ros2_ws/install/articubot_one' for CMake module files
[2.990s] DEBUG:colcon.colcon_core.event_handler.log_command:Invoked command in '/home/pi/ros2_ws/build/articubot_one' returned '0': CMAKE_PREFIX_PATH=${CMAKE_PREFIX_PATH}:/opt/ros/humble /usr/bin/cmake --install /home/pi/ros2_ws/build/articubot_one
[3.006s] Level 1:colcon.colcon_core.environment:checking '/home/pi/ros2_ws/install/articubot_one' for CMake config files
[3.009s] Level 1:colcon.colcon_core.shell:create_environment_hook('articubot_one', 'cmake_prefix_path')
[3.010s] INFO:colcon.colcon_core.shell:Creating environment hook '/home/pi/ros2_ws/install/articubot_one/share/articubot_one/hook/cmake_prefix_path.ps1'
[3.026s] INFO:colcon.colcon_core.shell:Creating environment descriptor '/home/pi/ros2_ws/install/articubot_one/share/articubot_one/hook/cmake_prefix_path.dsv'
[3.029s] INFO:colcon.colcon_core.shell:Creating environment hook '/home/pi/ros2_ws/install/articubot_one/share/articubot_one/hook/cmake_prefix_path.sh'
[3.034s] Level 1:colcon.colcon_core.environment:checking '/home/pi/ros2_ws/install/articubot_one/bin'
[3.035s] Level 1:colcon.colcon_core.environment:checking '/home/pi/ros2_ws/install/articubot_one/lib/pkgconfig/articubot_one.pc'
[3.045s] Level 1:colcon.colcon_core.environment:checking '/home/pi/ros2_ws/install/articubot_one/lib/python3.10/site-packages'
[3.047s] Level 1:colcon.colcon_core.environment:checking '/home/pi/ros2_ws/install/articubot_one/bin'
[3.049s] INFO:colcon.colcon_core.shell:Creating package script '/home/pi/ros2_ws/install/articubot_one/share/articubot_one/package.ps1'
[3.070s] INFO:colcon.colcon_core.shell:Creating package descriptor '/home/pi/ros2_ws/install/articubot_one/share/articubot_one/package.dsv'
[3.074s] INFO:colcon.colcon_core.shell:Creating package script '/home/pi/ros2_ws/install/articubot_one/share/articubot_one/package.sh'
[3.078s] INFO:colcon.colcon_core.shell:Creating package script '/home/pi/ros2_ws/install/articubot_one/share/articubot_one/package.bash'
[3.083s] INFO:colcon.colcon_core.shell:Creating package script '/home/pi/ros2_ws/install/articubot_one/share/articubot_one/package.zsh'
[3.087s] Level 1:colcon.colcon_core.environment:create_file_with_runtime_dependencies(/home/pi/ros2_ws/install/articubot_one/share/colcon-core/packages/articubot_one)
[3.406s] Level 1:colcon.colcon_core.environment:create_environment_scripts_only(articubot_one)
[3.407s] Level 1:colcon.colcon_core.environment:checking '/home/pi/ros2_ws/install/articubot_one' for CMake module files
[3.411s] Level 1:colcon.colcon_core.environment:checking '/home/pi/ros2_ws/install/articubot_one' for CMake config files
[3.413s] Level 1:colcon.colcon_core.shell:create_environment_hook('articubot_one', 'cmake_prefix_path')
[3.426s] INFO:colcon.colcon_core.shell:Creating environment hook '/home/pi/ros2_ws/install/articubot_one/share/articubot_one/hook/cmake_prefix_path.ps1'
[3.429s] INFO:colcon.colcon_core.shell:Creating environment descriptor '/home/pi/ros2_ws/install/articubot_one/share/articubot_one/hook/cmake_prefix_path.dsv'
[3.432s] INFO:colcon.colcon_core.shell:Creating environment hook '/home/pi/ros2_ws/install/articubot_one/share/articubot_one/hook/cmake_prefix_path.sh'
[3.436s] Level 1:colcon.colcon_core.environment:checking '/home/pi/ros2_ws/install/articubot_one/bin'
[3.437s] Level 1:colcon.colcon_core.environment:checking '/home/pi/ros2_ws/install/articubot_one/lib/pkgconfig/articubot_one.pc'
[3.438s] Level 1:colcon.colcon_core.environment:checking '/home/pi/ros2_ws/install/articubot_one/lib/python3.10/site-packages'
[3.439s] Level 1:colcon.colcon_core.environment:checking '/home/pi/ros2_ws/install/articubot_one/bin'
[3.441s] INFO:colcon.colcon_core.shell:Creating package script '/home/pi/ros2_ws/install/articubot_one/share/articubot_one/package.ps1'
[3.459s] INFO:colcon.colcon_core.shell:Creating package descriptor '/home/pi/ros2_ws/install/articubot_one/share/articubot_one/package.dsv'
[3.462s] INFO:colcon.colcon_core.shell:Creating package script '/home/pi/ros2_ws/install/articubot_one/share/articubot_one/package.sh'
[3.464s] INFO:colcon.colcon_core.shell:Creating package script '/home/pi/ros2_ws/install/articubot_one/share/articubot_one/package.bash'
[3.479s] INFO:colcon.colcon_core.shell:Creating package script '/home/pi/ros2_ws/install/articubot_one/share/articubot_one/package.zsh'
[3.482s] Level 1:colcon.colcon_core.environment:create_file_with_runtime_dependencies(/home/pi/ros2_ws/install/articubot_one/share/colcon-core/packages/articubot_one)
[8.740s] DEBUG:colcon.colcon_core.event_handler.log_command:Invoked command in '/home/pi/ros2_ws/build/serial' returned '0': CMAKE_PREFIX_PATH=${CMAKE_PREFIX_PATH}:/opt/ros/humble /usr/bin/cmake /home/pi/ros2_ws/src/serial -DCMAKE_INSTALL_PREFIX=/home/pi/ros2_ws/install/serial
[8.742s] DEBUG:colcon.colcon_core.event_handler.log_command:Invoking command in '/home/pi/ros2_ws/build/serial': CMAKE_PREFIX_PATH=${CMAKE_PREFIX_PATH}:/opt/ros/humble /usr/bin/cmake --build /home/pi/ros2_ws/build/serial -- -j4 -l4
[31.667s] DEBUG:colcon.colcon_core.event_handler.log_command:Invoked command in '/home/pi/ros2_ws/build/serial_motor_demo_msgs' returned '0': CMAKE_PREFIX_PATH=${CMAKE_PREFIX_PATH}:/opt/ros/humble /usr/bin/cmake --build /home/pi/ros2_ws/build/serial_motor_demo_msgs -- -j4 -l4
[32.298s] DEBUG:colcon.colcon_core.event_handler.log_command:Invoking command in '/home/pi/ros2_ws/build/serial_motor_demo_msgs': CMAKE_PREFIX_PATH=${CMAKE_PREFIX_PATH}:/opt/ros/humble /usr/bin/cmake --install /home/pi/ros2_ws/build/serial_motor_demo_msgs
[32.873s] Level 1:colcon.colcon_core.environment:create_environment_scripts_only(serial_motor_demo_msgs)
[32.875s] Level 1:colcon.colcon_core.environment:checking '/home/pi/ros2_ws/install/serial_motor_demo_msgs' for CMake module files
[32.877s] DEBUG:colcon.colcon_core.event_handler.log_command:Invoked command in '/home/pi/ros2_ws/build/serial_motor_demo_msgs' returned '0': CMAKE_PREFIX_PATH=${CMAKE_PREFIX_PATH}:/opt/ros/humble /usr/bin/cmake --install /home/pi/ros2_ws/build/serial_motor_demo_msgs
[32.882s] Level 1:colcon.colcon_core.environment:checking '/home/pi/ros2_ws/install/serial_motor_demo_msgs' for CMake config files
[32.885s] Level 1:colcon.colcon_core.shell:create_environment_hook('serial_motor_demo_msgs', 'cmake_prefix_path')
[32.887s] INFO:colcon.colcon_core.shell:Creating environment hook '/home/pi/ros2_ws/install/serial_motor_demo_msgs/share/serial_motor_demo_msgs/hook/cmake_prefix_path.ps1'
[32.889s] INFO:colcon.colcon_core.shell:Creating environment descriptor '/home/pi/ros2_ws/install/serial_motor_demo_msgs/share/serial_motor_demo_msgs/hook/cmake_prefix_path.dsv'
[32.891s] INFO:colcon.colcon_core.shell:Creating environment hook '/home/pi/ros2_ws/install/serial_motor_demo_msgs/share/serial_motor_demo_msgs/hook/cmake_prefix_path.sh'
[32.895s] Level 1:colcon.colcon_core.environment:checking '/home/pi/ros2_ws/install/serial_motor_demo_msgs/lib'
[32.896s] Level 1:colcon.colcon_core.shell:create_environment_hook('serial_motor_demo_msgs', 'ld_library_path_lib')
[32.897s] INFO:colcon.colcon_core.shell:Creating environment hook '/home/pi/ros2_ws/install/serial_motor_demo_msgs/share/serial_motor_demo_msgs/hook/ld_library_path_lib.ps1'
[32.899s] INFO:colcon.colcon_core.shell:Creating environment descriptor '/home/pi/ros2_ws/install/serial_motor_demo_msgs/share/serial_motor_demo_msgs/hook/ld_library_path_lib.dsv'
[32.901s] INFO:colcon.colcon_core.shell:Creating environment hook '/home/pi/ros2_ws/install/serial_motor_demo_msgs/share/serial_motor_demo_msgs/hook/ld_library_path_lib.sh'
[32.904s] Level 1:colcon.colcon_core.environment:checking '/home/pi/ros2_ws/install/serial_motor_demo_msgs/bin'
[32.904s] Level 1:colcon.colcon_core.environment:checking '/home/pi/ros2_ws/install/serial_motor_demo_msgs/lib/pkgconfig/serial_motor_demo_msgs.pc'
[32.906s] Level 1:colcon.colcon_core.environment:checking '/home/pi/ros2_ws/install/serial_motor_demo_msgs/lib/python3.10/site-packages'
[32.907s] Level 1:colcon.colcon_core.environment:checking '/home/pi/ros2_ws/install/serial_motor_demo_msgs/bin'
[32.909s] INFO:colcon.colcon_core.shell:Creating package script '/home/pi/ros2_ws/install/serial_motor_demo_msgs/share/serial_motor_demo_msgs/package.ps1'
[32.912s] INFO:colcon.colcon_core.shell:Creating package descriptor '/home/pi/ros2_ws/install/serial_motor_demo_msgs/share/serial_motor_demo_msgs/package.dsv'
[32.915s] INFO:colcon.colcon_core.shell:Creating package script '/home/pi/ros2_ws/install/serial_motor_demo_msgs/share/serial_motor_demo_msgs/package.sh'
[32.917s] INFO:colcon.colcon_core.shell:Creating package script '/home/pi/ros2_ws/install/serial_motor_demo_msgs/share/serial_motor_demo_msgs/package.bash'
[32.920s] INFO:colcon.colcon_core.shell:Creating package script '/home/pi/ros2_ws/install/serial_motor_demo_msgs/share/serial_motor_demo_msgs/package.zsh'
[32.922s] Level 1:colcon.colcon_core.environment:create_file_with_runtime_dependencies(/home/pi/ros2_ws/install/serial_motor_demo_msgs/share/colcon-core/packages/serial_motor_demo_msgs)
[33.548s] Level 1:colcon.colcon_core.environment:create_environment_scripts_only(serial_motor_demo_msgs)
[33.549s] Level 1:colcon.colcon_core.environment:checking '/home/pi/ros2_ws/install/serial_motor_demo_msgs' for CMake module files
[33.555s] Level 1:colcon.colcon_core.environment:checking '/home/pi/ros2_ws/install/serial_motor_demo_msgs' for CMake config files
[33.559s] Level 1:colcon.colcon_core.shell:create_environment_hook('serial_motor_demo_msgs', 'cmake_prefix_path')
[33.560s] INFO:colcon.colcon_core.shell:Creating environment hook '/home/pi/ros2_ws/install/serial_motor_demo_msgs/share/serial_motor_demo_msgs/hook/cmake_prefix_path.ps1'
[33.562s] INFO:colcon.colcon_core.shell:Creating environment descriptor '/home/pi/ros2_ws/install/serial_motor_demo_msgs/share/serial_motor_demo_msgs/hook/cmake_prefix_path.dsv'
[33.565s] INFO:colcon.colcon_core.shell:Creating environment hook '/home/pi/ros2_ws/install/serial_motor_demo_msgs/share/serial_motor_demo_msgs/hook/cmake_prefix_path.sh'
[33.569s] Level 1:colcon.colcon_core.environment:checking '/home/pi/ros2_ws/install/serial_motor_demo_msgs/lib'
[33.569s] Level 1:colcon.colcon_core.shell:create_environment_hook('serial_motor_demo_msgs', 'ld_library_path_lib')
[33.571s] INFO:colcon.colcon_core.shell:Creating environment hook '/home/pi/ros2_ws/install/serial_motor_demo_msgs/share/serial_motor_demo_msgs/hook/ld_library_path_lib.ps1'
[33.573s] INFO:colcon.colcon_core.shell:Creating environment descriptor '/home/pi/ros2_ws/install/serial_motor_demo_msgs/share/serial_motor_demo_msgs/hook/ld_library_path_lib.dsv'
[33.576s] INFO:colcon.colcon_core.shell:Creating environment hook '/home/pi/ros2_ws/install/serial_motor_demo_msgs/share/serial_motor_demo_msgs/hook/ld_library_path_lib.sh'
[33.579s] Level 1:colcon.colcon_core.environment:checking '/home/pi/ros2_ws/install/serial_motor_demo_msgs/bin'
[33.579s] Level 1:colcon.colcon_core.environment:checking '/home/pi/ros2_ws/install/serial_motor_demo_msgs/lib/pkgconfig/serial_motor_demo_msgs.pc'
[33.580s] Level 1:colcon.colcon_core.environment:checking '/home/pi/ros2_ws/install/serial_motor_demo_msgs/lib/python3.10/site-packages'
[33.581s] Level 1:colcon.colcon_core.environment:checking '/home/pi/ros2_ws/install/serial_motor_demo_msgs/bin'
[33.583s] INFO:colcon.colcon_core.shell:Creating package script '/home/pi/ros2_ws/install/serial_motor_demo_msgs/share/serial_motor_demo_msgs/package.ps1'
[33.587s] INFO:colcon.colcon_core.shell:Creating package descriptor '/home/pi/ros2_ws/install/serial_motor_demo_msgs/share/serial_motor_demo_msgs/package.dsv'
[33.590s] INFO:colcon.colcon_core.shell:Creating package script '/home/pi/ros2_ws/install/serial_motor_demo_msgs/share/serial_motor_demo_msgs/package.sh'
[33.593s] INFO:colcon.colcon_core.shell:Creating package script '/home/pi/ros2_ws/install/serial_motor_demo_msgs/share/serial_motor_demo_msgs/package.bash'
[33.596s] INFO:colcon.colcon_core.shell:Creating package script '/home/pi/ros2_ws/install/serial_motor_demo_msgs/share/serial_motor_demo_msgs/package.zsh'
[33.599s] Level 1:colcon.colcon_core.environment:create_file_with_runtime_dependencies(/home/pi/ros2_ws/install/serial_motor_demo_msgs/share/colcon-core/packages/serial_motor_demo_msgs)
[33.601s] INFO:colcon.colcon_ros.task.ament_python.build:Building ROS package in '/home/pi/ros2_ws/src/serial_motor_demo/serial_motor_demo' with build type 'ament_python'
[33.602s] Level 1:colcon.colcon_core.shell:create_environment_hook('serial_motor_demo', 'ament_prefix_path')
[33.603s] INFO:colcon.colcon_core.shell:Creating environment hook '/home/pi/ros2_ws/install/serial_motor_demo/share/serial_motor_demo/hook/ament_prefix_path.ps1'
[33.608s] INFO:colcon.colcon_core.shell:Creating environment descriptor '/home/pi/ros2_ws/install/serial_motor_demo/share/serial_motor_demo/hook/ament_prefix_path.dsv'
[33.610s] INFO:colcon.colcon_core.shell:Creating environment hook '/home/pi/ros2_ws/install/serial_motor_demo/share/serial_motor_demo/hook/ament_prefix_path.sh'
[33.613s] INFO:colcon.colcon_core.shell:Skip shell extension 'powershell' for command environment: Not usable outside of PowerShell
[33.614s] DEBUG:colcon.colcon_core.shell:Skip shell extension 'dsv' for command environment
[35.464s] INFO:colcon.colcon_core.task.python.build:Building Python package in '/home/pi/ros2_ws/src/serial_motor_demo/serial_motor_demo'
[35.467s] INFO:colcon.colcon_core.shell:Skip shell extension 'powershell' for command environment: Not usable outside of PowerShell
[35.467s] DEBUG:colcon.colcon_core.shell:Skip shell extension 'dsv' for command environment
[38.389s] DEBUG:colcon.colcon_core.event_handler.log_command:Invoking command in '/home/pi/ros2_ws/src/serial_motor_demo/serial_motor_demo': AMENT_PREFIX_PATH=/home/pi/ros2_ws/install/serial_motor_demo_msgs:${AMENT_PREFIX_PATH} CMAKE_PREFIX_PATH=/home/pi/ros2_ws/install/serial_motor_demo_msgs:${CMAKE_PREFIX_PATH} LD_LIBRARY_PATH=/home/pi/ros2_ws/install/serial_motor_demo_msgs/lib:${LD_LIBRARY_PATH} PYTHONPATH=/home/pi/ros2_ws/build/serial_motor_demo/prefix_override:/usr/lib/python3/dist-packages/colcon_core/task/python/colcon_distutils_commands:/home/pi/ros2_ws/install/serial_motor_demo/lib/python3.10/site-packages:/home/pi/ros2_ws/install/serial_motor_demo_msgs/local/lib/python3.10/dist-packages:${PYTHONPATH} /usr/bin/python3 -W ignore:setup.py install is deprecated setup.py egg_info --egg-base ../../../build/serial_motor_demo build --build-base /home/pi/ros2_ws/build/serial_motor_demo/build install --record /home/pi/ros2_ws/build/serial_motor_demo/install.log --install-scripts $base/lib/serial_motor_demo --single-version-externally-managed install_data
[41.281s] Level 1:colcon.colcon_core.environment:checking '/home/pi/ros2_ws/install/serial_motor_demo' for CMake module files
[41.286s] Level 1:colcon.colcon_core.environment:checking '/home/pi/ros2_ws/install/serial_motor_demo' for CMake config files
[41.297s] DEBUG:colcon.colcon_core.event_handler.log_command:Invoked command in '/home/pi/ros2_ws/src/serial_motor_demo/serial_motor_demo' returned '0': AMENT_PREFIX_PATH=/home/pi/ros2_ws/install/serial_motor_demo_msgs:${AMENT_PREFIX_PATH} CMAKE_PREFIX_PATH=/home/pi/ros2_ws/install/serial_motor_demo_msgs:${CMAKE_PREFIX_PATH} LD_LIBRARY_PATH=/home/pi/ros2_ws/install/serial_motor_demo_msgs/lib:${LD_LIBRARY_PATH} PYTHONPATH=/home/pi/ros2_ws/build/serial_motor_demo/prefix_override:/usr/lib/python3/dist-packages/colcon_core/task/python/colcon_distutils_commands:/home/pi/ros2_ws/install/serial_motor_demo/lib/python3.10/site-packages:/home/pi/ros2_ws/install/serial_motor_demo_msgs/local/lib/python3.10/dist-packages:${PYTHONPATH} /usr/bin/python3 -W ignore:setup.py install is deprecated setup.py egg_info --egg-base ../../../build/serial_motor_demo build --build-base /home/pi/ros2_ws/build/serial_motor_demo/build install --record /home/pi/ros2_ws/build/serial_motor_demo/install.log --install-scripts $base/lib/serial_motor_demo --single-version-externally-managed install_data
[41.299s] Level 1:colcon.colcon_core.environment:checking '/home/pi/ros2_ws/install/serial_motor_demo/lib'
[41.300s] Level 1:colcon.colcon_core.environment:checking '/home/pi/ros2_ws/install/serial_motor_demo/bin'
[41.302s] Level 1:colcon.colcon_core.environment:checking '/home/pi/ros2_ws/install/serial_motor_demo/lib/pkgconfig/serial_motor_demo.pc'
[41.305s] Level 1:colcon.colcon_core.environment:checking '/home/pi/ros2_ws/install/serial_motor_demo/lib/python3.10/site-packages'
[41.306s] Level 1:colcon.colcon_core.shell:create_environment_hook('serial_motor_demo', 'pythonpath')
[41.309s] INFO:colcon.colcon_core.shell:Creating environment hook '/home/pi/ros2_ws/install/serial_motor_demo/share/serial_motor_demo/hook/pythonpath.ps1'
[41.315s] INFO:colcon.colcon_core.shell:Creating environment descriptor '/home/pi/ros2_ws/install/serial_motor_demo/share/serial_motor_demo/hook/pythonpath.dsv'
[41.320s] INFO:colcon.colcon_core.shell:Creating environment hook '/home/pi/ros2_ws/install/serial_motor_demo/share/serial_motor_demo/hook/pythonpath.sh'
[41.328s] Level 1:colcon.colcon_core.environment:checking '/home/pi/ros2_ws/install/serial_motor_demo/bin'
[41.329s] Level 1:colcon.colcon_core.environment:create_environment_scripts_only(serial_motor_demo)
[41.333s] INFO:colcon.colcon_core.shell:Creating package script '/home/pi/ros2_ws/install/serial_motor_demo/share/serial_motor_demo/package.ps1'
[41.339s] INFO:colcon.colcon_core.shell:Creating package descriptor '/home/pi/ros2_ws/install/serial_motor_demo/share/serial_motor_demo/package.dsv'
[41.347s] INFO:colcon.colcon_core.shell:Creating package script '/home/pi/ros2_ws/install/serial_motor_demo/share/serial_motor_demo/package.sh'
[41.359s] INFO:colcon.colcon_core.shell:Creating package script '/home/pi/ros2_ws/install/serial_motor_demo/share/serial_motor_demo/package.bash'
[41.364s] INFO:colcon.colcon_core.shell:Creating package script '/home/pi/ros2_ws/install/serial_motor_demo/share/serial_motor_demo/package.zsh'
[41.369s] Level 1:colcon.colcon_core.environment:create_file_with_runtime_dependencies(/home/pi/ros2_ws/install/serial_motor_demo/share/colcon-core/packages/serial_motor_demo)
[46.140s] DEBUG:colcon.colcon_core.event_handler.log_command:Invoked command in '/home/pi/ros2_ws/build/serial' returned '0': CMAKE_PREFIX_PATH=${CMAKE_PREFIX_PATH}:/opt/ros/humble /usr/bin/cmake --build /home/pi/ros2_ws/build/serial -- -j4 -l4
[46.376s] DEBUG:colcon.colcon_core.event_handler.log_command:Invoking command in '/home/pi/ros2_ws/build/serial': CMAKE_PREFIX_PATH=${CMAKE_PREFIX_PATH}:/opt/ros/humble /usr/bin/cmake --install /home/pi/ros2_ws/build/serial
[46.440s] Level 1:colcon.colcon_core.environment:create_environment_scripts_only(serial)
[46.441s] Level 1:colcon.colcon_core.environment:checking '/home/pi/ros2_ws/install/serial' for CMake module files
[46.443s] DEBUG:colcon.colcon_core.event_handler.log_command:Invoked command in '/home/pi/ros2_ws/build/serial' returned '0': CMAKE_PREFIX_PATH=${CMAKE_PREFIX_PATH}:/opt/ros/humble /usr/bin/cmake --install /home/pi/ros2_ws/build/serial
[46.445s] Level 1:colcon.colcon_core.environment:checking '/home/pi/ros2_ws/install/serial' for CMake config files
[46.446s] Level 1:colcon.colcon_core.shell:create_environment_hook('serial', 'cmake_prefix_path')
[46.448s] INFO:colcon.colcon_core.shell:Creating environment hook '/home/pi/ros2_ws/install/serial/share/serial/hook/cmake_prefix_path.ps1'
[46.450s] INFO:colcon.colcon_core.shell:Creating environment descriptor '/home/pi/ros2_ws/install/serial/share/serial/hook/cmake_prefix_path.dsv'
[46.452s] INFO:colcon.colcon_core.shell:Creating environment hook '/home/pi/ros2_ws/install/serial/share/serial/hook/cmake_prefix_path.sh'
[46.455s] Level 1:colcon.colcon_core.environment:checking '/home/pi/ros2_ws/install/serial/lib'
[46.456s] Level 1:colcon.colcon_core.environment:checking '/home/pi/ros2_ws/install/serial/bin'
[46.456s] Level 1:colcon.colcon_core.environment:checking '/home/pi/ros2_ws/install/serial/lib/pkgconfig/serial.pc'
[46.457s] Level 1:colcon.colcon_core.environment:checking '/home/pi/ros2_ws/install/serial/lib/python3.10/site-packages'
[46.458s] Level 1:colcon.colcon_core.environment:checking '/home/pi/ros2_ws/install/serial/bin'
[46.460s] INFO:colcon.colcon_core.shell:Creating package script '/home/pi/ros2_ws/install/serial/share/serial/package.ps1'
[46.462s] INFO:colcon.colcon_core.shell:Creating package descriptor '/home/pi/ros2_ws/install/serial/share/serial/package.dsv'
[46.464s] INFO:colcon.colcon_core.shell:Creating package script '/home/pi/ros2_ws/install/serial/share/serial/package.sh'
[46.466s] INFO:colcon.colcon_core.shell:Creating package script '/home/pi/ros2_ws/install/serial/share/serial/package.bash'
[46.468s] INFO:colcon.colcon_core.shell:Creating package script '/home/pi/ros2_ws/install/serial/share/serial/package.zsh'
[46.469s] Level 1:colcon.colcon_core.environment:create_file_with_runtime_dependencies(/home/pi/ros2_ws/install/serial/share/colcon-core/packages/serial)
[46.699s] Level 1:colcon.colcon_core.environment:create_environment_scripts_only(serial)
[46.700s] Level 1:colcon.colcon_core.environment:checking '/home/pi/ros2_ws/install/serial' for CMake module files
[46.703s] Level 1:colcon.colcon_core.environment:checking '/home/pi/ros2_ws/install/serial' for CMake config files
[46.705s] Level 1:colcon.colcon_core.shell:create_environment_hook('serial', 'cmake_prefix_path')
[46.706s] INFO:colcon.colcon_core.shell:Creating environment hook '/home/pi/ros2_ws/install/serial/share/serial/hook/cmake_prefix_path.ps1'
[46.708s] INFO:colcon.colcon_core.shell:Creating environment descriptor '/home/pi/ros2_ws/install/serial/share/serial/hook/cmake_prefix_path.dsv'
[46.710s] INFO:colcon.colcon_core.shell:Creating environment hook '/home/pi/ros2_ws/install/serial/share/serial/hook/cmake_prefix_path.sh'
[46.713s] Level 1:colcon.colcon_core.environment:checking '/home/pi/ros2_ws/install/serial/lib'
[46.713s] Level 1:colcon.colcon_core.environment:checking '/home/pi/ros2_ws/install/serial/bin'
[46.713s] Level 1:colcon.colcon_core.environment:checking '/home/pi/ros2_ws/install/serial/lib/pkgconfig/serial.pc'
[46.714s] Level 1:colcon.colcon_core.environment:checking '/home/pi/ros2_ws/install/serial/lib/python3.10/site-packages'
[46.716s] Level 1:colcon.colcon_core.environment:checking '/home/pi/ros2_ws/install/serial/bin'
[46.717s] INFO:colcon.colcon_core.shell:Creating package script '/home/pi/ros2_ws/install/serial/share/serial/package.ps1'
[46.719s] INFO:colcon.colcon_core.shell:Creating package descriptor '/home/pi/ros2_ws/install/serial/share/serial/package.dsv'
[46.722s] INFO:colcon.colcon_core.shell:Creating package script '/home/pi/ros2_ws/install/serial/share/serial/package.sh'
[46.724s] INFO:colcon.colcon_core.shell:Creating package script '/home/pi/ros2_ws/install/serial/share/serial/package.bash'
[46.727s] INFO:colcon.colcon_core.shell:Creating package script '/home/pi/ros2_ws/install/serial/share/serial/package.zsh'
[46.729s] Level 1:colcon.colcon_core.environment:create_file_with_runtime_dependencies(/home/pi/ros2_ws/install/serial/share/colcon-core/packages/serial)
[46.731s] INFO:colcon.colcon_ros.task.ament_cmake.build:Building ROS package in '/home/pi/ros2_ws/src/diffdrive_arduino' with build type 'ament_cmake'
[46.731s] INFO:colcon.colcon_cmake.task.cmake.build:Building CMake package in '/home/pi/ros2_ws/src/diffdrive_arduino'
[46.732s] INFO:colcon.colcon_core.shell:Skip shell extension 'powershell' for command environment: Not usable outside of PowerShell
[46.733s] DEBUG:colcon.colcon_core.shell:Skip shell extension 'dsv' for command environment
[46.792s] DEBUG:colcon.colcon_core.event_handler.log_command:Invoking command in '/home/pi/ros2_ws/build/diffdrive_arduino': AMENT_PREFIX_PATH=/home/pi/ros2_ws/install/serial:${AMENT_PREFIX_PATH} CMAKE_PREFIX_PATH=/home/pi/ros2_ws/install/serial:/home/pi/ros2_ws/install/articubot_one:/opt/ros/humble LD_LIBRARY_PATH=/home/pi/ros2_ws/install/serial/lib:${LD_LIBRARY_PATH} /usr/bin/cmake /home/pi/ros2_ws/src/diffdrive_arduino -DCMAKE_INSTALL_PREFIX=/home/pi/ros2_ws/install/diffdrive_arduino
[53.156s] DEBUG:colcon.colcon_core.event_handler.log_command:Invoked command in '/home/pi/ros2_ws/build/diffdrive_arduino' returned '0': AMENT_PREFIX_PATH=/home/pi/ros2_ws/install/serial:${AMENT_PREFIX_PATH} CMAKE_PREFIX_PATH=/home/pi/ros2_ws/install/serial:/home/pi/ros2_ws/install/articubot_one:/opt/ros/humble LD_LIBRARY_PATH=/home/pi/ros2_ws/install/serial/lib:${LD_LIBRARY_PATH} /usr/bin/cmake /home/pi/ros2_ws/src/diffdrive_arduino -DCMAKE_INSTALL_PREFIX=/home/pi/ros2_ws/install/diffdrive_arduino
[53.166s] DEBUG:colcon.colcon_core.event_handler.log_command:Invoking command in '/home/pi/ros2_ws/build/diffdrive_arduino': AMENT_PREFIX_PATH=/home/pi/ros2_ws/install/serial:${AMENT_PREFIX_PATH} CMAKE_PREFIX_PATH=/home/pi/ros2_ws/install/serial:/home/pi/ros2_ws/install/articubot_one:/opt/ros/humble LD_LIBRARY_PATH=/home/pi/ros2_ws/install/serial/lib:${LD_LIBRARY_PATH} /usr/bin/cmake --build /home/pi/ros2_ws/build/diffdrive_arduino -- -j4 -l4
[75.812s] DEBUG:colcon.colcon_core.event_handler.log_command:Invoked command in '/home/pi/ros2_ws/build/diffdrive_arduino' returned '0': AMENT_PREFIX_PATH=/home/pi/ros2_ws/install/serial:${AMENT_PREFIX_PATH} CMAKE_PREFIX_PATH=/home/pi/ros2_ws/install/serial:/home/pi/ros2_ws/install/articubot_one:/opt/ros/humble LD_LIBRARY_PATH=/home/pi/ros2_ws/install/serial/lib:${LD_LIBRARY_PATH} /usr/bin/cmake --build /home/pi/ros2_ws/build/diffdrive_arduino -- -j4 -l4
[76.044s] DEBUG:colcon.colcon_core.event_handler.log_command:Invoking command in '/home/pi/ros2_ws/build/diffdrive_arduino': AMENT_PREFIX_PATH=/home/pi/ros2_ws/install/serial:${AMENT_PREFIX_PATH} CMAKE_PREFIX_PATH=/home/pi/ros2_ws/install/serial:/home/pi/ros2_ws/install/articubot_one:/opt/ros/humble LD_LIBRARY_PATH=/home/pi/ros2_ws/install/serial/lib:${LD_LIBRARY_PATH} /usr/bin/cmake --install /home/pi/ros2_ws/build/diffdrive_arduino
[76.129s] Level 1:colcon.colcon_core.environment:create_environment_scripts_only(diffdrive_arduino)
[76.130s] Level 1:colcon.colcon_core.environment:checking '/home/pi/ros2_ws/install/diffdrive_arduino' for CMake module files
[76.132s] DEBUG:colcon.colcon_core.event_handler.log_command:Invoked command in '/home/pi/ros2_ws/build/diffdrive_arduino' returned '0': AMENT_PREFIX_PATH=/home/pi/ros2_ws/install/serial:${AMENT_PREFIX_PATH} CMAKE_PREFIX_PATH=/home/pi/ros2_ws/install/serial:/home/pi/ros2_ws/install/articubot_one:/opt/ros/humble LD_LIBRARY_PATH=/home/pi/ros2_ws/install/serial/lib:${LD_LIBRARY_PATH} /usr/bin/cmake --install /home/pi/ros2_ws/build/diffdrive_arduino
[76.135s] Level 1:colcon.colcon_core.environment:checking '/home/pi/ros2_ws/install/diffdrive_arduino' for CMake config files
[76.137s] Level 1:colcon.colcon_core.shell:create_environment_hook('diffdrive_arduino', 'cmake_prefix_path')
[76.138s] INFO:colcon.colcon_core.shell:Creating environment hook '/home/pi/ros2_ws/install/diffdrive_arduino/share/diffdrive_arduino/hook/cmake_prefix_path.ps1'
[76.140s] INFO:colcon.colcon_core.shell:Creating environment descriptor '/home/pi/ros2_ws/install/diffdrive_arduino/share/diffdrive_arduino/hook/cmake_prefix_path.dsv'
[76.142s] INFO:colcon.colcon_core.shell:Creating environment hook '/home/pi/ros2_ws/install/diffdrive_arduino/share/diffdrive_arduino/hook/cmake_prefix_path.sh'
[76.146s] Level 1:colcon.colcon_core.environment:checking '/home/pi/ros2_ws/install/diffdrive_arduino/lib'
[76.147s] Level 1:colcon.colcon_core.shell:create_environment_hook('diffdrive_arduino', 'ld_library_path_lib')
[76.148s] INFO:colcon.colcon_core.shell:Creating environment hook '/home/pi/ros2_ws/install/diffdrive_arduino/share/diffdrive_arduino/hook/ld_library_path_lib.ps1'
[76.150s] INFO:colcon.colcon_core.shell:Creating environment descriptor '/home/pi/ros2_ws/install/diffdrive_arduino/share/diffdrive_arduino/hook/ld_library_path_lib.dsv'
[76.152s] INFO:colcon.colcon_core.shell:Creating environment hook '/home/pi/ros2_ws/install/diffdrive_arduino/share/diffdrive_arduino/hook/ld_library_path_lib.sh'
[76.154s] Level 1:colcon.colcon_core.environment:checking '/home/pi/ros2_ws/install/diffdrive_arduino/bin'
[76.154s] Level 1:colcon.colcon_core.environment:checking '/home/pi/ros2_ws/install/diffdrive_arduino/lib/pkgconfig/diffdrive_arduino.pc'
[76.156s] Level 1:colcon.colcon_core.environment:checking '/home/pi/ros2_ws/install/diffdrive_arduino/lib/python3.10/site-packages'
[76.157s] Level 1:colcon.colcon_core.environment:checking '/home/pi/ros2_ws/install/diffdrive_arduino/bin'
[76.158s] INFO:colcon.colcon_core.shell:Creating package script '/home/pi/ros2_ws/install/diffdrive_arduino/share/diffdrive_arduino/package.ps1'
[76.161s] INFO:colcon.colcon_core.shell:Creating package descriptor '/home/pi/ros2_ws/install/diffdrive_arduino/share/diffdrive_arduino/package.dsv'
[76.163s] INFO:colcon.colcon_core.shell:Creating package script '/home/pi/ros2_ws/install/diffdrive_arduino/share/diffdrive_arduino/package.sh'
[76.166s] INFO:colcon.colcon_core.shell:Creating package script '/home/pi/ros2_ws/install/diffdrive_arduino/share/diffdrive_arduino/package.bash'
[76.168s] INFO:colcon.colcon_core.shell:Creating package script '/home/pi/ros2_ws/install/diffdrive_arduino/share/diffdrive_arduino/package.zsh'
[76.170s] Level 1:colcon.colcon_core.environment:create_file_with_runtime_dependencies(/home/pi/ros2_ws/install/diffdrive_arduino/share/colcon-core/packages/diffdrive_arduino)
[76.372s] Level 1:colcon.colcon_core.environment:create_environment_scripts_only(diffdrive_arduino)
[76.373s] Level 1:colcon.colcon_core.environment:checking '/home/pi/ros2_ws/install/diffdrive_arduino' for CMake module files
[76.377s] Level 1:colcon.colcon_core.environment:checking '/home/pi/ros2_ws/install/diffdrive_arduino' for CMake config files
[76.378s] Level 1:colcon.colcon_core.shell:create_environment_hook('diffdrive_arduino', 'cmake_prefix_path')
[76.380s] INFO:colcon.colcon_core.shell:Creating environment hook '/home/pi/ros2_ws/install/diffdrive_arduino/share/diffdrive_arduino/hook/cmake_prefix_path.ps1'
[76.382s] INFO:colcon.colcon_core.shell:Creating environment descriptor '/home/pi/ros2_ws/install/diffdrive_arduino/share/diffdrive_arduino/hook/cmake_prefix_path.dsv'
[76.385s] INFO:colcon.colcon_core.shell:Creating environment hook '/home/pi/ros2_ws/install/diffdrive_arduino/share/diffdrive_arduino/hook/cmake_prefix_path.sh'
[76.388s] Level 1:colcon.colcon_core.environment:checking '/home/pi/ros2_ws/install/diffdrive_arduino/lib'
[76.389s] Level 1:colcon.colcon_core.shell:create_environment_hook('diffdrive_arduino', 'ld_library_path_lib')
[76.390s] INFO:colcon.colcon_core.shell:Creating environment hook '/home/pi/ros2_ws/install/diffdrive_arduino/share/diffdrive_arduino/hook/ld_library_path_lib.ps1'
[76.393s] INFO:colcon.colcon_core.shell:Creating environment descriptor '/home/pi/ros2_ws/install/diffdrive_arduino/share/diffdrive_arduino/hook/ld_library_path_lib.dsv'
[76.395s] INFO:colcon.colcon_core.shell:Creating environment hook '/home/pi/ros2_ws/install/diffdrive_arduino/share/diffdrive_arduino/hook/ld_library_path_lib.sh'
[76.397s] Level 1:colcon.colcon_core.environment:checking '/home/pi/ros2_ws/install/diffdrive_arduino/bin'
[76.398s] Level 1:colcon.colcon_core.environment:checking '/home/pi/ros2_ws/install/diffdrive_arduino/lib/pkgconfig/diffdrive_arduino.pc'
[76.399s] Level 1:colcon.colcon_core.environment:checking '/home/pi/ros2_ws/install/diffdrive_arduino/lib/python3.10/site-packages'
[76.400s] Level 1:colcon.colcon_core.environment:checking '/home/pi/ros2_ws/install/diffdrive_arduino/bin'
[76.401s] INFO:colcon.colcon_core.shell:Creating package script '/home/pi/ros2_ws/install/diffdrive_arduino/share/diffdrive_arduino/package.ps1'
[76.404s] INFO:colcon.colcon_core.shell:Creating package descriptor '/home/pi/ros2_ws/install/diffdrive_arduino/share/diffdrive_arduino/package.dsv'
[76.407s] INFO:colcon.colcon_core.shell:Creating package script '/home/pi/ros2_ws/install/diffdrive_arduino/share/diffdrive_arduino/package.sh'
[76.409s] INFO:colcon.colcon_core.shell:Creating package script '/home/pi/ros2_ws/install/diffdrive_arduino/share/diffdrive_arduino/package.bash'
[76.412s] INFO:colcon.colcon_core.shell:Creating package script '/home/pi/ros2_ws/install/diffdrive_arduino/share/diffdrive_arduino/package.zsh'
[76.414s] Level 1:colcon.colcon_core.environment:create_file_with_runtime_dependencies(/home/pi/ros2_ws/install/diffdrive_arduino/share/colcon-core/packages/diffdrive_arduino)
[76.416s] DEBUG:colcon.colcon_parallel_executor.executor.parallel:closing loop
[76.417s] DEBUG:colcon.colcon_parallel_executor.executor.parallel:loop closed
[76.417s] DEBUG:colcon.colcon_parallel_executor.executor.parallel:run_until_complete finished with '0'
[76.418s] DEBUG:colcon.colcon_core.event_reactor:joining thread
[76.446s] INFO:colcon.colcon_core.plugin_system:Skipping extension 'colcon_notification.desktop_notification.notify_send': Could not find 'notify-send'
[76.447s] INFO:colcon.colcon_core.plugin_system:Skipping extension 'colcon_notification.desktop_notification.terminal_notifier': Not used on non-Darwin systems
[76.447s] INFO:colcon.colcon_core.plugin_system:Skipping extension 'colcon_notification.desktop_notification.win32': Not used on non-Windows systems
[76.448s] INFO:colcon.colcon_notification.desktop_notification:Sending desktop notification using 'notify2'
[76.460s] DEBUG:colcon.colcon_notification.desktop_notification.notify2:Failed to initialize notify2: org.freedesktop.DBus.Error.ServiceUnknown: The name org.freedesktop.Notifications was not provided by any .service files
[76.461s] DEBUG:colcon.colcon_core.event_reactor:joined thread
[76.463s] INFO:colcon.colcon_core.shell:Creating prefix script '/home/pi/ros2_ws/install/local_setup.ps1'
[76.468s] INFO:colcon.colcon_core.shell:Creating prefix util module '/home/pi/ros2_ws/install/_local_setup_util_ps1.py'
[76.480s] INFO:colcon.colcon_core.shell:Creating prefix chain script '/home/pi/ros2_ws/install/setup.ps1'
[76.486s] INFO:colcon.colcon_core.shell:Creating prefix script '/home/pi/ros2_ws/install/local_setup.sh'
[76.490s] INFO:colcon.colcon_core.shell:Creating prefix util module '/home/pi/ros2_ws/install/_local_setup_util_sh.py'
[76.493s] INFO:colcon.colcon_core.shell:Creating prefix chain script '/home/pi/ros2_ws/install/setup.sh'
[76.499s] INFO:colcon.colcon_core.shell:Creating prefix script '/home/pi/ros2_ws/install/local_setup.bash'
[76.502s] INFO:colcon.colcon_core.shell:Creating prefix chain script '/home/pi/ros2_ws/install/setup.bash'
[76.508s] INFO:colcon.colcon_core.shell:Creating prefix script '/home/pi/ros2_ws/install/local_setup.zsh'
[76.511s] INFO:colcon.colcon_core.shell:Creating prefix chain script '/home/pi/ros2_ws/install/setup.zsh'
