[0.096s] Invoking command in '/home/pi/ros2_ws/build/serial': CMAKE_PREFIX_PATH=${CMAKE_PREFIX_PATH}:/opt/ros/humble /usr/bin/cmake /home/pi/ros2_ws/src/serial -DCMAKE_INSTALL_PREFIX=/home/pi/ros2_ws/install/serial
[0.430s] -- The C compiler identification is GNU 11.4.0
[0.958s] -- The CXX compiler identification is GNU 11.4.0
[1.009s] -- Detecting C compiler ABI info
[1.569s] -- Detecting C compiler ABI info - done
[1.605s] -- Check for working C compiler: /usr/bin/cc - skipped
[1.606s] -- Detecting C compile features
[1.608s] -- Detecting C compile features - done
[1.628s] -- Detecting CXX compiler ABI info
[2.089s] -- Detecting CXX compiler ABI info - done
[2.125s] -- Check for working CXX compiler: /usr/bin/c++ - skipped
[2.127s] -- Detecting CXX compile features
[2.130s] -- Detecting CXX compile features - done
[2.168s] -- Found ament_cmake: 1.3.10 (/opt/ros/humble/share/ament_cmake/cmake)
[3.472s] -- Found Python3: /usr/bin/python3 (found version "3.10.12") found components: Interpreter 
[4.569s] -- Found ament_cmake_gtest: 1.3.10 (/opt/ros/humble/share/ament_cmake_gtest/cmake)
[4.714s] -- Found Boost: /usr/lib/aarch64-linux-gnu/cmake/Boost-1.74.0/BoostConfig.cmake (found version "1.74.0")  
[4.781s] -- Found gtest sources under '/opt/ros/humble/src/gtest_vendor': C++ tests using 'Google Test' will be built
[4.810s] -- Looking for pthread.h
[5.441s] -- Looking for pthread.h - found
[5.444s] -- Performing Test CMAKE_HAVE_LIBC_PTHREAD
[5.973s] -- Performing Test CMAKE_HAVE_LIBC_PTHREAD - Success
[5.981s] -- Found Threads: TRUE  
[6.537s] -- Configuring done
[6.639s] -- Generating done
[6.654s] -- Build files have been written to: /home/pi/ros2_ws/build/serial
[6.707s] Invoked command in '/home/pi/ros2_ws/build/serial' returned '0': CMAKE_PREFIX_PATH=${CMAKE_PREFIX_PATH}:/opt/ros/humble /usr/bin/cmake /home/pi/ros2_ws/src/serial -DCMAKE_INSTALL_PREFIX=/home/pi/ros2_ws/install/serial
[6.709s] Invoking command in '/home/pi/ros2_ws/build/serial': CMAKE_PREFIX_PATH=${CMAKE_PREFIX_PATH}:/opt/ros/humble /usr/bin/cmake --build /home/pi/ros2_ws/build/serial -- -j4 -l4
[7.227s] [  7%] [32mBuilding CXX object CMakeFiles/serial.dir/src/impl/unix.cc.o[0m
[7.235s] [ 14%] [32mBuilding CXX object gtest/CMakeFiles/gtest_main.dir/src/gtest_main.cc.o[0m
[7.256s] [ 21%] [32mBuilding CXX object CMakeFiles/serial.dir/src/serial.cc.o[0m
[7.278s] [ 28%] [32mBuilding CXX object gtest/CMakeFiles/gtest.dir/src/gtest-all.cc.o[0m
[12.469s] [ 35%] [32mBuilding CXX object CMakeFiles/serial.dir/src/impl/list_ports/list_ports_linux.cc.o[0m
[19.723s] [ 42%] [32m[1mLinking CXX static library libserial.a[0m
[20.272s] [ 42%] Built target serial
[20.547s] [ 50%] [32mBuilding CXX object CMakeFiles/serial_example.dir/examples/serial_example.cc.o[0m
[23.094s] [ 57%] [32m[1mLinking CXX static library libgtest_main.a[0m
[23.535s] [ 57%] Built target gtest_main
[24.564s] [ 64%] [32m[1mLinking CXX executable serial_example[0m
[24.974s] [ 64%] Built target serial_example
[35.050s] [ 71%] [32m[1mLinking CXX static library libgtest.a[0m
[35.392s] [ 71%] Built target gtest
[35.493s] [ 78%] [32mBuilding CXX object tests/CMakeFiles/serial-test.dir/unix_serial_tests.cc.o[0m
[35.500s] [ 85%] [32mBuilding CXX object tests/CMakeFiles/serial-test-timer.dir/unit/unix_timer_tests.cc.o[0m
[42.360s] In file included from [01m[K/usr/include/boost/bind.hpp:30[m[K,
[42.360s]                  from [01m[K/home/pi/ros2_ws/src/serial/tests/unix_serial_tests.cc:23[m[K:
[42.361s] [01m[K/usr/include/boost/bind.hpp:36:1:[m[K [01;36m[Knote: [m[K‘[01m[K#pragma message: The practice of declaring the Bind placeholders (_1, _2, ...) in the global namespace is deprecated. Please use <boost/bind/bind.hpp> + using namespace boost::placeholders, or define BOOST_BIND_GLOBAL_PLACEHOLDERS to retain the current behavior.[m[K’
[42.362s]    36 | [01;36m[KBOOST_PRAGMA_MESSAGE[m[K(
[42.362s]       | [01;36m[K^~~~~~~~~~~~~~~~~~~~[m[K
[42.582s] [ 92%] [32m[1mLinking CXX executable serial-test-timer[0m
[43.207s] [ 92%] Built target serial-test-timer
[43.452s] [100%] [32m[1mLinking CXX executable serial-test[0m
[44.062s] [100%] Built target serial-test
[44.107s] Invoked command in '/home/pi/ros2_ws/build/serial' returned '0': CMAKE_PREFIX_PATH=${CMAKE_PREFIX_PATH}:/opt/ros/humble /usr/bin/cmake --build /home/pi/ros2_ws/build/serial -- -j4 -l4
[44.341s] Invoking command in '/home/pi/ros2_ws/build/serial': CMAKE_PREFIX_PATH=${CMAKE_PREFIX_PATH}:/opt/ros/humble /usr/bin/cmake --install /home/pi/ros2_ws/build/serial
[44.370s] -- Install configuration: ""
[44.371s] -- Installing: /home/pi/ros2_ws/install/serial/lib/libserial.a
[44.376s] -- Installing: /home/pi/ros2_ws/install/serial/include/serial/serial.h
[44.377s] -- Installing: /home/pi/ros2_ws/install/serial/include/serial/v8stdint.h
[44.378s] -- Installing: /home/pi/ros2_ws/install/serial/share/serial/environment/library_path.sh
[44.380s] -- Installing: /home/pi/ros2_ws/install/serial/share/serial/environment/library_path.dsv
[44.381s] -- Installing: /home/pi/ros2_ws/install/serial/share/ament_index/resource_index/package_run_dependencies/serial
[44.383s] -- Installing: /home/pi/ros2_ws/install/serial/share/ament_index/resource_index/parent_prefix_path/serial
[44.384s] -- Installing: /home/pi/ros2_ws/install/serial/share/serial/environment/ament_prefix_path.sh
[44.385s] -- Installing: /home/pi/ros2_ws/install/serial/share/serial/environment/ament_prefix_path.dsv
[44.387s] -- Installing: /home/pi/ros2_ws/install/serial/share/serial/environment/path.sh
[44.388s] -- Installing: /home/pi/ros2_ws/install/serial/share/serial/environment/path.dsv
[44.389s] -- Installing: /home/pi/ros2_ws/install/serial/share/serial/local_setup.bash
[44.390s] -- Installing: /home/pi/ros2_ws/install/serial/share/serial/local_setup.sh
[44.391s] -- Installing: /home/pi/ros2_ws/install/serial/share/serial/local_setup.zsh
[44.392s] -- Installing: /home/pi/ros2_ws/install/serial/share/serial/local_setup.dsv
[44.393s] -- Installing: /home/pi/ros2_ws/install/serial/share/serial/package.dsv
[44.395s] -- Installing: /home/pi/ros2_ws/install/serial/share/ament_index/resource_index/packages/serial
[44.396s] -- Installing: /home/pi/ros2_ws/install/serial/share/serial/cmake/ament_cmake_export_include_directories-extras.cmake
[44.398s] -- Installing: /home/pi/ros2_ws/install/serial/share/serial/cmake/ament_cmake_export_libraries-extras.cmake
[44.399s] -- Installing: /home/pi/ros2_ws/install/serial/share/serial/cmake/serialConfig.cmake
[44.400s] -- Installing: /home/pi/ros2_ws/install/serial/share/serial/cmake/serialConfig-version.cmake
[44.401s] -- Installing: /home/pi/ros2_ws/install/serial/share/serial/package.xml
[44.410s] Invoked command in '/home/pi/ros2_ws/build/serial' returned '0': CMAKE_PREFIX_PATH=${CMAKE_PREFIX_PATH}:/opt/ros/humble /usr/bin/cmake --install /home/pi/ros2_ws/build/serial
