[0.125s] Invoking command in '/home/pi/ros2_ws/build/serial': CMAKE_PREFIX_PATH=${CMAKE_PREFIX_PATH}:/home/pi/ros2_ws/install/serial_motor_demo:/opt/ros/humble /usr/bin/cmake --build /home/pi/ros2_ws/build/serial -- -j4 -l4
[0.749s] [ 28%] Built target serial
[0.775s] [ 42%] Built target gtest_main
[0.799s] [ 57%] Built target gtest
[0.919s] [ 71%] Built target serial_example
[0.983s] [ 85%] Built target serial-test-timer
[1.012s] [100%] Built target serial-test
[1.106s] Invoked command in '/home/pi/ros2_ws/build/serial' returned '0': CMAKE_PREFIX_PATH=${CMAKE_PREFIX_PATH}:/home/pi/ros2_ws/install/serial_motor_demo:/opt/ros/humble /usr/bin/cmake --build /home/pi/ros2_ws/build/serial -- -j4 -l4
[1.366s] Invoking command in '/home/pi/ros2_ws/build/serial': CMAKE_PREFIX_PATH=${CMAKE_PREFIX_PATH}:/home/pi/ros2_ws/install/serial_motor_demo:/opt/ros/humble /usr/bin/cmake --install /home/pi/ros2_ws/build/serial
[1.405s] -- Install configuration: ""
[1.407s] -- Up-to-date: /home/pi/ros2_ws/install/serial/lib/libserial.a
[1.408s] -- Up-to-date: /home/pi/ros2_ws/install/serial/include/serial/serial.h
[1.409s] -- Up-to-date: /home/pi/ros2_ws/install/serial/include/serial/v8stdint.h
[1.410s] -- Up-to-date: /home/pi/ros2_ws/install/serial/share/serial/environment/library_path.sh
[1.412s] -- Up-to-date: /home/pi/ros2_ws/install/serial/share/serial/environment/library_path.dsv
[1.413s] -- Up-to-date: /home/pi/ros2_ws/install/serial/share/ament_index/resource_index/package_run_dependencies/serial
[1.414s] -- Up-to-date: /home/pi/ros2_ws/install/serial/share/ament_index/resource_index/parent_prefix_path/serial
[1.415s] -- Up-to-date: /home/pi/ros2_ws/install/serial/share/serial/environment/ament_prefix_path.sh
[1.416s] -- Up-to-date: /home/pi/ros2_ws/install/serial/share/serial/environment/ament_prefix_path.dsv
[1.417s] -- Up-to-date: /home/pi/ros2_ws/install/serial/share/serial/environment/path.sh
[1.417s] -- Up-to-date: /home/pi/ros2_ws/install/serial/share/serial/environment/path.dsv
[1.418s] -- Up-to-date: /home/pi/ros2_ws/install/serial/share/serial/local_setup.bash
[1.418s] -- Up-to-date: /home/pi/ros2_ws/install/serial/share/serial/local_setup.sh
[1.419s] -- Up-to-date: /home/pi/ros2_ws/install/serial/share/serial/local_setup.zsh
[1.420s] -- Up-to-date: /home/pi/ros2_ws/install/serial/share/serial/local_setup.dsv
[1.420s] -- Installing: /home/pi/ros2_ws/install/serial/share/serial/package.dsv
[1.421s] -- Up-to-date: /home/pi/ros2_ws/install/serial/share/ament_index/resource_index/packages/serial
[1.422s] -- Up-to-date: /home/pi/ros2_ws/install/serial/share/serial/cmake/ament_cmake_export_include_directories-extras.cmake
[1.422s] -- Up-to-date: /home/pi/ros2_ws/install/serial/share/serial/cmake/ament_cmake_export_libraries-extras.cmake
[1.423s] -- Up-to-date: /home/pi/ros2_ws/install/serial/share/serial/cmake/serialConfig.cmake
[1.424s] -- Up-to-date: /home/pi/ros2_ws/install/serial/share/serial/cmake/serialConfig-version.cmake
[1.424s] -- Up-to-date: /home/pi/ros2_ws/install/serial/share/serial/package.xml
[1.435s] Invoked command in '/home/pi/ros2_ws/build/serial' returned '0': CMAKE_PREFIX_PATH=${CMAKE_PREFIX_PATH}:/home/pi/ros2_ws/install/serial_motor_demo:/opt/ros/humble /usr/bin/cmake --install /home/pi/ros2_ws/build/serial
