[0.043s] Invoking command in '/home/pi/ros2_ws/build/articubot_one': CMAKE_PREFIX_PATH=/opt/ros/humble /usr/bin/cmake /home/pi/ros2_ws/src/articubot_one -DCMAKE_INSTALL_PREFIX=/home/pi/ros2_ws/install/articubot_one
[1.126s] -- The C compiler identification is GNU 11.4.0
[1.884s] -- The CXX compiler identification is GNU 11.4.0
[1.930s] -- Detecting C compiler ABI info
[2.320s] -- Detecting C compiler ABI info - done
[2.349s] -- Check for working C compiler: /usr/bin/cc - skipped
[2.351s] -- Detecting C compile features
[2.354s] -- Detecting C compile features - done
[2.370s] -- Detecting CXX compiler ABI info
[2.762s] -- Detecting CXX compiler ABI info - done
[2.794s] -- Check for working CXX compiler: /usr/bin/c++ - skipped
[2.795s] -- Detecting CXX compile features
[2.797s] -- Detecting CXX compile features - done
[2.827s] -- Found ament_cmake: 1.3.10 (/opt/ros/humble/share/ament_cmake/cmake)
[3.628s] -- Found Python3: /usr/bin/python3 (found version "3.10.12") found components: Interpreter 
[4.319s] -- Found ament_lint_auto: 0.12.11 (/opt/ros/humble/share/ament_lint_auto/cmake)
[4.809s] -- Added test 'copyright' to check source files copyright and LICENSE
[4.912s] -- Added test 'flake8' to check Python code syntax and style conventions
[4.926s] -- Added test 'lint_cmake' to check CMake code style
[4.934s] -- Added test 'pep257' to check Python code against some of the docstring style conventions in PEP 257
[4.989s] -- Added test 'xmllint' to check XML markup files
[4.996s] -- Configuring done
[5.020s] -- Generating done
[5.025s] -- Build files have been written to: /home/pi/ros2_ws/build/articubot_one
[5.041s] Invoked command in '/home/pi/ros2_ws/build/articubot_one' returned '0': CMAKE_PREFIX_PATH=/opt/ros/humble /usr/bin/cmake /home/pi/ros2_ws/src/articubot_one -DCMAKE_INSTALL_PREFIX=/home/pi/ros2_ws/install/articubot_one
[5.053s] Invoking command in '/home/pi/ros2_ws/build/articubot_one': CMAKE_PREFIX_PATH=/opt/ros/humble /usr/bin/cmake --build /home/pi/ros2_ws/build/articubot_one -- -j4 -l4
[5.214s] Invoked command in '/home/pi/ros2_ws/build/articubot_one' returned '0': CMAKE_PREFIX_PATH=/opt/ros/humble /usr/bin/cmake --build /home/pi/ros2_ws/build/articubot_one -- -j4 -l4
[5.380s] Invoking command in '/home/pi/ros2_ws/build/articubot_one': CMAKE_PREFIX_PATH=/opt/ros/humble /usr/bin/cmake --install /home/pi/ros2_ws/build/articubot_one
[5.410s] -- Install configuration: ""
[5.410s] -- Installing: /home/pi/ros2_ws/install/articubot_one/share/articubot_one/config
[5.411s] -- Installing: /home/pi/ros2_ws/install/articubot_one/share/articubot_one/config/gazebo_params.yaml
[5.413s] -- Installing: /home/pi/ros2_ws/install/articubot_one/share/articubot_one/config/gaz_ros2_ctl_use_sim.yaml
[5.414s] -- Installing: /home/pi/ros2_ws/install/articubot_one/share/articubot_one/config/mapper_params_online_async.yaml
[5.415s] -- Installing: /home/pi/ros2_ws/install/articubot_one/share/articubot_one/config/view_bot.rviz
[5.416s] -- Installing: /home/pi/ros2_ws/install/articubot_one/share/articubot_one/config/joystick.yaml
[5.417s] -- Installing: /home/pi/ros2_ws/install/articubot_one/share/articubot_one/config/twist_mux.yaml
[5.418s] -- Installing: /home/pi/ros2_ws/install/articubot_one/share/articubot_one/config/nav2_params.yaml
[5.419s] -- Installing: /home/pi/ros2_ws/install/articubot_one/share/articubot_one/config/main.rviz
[5.420s] -- Installing: /home/pi/ros2_ws/install/articubot_one/share/articubot_one/config/my_controllers.yaml
[5.421s] -- Installing: /home/pi/ros2_ws/install/articubot_one/share/articubot_one/config/ball_tracker_params_robot.yaml
[5.422s] -- Installing: /home/pi/ros2_ws/install/articubot_one/share/articubot_one/config/map.rviz
[5.423s] -- Installing: /home/pi/ros2_ws/install/articubot_one/share/articubot_one/config/empty.yaml
[5.424s] -- Installing: /home/pi/ros2_ws/install/articubot_one/share/articubot_one/config/ball_tracker_params_sim.yaml
[5.425s] -- Installing: /home/pi/ros2_ws/install/articubot_one/share/articubot_one/config/drive_bot.rviz
[5.426s] -- Installing: /home/pi/ros2_ws/install/articubot_one/share/articubot_one/description
[5.427s] -- Installing: /home/pi/ros2_ws/install/articubot_one/share/articubot_one/description/inertial_macros.xacro
[5.428s] -- Installing: /home/pi/ros2_ws/install/articubot_one/share/articubot_one/description/depth_camera.xacro
[5.429s] -- Installing: /home/pi/ros2_ws/install/articubot_one/share/articubot_one/description/camera.xacro
[5.430s] -- Installing: /home/pi/ros2_ws/install/articubot_one/share/articubot_one/description/face.xacro
[5.431s] -- Installing: /home/pi/ros2_ws/install/articubot_one/share/articubot_one/description/ros2_control.xacro
[5.432s] -- Installing: /home/pi/ros2_ws/install/articubot_one/share/articubot_one/description/robot.urdf.xacro
[5.433s] -- Installing: /home/pi/ros2_ws/install/articubot_one/share/articubot_one/description/lidar.xacro
[5.434s] -- Installing: /home/pi/ros2_ws/install/articubot_one/share/articubot_one/description/robot_core.xacro
[5.435s] -- Installing: /home/pi/ros2_ws/install/articubot_one/share/articubot_one/description/gazebo_control.xacro
[5.436s] -- Installing: /home/pi/ros2_ws/install/articubot_one/share/articubot_one/launch
[5.438s] -- Installing: /home/pi/ros2_ws/install/articubot_one/share/articubot_one/launch/joystick.launch.py
[5.438s] -- Installing: /home/pi/ros2_ws/install/articubot_one/share/articubot_one/launch/rsp.launch.py
[5.439s] -- Installing: /home/pi/ros2_ws/install/articubot_one/share/articubot_one/launch/launch_robot.launch.py
[5.440s] -- Installing: /home/pi/ros2_ws/install/articubot_one/share/articubot_one/launch/localization_launch.py
[5.441s] -- Installing: /home/pi/ros2_ws/install/articubot_one/share/articubot_one/launch/ball_tracker.launch.py
[5.443s] -- Installing: /home/pi/ros2_ws/install/articubot_one/share/articubot_one/launch/launch_sim.launch.py
[5.444s] -- Installing: /home/pi/ros2_ws/install/articubot_one/share/articubot_one/launch/online_async_launch.py
[5.445s] -- Installing: /home/pi/ros2_ws/install/articubot_one/share/articubot_one/launch/navigation_launch.py
[5.446s] -- Installing: /home/pi/ros2_ws/install/articubot_one/share/articubot_one/launch/camera.launch.py
[5.447s] -- Installing: /home/pi/ros2_ws/install/articubot_one/share/articubot_one/launch/rplidar.launch.py
[5.448s] -- Installing: /home/pi/ros2_ws/install/articubot_one/share/articubot_one/worlds
[5.448s] -- Installing: /home/pi/ros2_ws/install/articubot_one/share/articubot_one/worlds/obstacles.world
[5.450s] -- Installing: /home/pi/ros2_ws/install/articubot_one/share/articubot_one/worlds/empty.world
[5.452s] -- Installing: /home/pi/ros2_ws/install/articubot_one/share/ament_index/resource_index/package_run_dependencies/articubot_one
[5.453s] -- Installing: /home/pi/ros2_ws/install/articubot_one/share/ament_index/resource_index/parent_prefix_path/articubot_one
[5.455s] -- Installing: /home/pi/ros2_ws/install/articubot_one/share/articubot_one/environment/ament_prefix_path.sh
[5.456s] -- Installing: /home/pi/ros2_ws/install/articubot_one/share/articubot_one/environment/ament_prefix_path.dsv
[5.458s] -- Installing: /home/pi/ros2_ws/install/articubot_one/share/articubot_one/environment/path.sh
[5.459s] -- Installing: /home/pi/ros2_ws/install/articubot_one/share/articubot_one/environment/path.dsv
[5.460s] -- Installing: /home/pi/ros2_ws/install/articubot_one/share/articubot_one/local_setup.bash
[5.461s] -- Installing: /home/pi/ros2_ws/install/articubot_one/share/articubot_one/local_setup.sh
[5.463s] -- Installing: /home/pi/ros2_ws/install/articubot_one/share/articubot_one/local_setup.zsh
[5.464s] -- Installing: /home/pi/ros2_ws/install/articubot_one/share/articubot_one/local_setup.dsv
[5.465s] -- Installing: /home/pi/ros2_ws/install/articubot_one/share/articubot_one/package.dsv
[5.467s] -- Installing: /home/pi/ros2_ws/install/articubot_one/share/ament_index/resource_index/packages/articubot_one
[5.468s] -- Installing: /home/pi/ros2_ws/install/articubot_one/share/articubot_one/cmake/articubot_oneConfig.cmake
[5.469s] -- Installing: /home/pi/ros2_ws/install/articubot_one/share/articubot_one/cmake/articubot_oneConfig-version.cmake
[5.471s] -- Installing: /home/pi/ros2_ws/install/articubot_one/share/articubot_one/package.xml
[5.478s] Invoked command in '/home/pi/ros2_ws/build/articubot_one' returned '0': CMAKE_PREFIX_PATH=/opt/ros/humble /usr/bin/cmake --install /home/pi/ros2_ws/build/articubot_one
